#
# A fatal error has been detected by the Java Runtime Environment:
#
#  SIGSEGV (0xb) at pc=0x00007f53a9034aad, pid=25412, tid=0x00007f534b9fb700
#
# JRE version: OpenJDK Runtime Environment (8.0_92-b14) (build 1.8.0_92-b14)
# Java VM: OpenJDK 64-Bit Server VM (25.92-b14 mixed mode linux-amd64 compressed oops)
# Problematic frame:
# V  [libjvm.so+0x677aad]
#
# Core dump written. Default location: /home/tenshou/NetBeansProjects/latenciaMemoria/simulador de latencia/core or core.25412
#
# If you would like to submit a bug report, please visit:
#   http://bugreport.java.com/bugreport/crash.jsp
#

---------------  T H R E A D  ---------------

Current thread (0x00007f53a436a800):  JavaThread "JavaFX Application Thread" [_thread_in_vm, id=25433, stack(0x00007f534b8fb000,0x00007f534b9fc000)]

siginfo: si_signo: 11 (SIGSEGV), si_code: 128 (SI_KERNEL), si_addr: 0x0000000000000000

Registers:
RAX=0x0000000000000000, RBX=0x00007f53a436a800, RCX=0x00007f53a42b7b98, RDX=0x2f6b646a6e65706f
RSP=0x00007f534b9f6fb0, RBP=0x00007f534b9f7130, RSI=0x00007f534b9f7150, RDI=0x00007f53a436a9e0
R8 =0x00007f534b9f7180, R9 =0x00007f53a436a800, R10=0x00007f533c20e570, R11=0x00007f539517dac0
R12=0x00007f53a436a9e0, R13=0x00007f53a436a800, R14=0x2f6b646a6e65706f, R15=0x00007f534b9f7218
RIP=0x00007f53a9034aad, EFLAGS=0x0000000000010206, CSGSFS=0xede4000000000033, ERR=0x0000000000000000
  TRAPNO=0x000000000000000d

Top of Stack: (sp=0x00007f534b9f6fb0)
0x00007f534b9f6fb0:   00007f53a436a800 00007f53a436a800
0x00007f534b9f6fc0:   00007f534b9f6ff0 00007f530000000a
0x00007f534b9f6fd0:   00007f530000000e 00007f53a436a9e0
0x00007f534b9f6fe0:   00007f534b9f6ff0 00007f534b9f7150
0x00007f534b9f6ff0:   00007f538dce3cf8 00007f53a436a800
0x00007f534b9f7000:   00007f538dce3cf8 00007f53a436a800
0x00007f534b9f7010:   00007f53a436a390 00007f5360000a30
0x00007f534b9f7020:   00007f5360000ab0 00007f5360000e18
0x00007f534b9f7030:   00000000000003d8 00007f533c20e4e0
0x00007f534b9f7040:   00007f538dce3cf8 00007f53a436a800
0x00007f534b9f7050:   000000004b9f7610 00007f5394bfd728
0x00007f534b9f7060:   0000000000000000 00007f534b9f7260
0x00007f534b9f7070:   00007f538dce3cf8 00007f53a436a800
0x00007f534b9f7080:   0000000000000000 00000000c3e74130
0x00007f534b9f7090:   00007f530000006f 00007f530000000a
0x00007f534b9f70a0:   00000000ebe34620 00007f5300000000
0x00007f534b9f70b0:   00007f534b9f7240 00007f53a9034db1
0x00007f534b9f70c0:   00007f53a42e1020 0000000100000157
0x00007f534b9f70d0:   00000000575077e5 00007f534b9f7088
0x00007f534b9f70e0:   00007f534b9f70c9 0000000800000005
0x00007f534b9f70f0:   00007f534b9f7100 ede4c18ec4983e00
0x00007f534b9f7100:   00007f538dcd8140 00007f53a436a800
0x00007f534b9f7110:   00007f53a436a9e0 00007f53a42b7b98
0x00007f534b9f7120:   2f6b646a6e65706f 00007f534b9f7218
0x00007f534b9f7130:   00007f534b9f7200 00007f53a903ab06
0x00007f534b9f7140:   00000000000003d8 00007f534b9f7180
0x00007f534b9f7150:   00007f530000000e 00007f5300000000
0x00007f534b9f7160:   00007f53a436a800 0000000000000000
0x00007f534b9f7170:   0000000000000000 ede4c18ec4983e00
0x00007f534b9f7180:   00007f53a981dcf0 00007f53aa566540
0x00007f534b9f7190:   00000000a42d55f0 00007f5300000063
0x00007f534b9f71a0:   0000000000000000 0000003000000018 

Instructions: (pc=0x00007f53a9034aad)
0x00007f53a9034a8d:   ff 48 89 b5 b8 fe ff ff 64 48 8b 04 25 28 00 00
0x00007f53a9034a9d:   00 48 89 45 c8 31 c0 48 85 d2 0f 84 7b 05 00 00
0x00007f53a9034aad:   4c 8b 32 4d 85 f6 0f 84 6f 05 00 00 49 8b b9 20
0x00007f53a9034abd:   01 00 00 48 89 cb 4d 89 c4 e8 f5 5a ff ff 4c 89 

Register to memory mapping:

RAX=0x0000000000000000 is an unknown value
RBX=0x00007f53a436a800 is a thread
RCX=0x00007f53a42b7b98 is an unknown value
RDX=0x2f6b646a6e65706f is an unknown value
RSP=0x00007f534b9f6fb0 is pointing into the stack for thread: 0x00007f53a436a800
RBP=0x00007f534b9f7130 is pointing into the stack for thread: 0x00007f53a436a800
RSI=0x00007f534b9f7150 is pointing into the stack for thread: 0x00007f53a436a800
RDI=0x00007f53a436a9e0 is an unknown value
R8 =0x00007f534b9f7180 is pointing into the stack for thread: 0x00007f53a436a800
R9 =0x00007f53a436a800 is a thread
R10=0x00007f533c20e570 is an unknown value
R11=0x00007f539517dac0 is at entry_point+32 in (nmethod*)0x00007f539517d950
R12=0x00007f53a436a9e0 is an unknown value
R13=0x00007f53a436a800 is a thread
R14=0x2f6b646a6e65706f is an unknown value
R15=0x00007f534b9f7218 is pointing into the stack for thread: 0x00007f53a436a800


Stack: [0x00007f534b8fb000,0x00007f534b9fc000],  sp=0x00007f534b9f6fb0,  free space=1007k
Native frames: (J=compiled Java code, j=interpreted, Vv=VM code, C=native code)
V  [libjvm.so+0x677aad]
V  [libjvm.so+0x67db06]
C  [libglass.so+0x15411]  JNIEnv_::CallVoidMethod(_jobject*, _jmethodID*, ...)+0x81
C  [libglass.so+0x1eeb5]  WindowContextBase::process_key(_GdkEventKey*)+0x1f5
C  [libglass.so+0x150c0]  WindowContextBase::im_filter_keypress(_GdkEventKey*)+0x1c0
C  [libglass.so+0x1601c]
C  [libgdk-x11-2.0.so.0+0x5b3ac]

Java frames: (J=compiled Java code, j=interpreted, Vv=VM code)
j  com.sun.glass.ui.gtk.GtkApplication.enterNestedEventLoopImpl()V+0
j  com.sun.glass.ui.gtk.GtkApplication._enterNestedEventLoop()Ljava/lang/Object;+15
j  com.sun.glass.ui.Application.enterNestedEventLoop()Ljava/lang/Object;+14
j  com.sun.glass.ui.EventLoop.enter()Ljava/lang/Object;+42
j  com.sun.javafx.tk.quantum.QuantumToolkit.enterNestedEventLoop(Ljava/lang/Object;)Ljava/lang/Object;+107
j  javafx.stage.Stage.showAndWait()V+93
j  javafx.scene.control.HeavyweightDialog.showAndWait()V+22
j  javafx.scene.control.Dialog.showAndWait()Ljava/util/Optional;+88
j  controle.TelaSimuladorController.addProcesso()V+41
v  ~StubRoutines::call_stub
j  sun.reflect.NativeMethodAccessorImpl.invoke0(Ljava/lang/reflect/Method;Ljava/lang/Object;[Ljava/lang/Object;)Ljava/lang/Object;+0
j  sun.reflect.NativeMethodAccessorImpl.invoke(Ljava/lang/Object;[Ljava/lang/Object;)Ljava/lang/Object;+100
J 1175 C1 sun.reflect.DelegatingMethodAccessorImpl.invoke(Ljava/lang/Object;[Ljava/lang/Object;)Ljava/lang/Object; (10 bytes) @ 0x00007f5394fe4ac4 [0x00007f5394fe49c0+0x104]
J 1174 C1 java.lang.reflect.Method.invoke(Ljava/lang/Object;[Ljava/lang/Object;)Ljava/lang/Object; (62 bytes) @ 0x00007f5394fe450c [0x00007f5394fe4120+0x3ec]
j  sun.reflect.misc.Trampoline.invoke(Ljava/lang/reflect/Method;Ljava/lang/Object;[Ljava/lang/Object;)Ljava/lang/Object;+7
j  sun.reflect.GeneratedMethodAccessor1.invoke(Ljava/lang/Object;[Ljava/lang/Object;)Ljava/lang/Object;+40
J 1175 C1 sun.reflect.DelegatingMethodAccessorImpl.invoke(Ljava/lang/Object;[Ljava/lang/Object;)Ljava/lang/Object; (10 bytes) @ 0x00007f5394fe4ac4 [0x00007f5394fe49c0+0x104]
J 1174 C1 java.lang.reflect.Method.invoke(Ljava/lang/Object;[Ljava/lang/Object;)Ljava/lang/Object; (62 bytes) @ 0x00007f5394fe450c [0x00007f5394fe4120+0x3ec]
j  sun.reflect.misc.MethodUtil.invoke(Ljava/lang/reflect/Method;Ljava/lang/Object;[Ljava/lang/Object;)Ljava/lang/Object;+20
j  javafx.fxml.FXMLLoader$MethodHandler.invoke([Ljava/lang/Object;)V+38
j  javafx.fxml.FXMLLoader$ControllerMethodEventHandler.handle(Ljavafx/event/Event;)V+12
j  com.sun.javafx.event.CompositeEventHandler.dispatchBubblingEvent(Ljavafx/event/Event;)V+51
J 1376 C1 com.sun.javafx.event.EventHandlerManager.dispatchBubblingEvent(Ljavafx/event/EventType;Ljavafx/event/Event;)Ljavafx/event/Event; (34 bytes) @ 0x00007f5395059ab4 [0x00007f5395059540+0x574]
j  com.sun.javafx.event.EventHandlerManager.dispatchBubblingEvent(Ljavafx/event/Event;)Ljavafx/event/Event;+8
j  com.sun.javafx.event.CompositeEventDispatcher.dispatchBubblingEvent(Ljavafx/event/Event;)Ljavafx/event/Event;+11
j  com.sun.javafx.event.BasicEventDispatcher.dispatchEvent(Ljavafx/event/Event;Ljavafx/event/EventDispatchChain;)Ljavafx/event/Event;+29
J 1425 C1 com.sun.javafx.event.EventDispatchChainImpl.dispatchEvent(Ljavafx/event/Event;)Ljavafx/event/Event; (101 bytes) @ 0x00007f5395078144 [0x00007f5395077fa0+0x1a4]
j  com.sun.javafx.event.BasicEventDispatcher.dispatchEvent(Ljavafx/event/Event;Ljavafx/event/EventDispatchChain;)Ljavafx/event/Event;+17
J 1425 C1 com.sun.javafx.event.EventDispatchChainImpl.dispatchEvent(Ljavafx/event/Event;)Ljavafx/event/Event; (101 bytes) @ 0x00007f5395078144 [0x00007f5395077fa0+0x1a4]
j  com.sun.javafx.event.BasicEventDispatcher.dispatchEvent(Ljavafx/event/Event;Ljavafx/event/EventDispatchChain;)Ljavafx/event/Event;+17
J 1425 C1 com.sun.javafx.event.EventDispatchChainImpl.dispatchEvent(Ljavafx/event/Event;)Ljavafx/event/Event; (101 bytes) @ 0x00007f5395078144 [0x00007f5395077fa0+0x1a4]
j  com.sun.javafx.event.EventUtil.fireEventImpl(Ljavafx/event/EventDispatchChain;Ljavafx/event/EventTarget;Ljavafx/event/Event;)Ljavafx/event/Event;+10
j  com.sun.javafx.event.EventUtil.fireEvent(Ljavafx/event/EventTarget;Ljavafx/event/Event;)Ljavafx/event/Event;+37
j  javafx.event.Event.fireEvent(Ljavafx/event/EventTarget;Ljavafx/event/Event;)V+30
j  javafx.scene.Node.fireEvent(Ljavafx/event/Event;)V+86
j  javafx.scene.control.Button.fire()V+15
j  com.sun.javafx.scene.control.behavior.ButtonBehavior.mouseReleased(Ljavafx/scene/input/MouseEvent;)V+23
j  com.sun.javafx.scene.control.skin.BehaviorSkinBase$1.handle(Ljavafx/scene/input/MouseEvent;)V+83
j  com.sun.javafx.scene.control.skin.BehaviorSkinBase$1.handle(Ljavafx/event/Event;)V+5
j  com.sun.javafx.event.CompositeEventHandler$NormalEventHandlerRecord.handleBubblingEvent(Ljavafx/event/Event;)V+5
j  com.sun.javafx.event.CompositeEventHandler.dispatchBubblingEvent(Ljavafx/event/Event;)V+28
J 1376 C1 com.sun.javafx.event.EventHandlerManager.dispatchBubblingEvent(Ljavafx/event/EventType;Ljavafx/event/Event;)Ljavafx/event/Event; (34 bytes) @ 0x00007f5395059ab4 [0x00007f5395059540+0x574]
j  com.sun.javafx.event.EventHandlerManager.dispatchBubblingEvent(Ljavafx/event/Event;)Ljavafx/event/Event;+8
j  com.sun.javafx.event.CompositeEventDispatcher.dispatchBubblingEvent(Ljavafx/event/Event;)Ljavafx/event/Event;+11
j  com.sun.javafx.event.BasicEventDispatcher.dispatchEvent(Ljavafx/event/Event;Ljavafx/event/EventDispatchChain;)Ljavafx/event/Event;+29
J 1425 C1 com.sun.javafx.event.EventDispatchChainImpl.dispatchEvent(Ljavafx/event/Event;)Ljavafx/event/Event; (101 bytes) @ 0x00007f5395078144 [0x00007f5395077fa0+0x1a4]
j  com.sun.javafx.event.BasicEventDispatcher.dispatchEvent(Ljavafx/event/Event;Ljavafx/event/EventDispatchChain;)Ljavafx/event/Event;+17
J 1425 C1 com.sun.javafx.event.EventDispatchChainImpl.dispatchEvent(Ljavafx/event/Event;)Ljavafx/event/Event; (101 bytes) @ 0x00007f5395078144 [0x00007f5395077fa0+0x1a4]
j  com.sun.javafx.event.BasicEventDispatcher.dispatchEvent(Ljavafx/event/Event;Ljavafx/event/EventDispatchChain;)Ljavafx/event/Event;+17
J 1425 C1 com.sun.javafx.event.EventDispatchChainImpl.dispatchEvent(Ljavafx/event/Event;)Ljavafx/event/Event; (101 bytes) @ 0x00007f5395078144 [0x00007f5395077fa0+0x1a4]
j  com.sun.javafx.event.EventUtil.fireEventImpl(Ljavafx/event/EventDispatchChain;Ljavafx/event/EventTarget;Ljavafx/event/Event;)Ljavafx/event/Event;+10
j  com.sun.javafx.event.EventUtil.fireEvent(Ljavafx/event/EventTarget;Ljavafx/event/Event;)Ljavafx/event/Event;+46
j  javafx.event.Event.fireEvent(Ljavafx/event/EventTarget;Ljavafx/event/Event;)V+30
j  javafx.scene.Scene$MouseHandler.process(Ljavafx/scene/input/MouseEvent;Z)V+491
j  javafx.scene.Scene$MouseHandler.access$1500(Ljavafx/scene/Scene$MouseHandler;Ljavafx/scene/input/MouseEvent;Z)V+3
j  javafx.scene.Scene.impl_processMouseEvent(Ljavafx/scene/input/MouseEvent;)V+6
j  javafx.scene.Scene$ScenePeerListener.mouseEvent(Ljavafx/event/EventType;DDDDLjavafx/scene/input/MouseButton;ZZZZZZZZZ)V+46
j  com.sun.javafx.tk.quantum.GlassViewEventHandler$MouseEventNotification.run()Ljava/lang/Void;+476
j  com.sun.javafx.tk.quantum.GlassViewEventHandler$MouseEventNotification.run()Ljava/lang/Object;+1
v  ~StubRoutines::call_stub
j  java.security.AccessController.doPrivileged(Ljava/security/PrivilegedAction;Ljava/security/AccessControlContext;)Ljava/lang/Object;+0
j  com.sun.javafx.tk.quantum.GlassViewEventHandler.lambda$handleMouseEvent$2()Ljava/lang/Void;+11
j  com.sun.javafx.tk.quantum.GlassViewEventHandler$$Lambda$221.get()Ljava/lang/Object;+4
j  com.sun.javafx.tk.quantum.QuantumToolkit.runWithoutRenderLock(Ljava/util/function/Supplier;)Ljava/lang/Object;+18
j  com.sun.javafx.tk.quantum.GlassViewEventHandler.handleMouseEvent(Lcom/sun/glass/ui/View;JIIIIIIIZZ)V+103
j  com.sun.glass.ui.View.handleMouseEvent(JIIIIIIIZZ)V+30
j  com.sun.glass.ui.View.notifyMouse(IIIIIIIZZ)V+181
v  ~StubRoutines::call_stub
j  com.sun.glass.ui.gtk.GtkApplication._runLoop(Ljava/lang/Runnable;Z)V+0
j  com.sun.glass.ui.gtk.GtkApplication.lambda$null$5(Ljava/lang/Runnable;Z)V+7
j  com.sun.glass.ui.gtk.GtkApplication$$Lambda$41.run()V+12
j  java.lang.Thread.run()V+11
v  ~StubRoutines::call_stub

---------------  P R O C E S S  ---------------

Java Threads: ( => current thread )
  0x00007f533c2b3800 JavaThread "Prism Font Disposer" daemon [_thread_blocked, id=25441, stack(0x00007f534acf1000,0x00007f534adf2000)]
  0x00007f53a436e800 JavaThread "JavaFX-Launcher" [_thread_blocked, id=25434, stack(0x00007f534b7fa000,0x00007f534b8fb000)]
=>0x00007f53a436a800 JavaThread "JavaFX Application Thread" [_thread_in_vm, id=25433, stack(0x00007f534b8fb000,0x00007f534b9fc000)]
  0x00007f53a4366800 JavaThread "Thread-1" daemon [_thread_blocked, id=25432, stack(0x00007f534b9fc000,0x00007f534bafd000)]
  0x00007f53a42a0800 JavaThread "QuantumRenderer-0" daemon [_thread_blocked, id=25430, stack(0x00007f5387a65000,0x00007f5387b66000)]
  0x00007f53a4185000 JavaThread "Service Thread" daemon [_thread_blocked, id=25428, stack(0x00007f5387cfd000,0x00007f5387dfe000)]
  0x00007f53a4182000 JavaThread "C1 CompilerThread2" daemon [_thread_blocked, id=25427, stack(0x00007f5387dfe000,0x00007f5387eff000)]
  0x00007f53a4180000 JavaThread "C2 CompilerThread1" daemon [_thread_blocked, id=25426, stack(0x00007f5387eff000,0x00007f5388000000)]
  0x00007f53a417d800 JavaThread "C2 CompilerThread0" daemon [_thread_blocked, id=25425, stack(0x00007f538c063000,0x00007f538c164000)]
  0x00007f53a417c000 JavaThread "Signal Dispatcher" daemon [_thread_blocked, id=25424, stack(0x00007f538c164000,0x00007f538c265000)]
  0x00007f53a4149000 JavaThread "Finalizer" daemon [_thread_blocked, id=25423, stack(0x00007f538c3fd000,0x00007f538c4fe000)]
  0x00007f53a4144800 JavaThread "Reference Handler" daemon [_thread_blocked, id=25422, stack(0x00007f538c4fe000,0x00007f538c5ff000)]
  0x00007f53a4008000 JavaThread "main" [_thread_blocked, id=25416, stack(0x00007f53aa5bb000,0x00007f53aa6bc000)]

Other Threads:
  0x00007f53a413d000 VMThread [stack: 0x00007f538c5ff000,0x00007f538c700000] [id=25421]
  0x00007f53a4187800 WatcherThread [stack: 0x00007f5387bfc000,0x00007f5387cfd000] [id=25429]

VM state:not at safepoint (normal execution)

VM Mutex/Monitor currently owned by a thread: None

Heap:
 PSYoungGen      total 18432K, used 3494K [0x00000000ebd80000, 0x00000000ee180000, 0x0000000100000000)
  eden space 15872K, 6% used [0x00000000ebd80000,0x00000000ebe718a8,0x00000000ecd00000)
  from space 2560K, 98% used [0x00000000ecd00000,0x00000000ecf78038,0x00000000ecf80000)
  to   space 2560K, 0% used [0x00000000edf00000,0x00000000edf00000,0x00000000ee180000)
 ParOldGen       total 42496K, used 11504K [0x00000000c3800000, 0x00000000c6180000, 0x00000000ebd80000)
  object space 42496K, 27% used [0x00000000c3800000,0x00000000c433c338,0x00000000c6180000)
 Metaspace       used 18126K, capacity 19154K, committed 19456K, reserved 1067008K
  class space    used 2508K, capacity 2700K, committed 2816K, reserved 1048576K

Card table byte_map: [0x00007f5394641000,0x00007f5394826000] byte_map_base: 0x00007f5394025000

Marking Bits: (ParMarkBitMap*) 0x00007f53a98e1540
 Begin Bits: [0x00007f538e1c0000, 0x00007f538f0e0000)
 End Bits:   [0x00007f538f0e0000, 0x00007f5390000000)

Polling page: 0x00007f53aa704000

CodeCache: size=245760Kb used=6011Kb max_used=6011Kb free=239748Kb
 bounds [0x00007f5394be6000, 0x00007f53951d6000, 0x00007f53a3be6000]
 total_blobs=2661 nmethods=2004 adapters=571
 compilation: enabled

Compilation events (10 events):
Event: 11,219 Thread 0x00007f53a4182000 2000       3       com.sun.prism.es2.GLContext::activeTexture (9 bytes)
Event: 11,219 Thread 0x00007f53a4182000 nmethod 2000 0x00007f53951c0450 code [0x00007f53951c05c0, 0x00007f53951c0748]
Event: 11,246 Thread 0x00007f53a4182000 2001       3       java.util.concurrent.locks.AbstractQueuedSynchronizer::unparkSuccessor (84 bytes)
Event: 11,246 Thread 0x00007f53a4182000 nmethod 2001 0x00007f53951c07d0 code [0x00007f53951c0980, 0x00007f53951c0ec8]
Event: 11,552 Thread 0x00007f53a4182000 2002       3       com.sun.javafx.scene.EnteredExitedHandler::dispatchCapturingEvent (222 bytes)
Event: 11,553 Thread 0x00007f53a4182000 nmethod 2002 0x00007f53951c36d0 code [0x00007f53951c3a60, 0x00007f53951c60d8]
Event: 11,572 Thread 0x00007f53a4182000 2003       3       java.util.Vector::elementData (7 bytes)
Event: 11,572 Thread 0x00007f53a4182000 nmethod 2003 0x00007f53951c6f10 code [0x00007f53951c7080, 0x00007f53951c71f0]
Event: 11,572 Thread 0x00007f53a4182000 2004       3       javafx.beans.property.ReadOnlyObjectPropertyBase::fireValueChangedEvent (8 bytes)
Event: 11,572 Thread 0x00007f53a4182000 nmethod 2004 0x00007f53951c72d0 code [0x00007f53951c7440, 0x00007f53951c76e8]

GC Heap History (6 events):
Event: 1,928 GC heap before
{Heap before GC invocations=1 (full 0):
 PSYoungGen      total 18432K, used 15871K [0x00000000ebd80000, 0x00000000ed200000, 0x0000000100000000)
  eden space 15872K, 99% used [0x00000000ebd80000,0x00000000eccffdf8,0x00000000ecd00000)
  from space 2560K, 0% used [0x00000000ecf80000,0x00000000ecf80000,0x00000000ed200000)
  to   space 2560K, 0% used [0x00000000ecd00000,0x00000000ecd00000,0x00000000ecf80000)
 ParOldGen       total 42496K, used 0K [0x00000000c3800000, 0x00000000c6180000, 0x00000000ebd80000)
  object space 42496K, 0% used [0x00000000c3800000,0x00000000c3800000,0x00000000c6180000)
 Metaspace       used 9103K, capacity 9378K, committed 9472K, reserved 1056768K
  class space    used 1072K, capacity 1200K, committed 1280K, reserved 1048576K
Event: 1,934 GC heap after
Heap after GC invocations=1 (full 0):
 PSYoungGen      total 18432K, used 2545K [0x00000000ebd80000, 0x00000000ed200000, 0x0000000100000000)
  eden space 15872K, 0% used [0x00000000ebd80000,0x00000000ebd80000,0x00000000ecd00000)
  from space 2560K, 99% used [0x00000000ecd00000,0x00000000ecf7c548,0x00000000ecf80000)
  to   space 2560K, 0% used [0x00000000ecf80000,0x00000000ecf80000,0x00000000ed200000)
 ParOldGen       total 42496K, used 2056K [0x00000000c3800000, 0x00000000c6180000, 0x00000000ebd80000)
  object space 42496K, 4% used [0x00000000c3800000,0x00000000c3a021d0,0x00000000c6180000)
 Metaspace       used 9103K, capacity 9378K, committed 9472K, reserved 1056768K
  class space    used 1072K, capacity 1200K, committed 1280K, reserved 1048576K
}
Event: 3,437 GC heap before
{Heap before GC invocations=2 (full 0):
 PSYoungGen      total 18432K, used 18417K [0x00000000ebd80000, 0x00000000ed200000, 0x0000000100000000)
  eden space 15872K, 100% used [0x00000000ebd80000,0x00000000ecd00000,0x00000000ecd00000)
  from space 2560K, 99% used [0x00000000ecd00000,0x00000000ecf7c548,0x00000000ecf80000)
  to   space 2560K, 0% used [0x00000000ecf80000,0x00000000ecf80000,0x00000000ed200000)
 ParOldGen       total 42496K, used 2056K [0x00000000c3800000, 0x00000000c6180000, 0x00000000ebd80000)
  object space 42496K, 4% used [0x00000000c3800000,0x00000000c3a021d0,0x00000000c6180000)
 Metaspace       used 13977K, capacity 14640K, committed 14848K, reserved 1062912K
  class space    used 1827K, capacity 1990K, committed 2048K, reserved 1048576K
Event: 3,492 GC heap after
Heap after GC invocations=2 (full 0):
 PSYoungGen      total 18432K, used 2544K [0x00000000ebd80000, 0x00000000ee180000, 0x0000000100000000)
  eden space 15872K, 0% used [0x00000000ebd80000,0x00000000ebd80000,0x00000000ecd00000)
  from space 2560K, 99% used [0x00000000ecf80000,0x00000000ed1fc050,0x00000000ed200000)
  to   space 2560K, 0% used [0x00000000ecd00000,0x00000000ecd00000,0x00000000ecf80000)
 ParOldGen       total 42496K, used 6379K [0x00000000c3800000, 0x00000000c6180000, 0x00000000ebd80000)
  object space 42496K, 15% used [0x00000000c3800000,0x00000000c3e3ae38,0x00000000c6180000)
 Metaspace       used 13977K, capacity 14640K, committed 14848K, reserved 1062912K
  class space    used 1827K, capacity 1990K, committed 2048K, reserved 1048576K
}
Event: 7,242 GC heap before
{Heap before GC invocations=3 (full 0):
 PSYoungGen      total 18432K, used 18416K [0x00000000ebd80000, 0x00000000ee180000, 0x0000000100000000)
  eden space 15872K, 100% used [0x00000000ebd80000,0x00000000ecd00000,0x00000000ecd00000)
  from space 2560K, 99% used [0x00000000ecf80000,0x00000000ed1fc050,0x00000000ed200000)
  to   space 2560K, 0% used [0x00000000ecd00000,0x00000000ecd00000,0x00000000ecf80000)
 ParOldGen       total 42496K, used 6379K [0x00000000c3800000, 0x00000000c6180000, 0x00000000ebd80000)
  object space 42496K, 15% used [0x00000000c3800000,0x00000000c3e3ae38,0x00000000c6180000)
 Metaspace       used 17897K, capacity 18924K, committed 19200K, reserved 1064960K
  class space    used 2497K, capacity 2695K, committed 2816K, reserved 1048576K
Event: 7,256 GC heap after
Heap after GC invocations=3 (full 0):
 PSYoungGen      total 18432K, used 2528K [0x00000000ebd80000, 0x00000000ee180000, 0x0000000100000000)
  eden space 15872K, 0% used [0x00000000ebd80000,0x00000000ebd80000,0x00000000ecd00000)
  from space 2560K, 98% used [0x00000000ecd00000,0x00000000ecf78038,0x00000000ecf80000)
  to   space 2560K, 0% used [0x00000000edf00000,0x00000000edf00000,0x00000000ee180000)
 ParOldGen       total 42496K, used 11504K [0x00000000c3800000, 0x00000000c6180000, 0x00000000ebd80000)
  object space 42496K, 27% used [0x00000000c3800000,0x00000000c433c338,0x00000000c6180000)
 Metaspace       used 17897K, capacity 18924K, committed 19200K, reserved 1064960K
  class space    used 2497K, capacity 2695K, committed 2816K, reserved 1048576K
}

Deoptimization events (10 events):
Event: 3,329 Thread 0x00007f53a436a800 Uncommon trap: reason=class_check action=maybe_recompile pc=0x00007f5394cf10b8 method=java.lang.String.equals(Ljava/lang/Object;)Z @ 8
Event: 3,685 Thread 0x00007f53a436a800 Uncommon trap: reason=unstable_if action=reinterpret pc=0x00007f5394f44cc0 method=javafx.beans.property.ObjectPropertyBase.get()Ljava/lang/Object; @ 9
Event: 3,762 Thread 0x00007f53a436a800 Uncommon trap: reason=unstable_if action=reinterpret pc=0x00007f5394eceacc method=java.lang.CharacterDataLatin1.toUpperCase(I)I @ 12
Event: 4,861 Thread 0x00007f53a436a800 Uncommon trap: reason=unstable_if action=reinterpret pc=0x00007f5394ff7d74 method=com.sun.javafx.css.SimpleSelector.stateMatches(Ljavafx/css/Styleable;Ljava/util/Set;)Z @ 1
Event: 5,209 Thread 0x00007f53a436a800 Uncommon trap: reason=unstable_if action=reinterpret pc=0x00007f5394f21fa4 method=jdk.internal.org.objectweb.asm.Type.getArgumentsAndReturnSizes(Ljava/lang/String;)I @ 47
Event: 5,218 Thread 0x00007f53a42a0800 Uncommon trap: reason=unstable_if action=reinterpret pc=0x00007f539506ac58 method=java.lang.StrictMath.floorOrCeil(DDDD)D @ 115
Event: 5,399 Thread 0x00007f53a436a800 Uncommon trap: reason=array_check action=maybe_recompile pc=0x00007f53950db038 method=com.sun.javafx.css.SimpleSelector.applies(Ljavafx/css/Styleable;[Ljava/util/Set;I)Z @ 37
Event: 5,399 Thread 0x00007f53a436a800 Uncommon trap: reason=array_check action=maybe_recompile pc=0x00007f53950db038 method=com.sun.javafx.css.SimpleSelector.applies(Ljavafx/css/Styleable;[Ljava/util/Set;I)Z @ 37
Event: 5,399 Thread 0x00007f53a436a800 Uncommon trap: reason=array_check action=maybe_recompile pc=0x00007f53950db038 method=com.sun.javafx.css.SimpleSelector.applies(Ljavafx/css/Styleable;[Ljava/util/Set;I)Z @ 37
Event: 5,399 Thread 0x00007f53a436a800 Uncommon trap: reason=array_check action=maybe_recompile pc=0x00007f53950db038 method=com.sun.javafx.css.SimpleSelector.applies(Ljavafx/css/Styleable;[Ljava/util/Set;I)Z @ 37

Internal exceptions (10 events):
Event: 1,893 Thread 0x00007f53a436a800 Exception <a 'java/lang/NullPointerException'> (0x00000000ecc48f60) thrown at [/build/java8-openjdk/src/jdk8u-jdk8u92-b14/hotspot/src/share/vm/interpreter/linkResolver.cpp, line 1178]
Event: 1,893 Thread 0x00007f53a436a800 Exception <a 'java/lang/NullPointerException'> (0x00000000ecc48f60) thrown at [/build/java8-openjdk/src/jdk8u-jdk8u92-b14/hotspot/src/share/vm/prims/jvm.cpp, line 1390]
Event: 2,439 Thread 0x00007f53a436a800 Exception <a 'java/lang/ArrayIndexOutOfBoundsException'> (0x00000000ec4cb320) thrown at [/build/java8-openjdk/src/jdk8u-jdk8u92-b14/hotspot/src/share/vm/runtime/sharedRuntime.cpp, line 605]
Event: 2,439 Thread 0x00007f53a436a800 Exception <a 'java/lang/ArrayIndexOutOfBoundsException'> (0x00000000ec4cc008) thrown at [/build/java8-openjdk/src/jdk8u-jdk8u92-b14/hotspot/src/share/vm/runtime/sharedRuntime.cpp, line 605]
Event: 2,439 Thread 0x00007f53a436a800 Exception <a 'java/lang/ArrayIndexOutOfBoundsException'> (0x00000000ec4ccd70) thrown at [/build/java8-openjdk/src/jdk8u-jdk8u92-b14/hotspot/src/share/vm/runtime/sharedRuntime.cpp, line 605]
Event: 2,439 Thread 0x00007f53a436a800 Exception <a 'java/lang/ArrayIndexOutOfBoundsException'> (0x00000000ec4ce840) thrown at [/build/java8-openjdk/src/jdk8u-jdk8u92-b14/hotspot/src/share/vm/runtime/sharedRuntime.cpp, line 605]
Event: 2,440 Thread 0x00007f53a436a800 Exception <a 'java/lang/ArrayIndexOutOfBoundsException'> (0x00000000ec4cfc58) thrown at [/build/java8-openjdk/src/jdk8u-jdk8u92-b14/hotspot/src/share/vm/runtime/sharedRuntime.cpp, line 605]
Event: 2,446 Thread 0x00007f53a436a800 Exception <a 'java/lang/ArrayIndexOutOfBoundsException'> (0x00000000ec4ea010) thrown at [/build/java8-openjdk/src/jdk8u-jdk8u92-b14/hotspot/src/share/vm/runtime/sharedRuntime.cpp, line 605]
Event: 2,809 Thread 0x00007f53a436a800 Implicit null exception at 0x00007f5394ec3835 to 0x00007f5394ec3a5d
Event: 4,861 Thread 0x00007f53a436a800 Implicit null exception at 0x00007f5394ff76df to 0x00007f5394ff7d49

Events (10 events):
Event: 11,570 loading class com/sun/javafx/tk/quantum/WindowStage
Event: 11,570 loading class com/sun/javafx/tk/quantum/WindowStage done
Event: 11,571 loading class com/sun/prism/GraphicsResource
Event: 11,571 loading class com/sun/prism/GraphicsResource done
Event: 11,571 loading class com/sun/prism/GraphicsResource
Event: 11,571 loading class com/sun/prism/GraphicsResource done
Event: 11,571 loading class com/sun/javafx/tk/quantum/ViewScene
Event: 11,571 loading class com/sun/javafx/tk/quantum/ViewScene done
Event: 11,571 loading class com/sun/javafx/tk/quantum/WindowStage
Event: 11,571 loading class com/sun/javafx/tk/quantum/WindowStage done


Dynamic libraries:
00400000-00401000 r-xp 00000000 08:02 21628772                           /usr/lib/jvm/java-8-openjdk/jre/bin/java
00600000-00601000 rw-p 00000000 08:02 21628772                           /usr/lib/jvm/java-8-openjdk/jre/bin/java
0111c000-0113d000 rw-p 00000000 00:00 0                                  [heap]
c3800000-c6180000 rw-p 00000000 00:00 0 
c6180000-ebd80000 ---p 00000000 00:00 0 
ebd80000-ee180000 rw-p 00000000 00:00 0 
ee180000-100000000 ---p 00000000 00:00 0 
100000000-1002c0000 rw-p 00000000 00:00 0 
1002c0000-140000000 ---p 00000000 00:00 0 
7f532bffe000-7f532ffff000 rw-s 00000000 00:13 5                          /dev/shm/pulse-shm-2552231046
7f532ffff000-7f5334000000 rw-s 00000000 00:13 18                         /dev/shm/pulse-shm-2450703997
7f5334000000-7f5334021000 rw-p 00000000 00:00 0 
7f5334021000-7f5338000000 ---p 00000000 00:00 0 
7f5338000000-7f5338021000 rw-p 00000000 00:00 0 
7f5338021000-7f533c000000 ---p 00000000 00:00 0 
7f533c000000-7f533c488000 rw-p 00000000 00:00 0 
7f533c488000-7f5340000000 ---p 00000000 00:00 0 
7f5340000000-7f5340021000 rw-p 00000000 00:00 0 
7f5340021000-7f5344000000 ---p 00000000 00:00 0 
7f5344000000-7f5344021000 rw-p 00000000 00:00 0 
7f5344021000-7f5348000000 ---p 00000000 00:00 0 
7f534806d000-7f53480ad000 rw-p 00000000 00:00 0 
7f53480ad000-7f534826d000 ---p 00000000 00:00 0 
7f534826d000-7f534842d000 rw-s 00000000 00:05 304270                     /drm mm object (deleted)
7f534842d000-7f534848d000 rw-s 00000000 00:05 304268                     /drm mm object (deleted)
7f534848d000-7f534864d000 rw-s 10191b000 00:06 289                       /dev/dri/card0
7f534864d000-7f534864e000 ---p 00000000 00:00 0 
7f534864e000-7f5348e4e000 rw-p 00000000 00:00 0                          [stack:25442]
7f5348e4e000-7f5348e62000 r-xp 00000000 08:02 20585661                   /usr/lib/libnsl-2.23.so
7f5348e62000-7f5349062000 ---p 00014000 08:02 20585661                   /usr/lib/libnsl-2.23.so
7f5349062000-7f5349063000 r--p 00014000 08:02 20585661                   /usr/lib/libnsl-2.23.so
7f5349063000-7f5349064000 rw-p 00015000 08:02 20585661                   /usr/lib/libnsl-2.23.so
7f5349064000-7f5349066000 rw-p 00000000 00:00 0 
7f5349066000-7f53490f7000 r-xp 00000000 08:02 20596096                   /usr/lib/libvorbisenc.so.2.0.11
7f53490f7000-7f53492f6000 ---p 00091000 08:02 20596096                   /usr/lib/libvorbisenc.so.2.0.11
7f53492f6000-7f5349318000 r--p 00090000 08:02 20596096                   /usr/lib/libvorbisenc.so.2.0.11
7f5349318000-7f5349319000 rw-p 000b2000 08:02 20596096                   /usr/lib/libvorbisenc.so.2.0.11
7f5349319000-7f534938d000 r-xp 00000000 08:02 20594876                   /usr/lib/libFLAC.so.8.3.0
7f534938d000-7f534958d000 ---p 00074000 08:02 20594876                   /usr/lib/libFLAC.so.8.3.0
7f534958d000-7f534958e000 r--p 00074000 08:02 20594876                   /usr/lib/libFLAC.so.8.3.0
7f534958e000-7f534958f000 rw-p 00075000 08:02 20594876                   /usr/lib/libFLAC.so.8.3.0
7f534958f000-7f53495a0000 r-xp 00000000 08:02 20583872                   /usr/lib/liblz4.so.1.7.1
7f53495a0000-7f534979f000 ---p 00011000 08:02 20583872                   /usr/lib/liblz4.so.1.7.1
7f534979f000-7f53497a0000 r--p 00010000 08:02 20583872                   /usr/lib/liblz4.so.1.7.1
7f53497a0000-7f53497a1000 rw-p 00011000 08:02 20583872                   /usr/lib/liblz4.so.1.7.1
7f53497a1000-7f53497c6000 r-xp 00000000 08:02 20583873                   /usr/lib/liblzma.so.5.2.2
7f53497c6000-7f53499c5000 ---p 00025000 08:02 20583873                   /usr/lib/liblzma.so.5.2.2
7f53499c5000-7f53499c6000 r--p 00024000 08:02 20583873                   /usr/lib/liblzma.so.5.2.2
7f53499c6000-7f53499c7000 rw-p 00025000 08:02 20583873                   /usr/lib/liblzma.so.5.2.2
7f53499c7000-7f53499cc000 r-xp 00000000 08:02 20595236                   /usr/lib/libasyncns.so.0.3.1
7f53499cc000-7f5349bcb000 ---p 00005000 08:02 20595236                   /usr/lib/libasyncns.so.0.3.1
7f5349bcb000-7f5349bcc000 r--p 00004000 08:02 20595236                   /usr/lib/libasyncns.so.0.3.1
7f5349bcc000-7f5349bcd000 rw-p 00005000 08:02 20595236                   /usr/lib/libasyncns.so.0.3.1
7f5349bcd000-7f5349c40000 r-xp 00000000 08:02 20587151                   /usr/lib/libsndfile.so.1.0.26
7f5349c40000-7f5349e3f000 ---p 00073000 08:02 20587151                   /usr/lib/libsndfile.so.1.0.26
7f5349e3f000-7f5349e41000 r--p 00072000 08:02 20587151                   /usr/lib/libsndfile.so.1.0.26
7f5349e41000-7f5349e42000 rw-p 00074000 08:02 20587151                   /usr/lib/libsndfile.so.1.0.26
7f5349e42000-7f5349e44000 rw-p 00000000 00:00 0 
7f5349e44000-7f5349ec5000 r-xp 00000000 08:02 20582439                   /usr/lib/libsystemd.so.0.14.0
7f5349ec5000-7f5349ec8000 r--p 00080000 08:02 20582439                   /usr/lib/libsystemd.so.0.14.0
7f5349ec8000-7f5349ec9000 rw-p 00083000 08:02 20582439                   /usr/lib/libsystemd.so.0.14.0
7f5349ec9000-7f5349eca000 rw-p 00000000 00:00 0 
7f5349eca000-7f5349f18000 r-xp 00000000 08:02 20582445                   /usr/lib/libdbus-1.so.3.14.6
7f5349f18000-7f534a118000 ---p 0004e000 08:02 20582445                   /usr/lib/libdbus-1.so.3.14.6
7f534a118000-7f534a119000 r--p 0004e000 08:02 20582445                   /usr/lib/libdbus-1.so.3.14.6
7f534a119000-7f534a11a000 rw-p 0004f000 08:02 20582445                   /usr/lib/libdbus-1.so.3.14.6
7f534a11a000-7f534a11b000 rw-p 00000000 00:00 0 
7f534a11b000-7f534a125000 r-xp 00000000 08:02 20595561                   /usr/lib/libjson-c.so.2.0.1
7f534a125000-7f534a324000 ---p 0000a000 08:02 20595561                   /usr/lib/libjson-c.so.2.0.1
7f534a324000-7f534a325000 r--p 00009000 08:02 20595561                   /usr/lib/libjson-c.so.2.0.1
7f534a325000-7f534a326000 rw-p 0000a000 08:02 20595561                   /usr/lib/libjson-c.so.2.0.1
7f534a326000-7f534a3a4000 r-xp 00000000 08:02 21511095                   /usr/lib/pulseaudio/libpulsecommon-8.0.so
7f534a3a4000-7f534a5a4000 ---p 0007e000 08:02 21511095                   /usr/lib/pulseaudio/libpulsecommon-8.0.so
7f534a5a4000-7f534a5a5000 r--p 0007e000 08:02 21511095                   /usr/lib/pulseaudio/libpulsecommon-8.0.so
7f534a5a5000-7f534a5a7000 rw-p 0007f000 08:02 21511095                   /usr/lib/pulseaudio/libpulsecommon-8.0.so
7f534a5a7000-7f534a5f7000 r-xp 00000000 08:02 20587172                   /usr/lib/libpulse.so.0.19.0
7f534a5f7000-7f534a7f6000 ---p 00050000 08:02 20587172                   /usr/lib/libpulse.so.0.19.0
7f534a7f6000-7f534a7f7000 r--p 0004f000 08:02 20587172                   /usr/lib/libpulse.so.0.19.0
7f534a7f7000-7f534a7f8000 rw-p 00050000 08:02 20587172                   /usr/lib/libpulse.so.0.19.0
7f534a81d000-7f534a82d000 rw-s 00000000 00:05 303612                     /drm mm object (deleted)
7f534a82d000-7f534a83d000 rw-s 00000000 00:05 304266                     /drm mm object (deleted)
7f534a83d000-7f534a844000 r-xp 00000000 08:02 21509920                   /usr/lib/libcanberra-0.30/libcanberra-pulse.so
7f534a844000-7f534aa43000 ---p 00007000 08:02 21509920                   /usr/lib/libcanberra-0.30/libcanberra-pulse.so
7f534aa43000-7f534aa44000 r--p 00006000 08:02 21509920                   /usr/lib/libcanberra-0.30/libcanberra-pulse.so
7f534aa44000-7f534aa45000 rw-p 00007000 08:02 21509920                   /usr/lib/libcanberra-0.30/libcanberra-pulse.so
7f534aa45000-7f534aaf1000 r--p 00000000 08:02 22417745                   /usr/share/fonts/TTF/DejaVuSans-Bold.ttf
7f534aaf1000-7f534acf1000 rw-p 00000000 00:00 0 
7f534acf1000-7f534acf4000 ---p 00000000 00:00 0 
7f534acf4000-7f534aff2000 rw-p 00000000 00:00 0                          [stack:25441]
7f534aff2000-7f534aff7000 r-xp 00000000 08:02 21631824                   /usr/lib/jvm/java-8-openjdk/jre/lib/amd64/libjavafx_font_freetype.so
7f534aff7000-7f534b1f6000 ---p 00005000 08:02 21631824                   /usr/lib/jvm/java-8-openjdk/jre/lib/amd64/libjavafx_font_freetype.so
7f534b1f6000-7f534b1f7000 rw-p 00004000 08:02 21631824                   /usr/lib/jvm/java-8-openjdk/jre/lib/amd64/libjavafx_font_freetype.so
7f534b1f7000-7f534b3f7000 rw-p 00000000 00:00 0 
7f534b3f7000-7f534b3fa000 r-xp 00000000 08:02 21631823                   /usr/lib/jvm/java-8-openjdk/jre/lib/amd64/libjavafx_font.so
7f534b3fa000-7f534b5f9000 ---p 00003000 08:02 21631823                   /usr/lib/jvm/java-8-openjdk/jre/lib/amd64/libjavafx_font.so
7f534b5f9000-7f534b5fa000 rw-p 00002000 08:02 21631823                   /usr/lib/jvm/java-8-openjdk/jre/lib/amd64/libjavafx_font.so
7f534b5fa000-7f534b7fa000 rw-p 00000000 00:00 0 
7f534b7fa000-7f534b7fd000 ---p 00000000 00:00 0 
7f534b7fd000-7f534b8fb000 rw-p 00000000 00:00 0                          [stack:25434]
7f534b8fb000-7f534b8fe000 ---p 00000000 00:00 0 
7f534b8fe000-7f534b9fc000 rw-p 00000000 00:00 0                          [stack:25433]
7f534b9fc000-7f534b9ff000 ---p 00000000 00:00 0 
7f534b9ff000-7f534bafd000 rw-p 00000000 00:00 0                          [stack:25432]
7f534bafd000-7f534bb07000 r-xp 00000000 08:02 21628279                   /usr/lib/gtk-2.0/2.10.0/engines/libpixmap.so
7f534bb07000-7f534bd06000 ---p 0000a000 08:02 21628279                   /usr/lib/gtk-2.0/2.10.0/engines/libpixmap.so
7f534bd06000-7f534bd07000 r--p 00009000 08:02 21628279                   /usr/lib/gtk-2.0/2.10.0/engines/libpixmap.so
7f534bd07000-7f534bd08000 rw-p 0000a000 08:02 21628279                   /usr/lib/gtk-2.0/2.10.0/engines/libpixmap.so
7f534bd08000-7f534bd0e000 r-xp 00000000 08:02 20595820                   /usr/lib/libogg.so.0.8.2
7f534bd0e000-7f534bf0d000 ---p 00006000 08:02 20595820                   /usr/lib/libogg.so.0.8.2
7f534bf0d000-7f534bf0e000 r--p 00005000 08:02 20595820                   /usr/lib/libogg.so.0.8.2
7f534bf0e000-7f534bf0f000 rw-p 00006000 08:02 20595820                   /usr/lib/libogg.so.0.8.2
7f534bf0f000-7f534bf3a000 r-xp 00000000 08:02 20596095                   /usr/lib/libvorbis.so.0.4.8
7f534bf3a000-7f534c13a000 ---p 0002b000 08:02 20596095                   /usr/lib/libvorbis.so.0.4.8
7f534c13a000-7f534c13b000 r--p 0002b000 08:02 20596095                   /usr/lib/libvorbis.so.0.4.8
7f534c13b000-7f534c13c000 rw-p 0002c000 08:02 20596095                   /usr/lib/libvorbis.so.0.4.8
7f534c13c000-7f534c145000 r-xp 00000000 08:02 20591939                   /usr/lib/libltdl.so.7.3.1
7f534c145000-7f534c344000 ---p 00009000 08:02 20591939                   /usr/lib/libltdl.so.7.3.1
7f534c344000-7f534c345000 r--p 00008000 08:02 20591939                   /usr/lib/libltdl.so.7.3.1
7f534c345000-7f534c346000 rw-p 00009000 08:02 20591939                   /usr/lib/libltdl.so.7.3.1
7f534c346000-7f534c35a000 r-xp 00000000 08:02 20596049                   /usr/lib/libtdb.so.1.3.8
7f534c35a000-7f534c559000 ---p 00014000 08:02 20596049                   /usr/lib/libtdb.so.1.3.8
7f534c559000-7f534c55a000 r--p 00013000 08:02 20596049                   /usr/lib/libtdb.so.1.3.8
7f534c55a000-7f534c55b000 rw-p 00014000 08:02 20596049                   /usr/lib/libtdb.so.1.3.8
7f534c55b000-7f534c563000 r-xp 00000000 08:02 20596097                   /usr/lib/libvorbisfile.so.3.3.7
7f534c563000-7f534c762000 ---p 00008000 08:02 20596097                   /usr/lib/libvorbisfile.so.3.3.7
7f534c762000-7f534c763000 r--p 00007000 08:02 20596097                   /usr/lib/libvorbisfile.so.3.3.7
7f534c763000-7f534c764000 rw-p 00008000 08:02 20596097                   /usr/lib/libvorbisfile.so.3.3.7
7f534c764000-7f534c775000 r-xp 00000000 08:02 20595314                   /usr/lib/libcanberra.so.0.2.5
7f534c775000-7f534c974000 ---p 00011000 08:02 20595314                   /usr/lib/libcanberra.so.0.2.5
7f534c974000-7f534c975000 r--p 00010000 08:02 20595314                   /usr/lib/libcanberra.so.0.2.5
7f534c975000-7f534c976000 rw-p 00011000 08:02 20595314                   /usr/lib/libcanberra.so.0.2.5
7f534c976000-7f534c97a000 r-xp 00000000 08:02 20595316                   /usr/lib/libcanberra-gtk.so.0.1.9
7f534c97a000-7f534cb79000 ---p 00004000 08:02 20595316                   /usr/lib/libcanberra-gtk.so.0.1.9
7f534cb79000-7f534cb7a000 r--p 00003000 08:02 20595316                   /usr/lib/libcanberra-gtk.so.0.1.9
7f534cb7a000-7f534cb7b000 rw-p 00004000 08:02 20595316                   /usr/lib/libcanberra-gtk.so.0.1.9
7f534cb7b000-7f534cb80000 r-xp 00000000 08:02 21627764                   /usr/lib/gtk-2.0/modules/libcanberra-gtk-module.so
7f534cb80000-7f534cd7f000 ---p 00005000 08:02 21627764                   /usr/lib/gtk-2.0/modules/libcanberra-gtk-module.so
7f534cd7f000-7f534cd80000 r--p 00004000 08:02 21627764                   /usr/lib/gtk-2.0/modules/libcanberra-gtk-module.so
7f534cd80000-7f534cd81000 rw-p 00005000 08:02 21627764                   /usr/lib/gtk-2.0/modules/libcanberra-gtk-module.so
7f534cd81000-7f534cdaa000 r-xp 00000000 08:02 21631821                   /usr/lib/jvm/java-8-openjdk/jre/lib/amd64/libglass.so
7f534cdaa000-7f534cfa9000 ---p 00029000 08:02 21631821                   /usr/lib/jvm/java-8-openjdk/jre/lib/amd64/libglass.so
7f534cfa9000-7f534cfab000 rw-p 00028000 08:02 21631821                   /usr/lib/jvm/java-8-openjdk/jre/lib/amd64/libglass.so
7f534cfab000-7f534cfac000 rw-p 00000000 00:00 0 
7f534cfac000-7f534cfb0000 r-xp 00000000 08:02 20583993                   /usr/lib/libtxc_dxtn.so
7f534cfb0000-7f534d1af000 ---p 00004000 08:02 20583993                   /usr/lib/libtxc_dxtn.so
7f534d1af000-7f534d1b0000 r--p 00003000 08:02 20583993                   /usr/lib/libtxc_dxtn.so
7f534d1b0000-7f534d1b1000 rw-p 00004000 08:02 20583993                   /usr/lib/libtxc_dxtn.so
7f534d1b1000-7f534d1b9000 r-xp 00000000 08:02 20583940                   /usr/lib/libpciaccess.so.0.11.1
7f534d1b9000-7f534d3b9000 ---p 00008000 08:02 20583940                   /usr/lib/libpciaccess.so.0.11.1
7f534d3b9000-7f534d3ba000 r--p 00008000 08:02 20583940                   /usr/lib/libpciaccess.so.0.11.1
7f534d3ba000-7f534d3bb000 rw-p 00009000 08:02 20583940                   /usr/lib/libpciaccess.so.0.11.1
7f534d3bb000-7f534d3ce000 r-xp 00000000 08:02 20582091                   /usr/lib/libgpg-error.so.0.18.0
7f534d3ce000-7f534d5cd000 ---p 00013000 08:02 20582091                   /usr/lib/libgpg-error.so.0.18.0
7f534d5cd000-7f534d5ce000 r--p 00012000 08:02 20582091                   /usr/lib/libgpg-error.so.0.18.0
7f534d5ce000-7f534d5cf000 rw-p 00013000 08:02 20582091                   /usr/lib/libgpg-error.so.0.18.0
7f534d5cf000-7f534d5da000 r-xp 00000000 08:02 20581997                   /usr/lib/libdrm_radeon.so.1.0.1
7f534d5da000-7f534d7d9000 ---p 0000b000 08:02 20581997                   /usr/lib/libdrm_radeon.so.1.0.1
7f534d7d9000-7f534d7da000 r--p 0000a000 08:02 20581997                   /usr/lib/libdrm_radeon.so.1.0.1
7f534d7da000-7f534d7db000 rw-p 0000b000 08:02 20581997                   /usr/lib/libdrm_radeon.so.1.0.1
7f534d7db000-7f534d7e2000 r-xp 00000000 08:02 20582003                   /usr/lib/libdrm_nouveau.so.2.0.0
7f534d7e2000-7f534d9e1000 ---p 00007000 08:02 20582003                   /usr/lib/libdrm_nouveau.so.2.0.0
7f534d9e1000-7f534d9e2000 r--p 00006000 08:02 20582003                   /usr/lib/libdrm_nouveau.so.2.0.0
7f534d9e2000-7f534d9e3000 rw-p 00007000 08:02 20582003                   /usr/lib/libdrm_nouveau.so.2.0.0
7f534d9e3000-7f534da03000 r-xp 00000000 08:02 20581998                   /usr/lib/libdrm_intel.so.1.0.0
7f534da03000-7f534dc02000 ---p 00020000 08:02 20581998                   /usr/lib/libdrm_intel.so.1.0.0
7f534dc02000-7f534dc03000 r--p 0001f000 08:02 20581998                   /usr/lib/libdrm_intel.so.1.0.0
7f534dc03000-7f534dc04000 rw-p 00020000 08:02 20581998                   /usr/lib/libdrm_intel.so.1.0.0
7f534dc04000-7f534dd0a000 r-xp 00000000 08:02 20590213                   /usr/lib/libgcrypt.so.20.1.0
7f534dd0a000-7f534df09000 ---p 00106000 08:02 20590213                   /usr/lib/libgcrypt.so.20.1.0
7f534df09000-7f534df0b000 r--p 00105000 08:02 20590213                   /usr/lib/libgcrypt.so.20.1.0
7f534df0b000-7f534df12000 rw-p 00107000 08:02 20590213                   /usr/lib/libgcrypt.so.20.1.0
7f534df12000-7f534e51a000 r-xp 00000000 08:02 20848929                   /usr/lib/xorg/modules/dri/i965_dri.so
7f534e51a000-7f534e71a000 ---p 00608000 08:02 20848929                   /usr/lib/xorg/modules/dri/i965_dri.so
7f534e71a000-7f534e750000 r--p 00608000 08:02 20848929                   /usr/lib/xorg/modules/dri/i965_dri.so
7f534e750000-7f534e757000 rw-p 0063e000 08:02 20848929                   /usr/lib/xorg/modules/dri/i965_dri.so
7f534e757000-7f534e75f000 rw-p 00000000 00:00 0 
7f534e75f000-7f534e763000 r-xp 00000000 08:02 20578916                   /usr/lib/libcap.so.2.25
7f534e763000-7f534e962000 ---p 00004000 08:02 20578916                   /usr/lib/libcap.so.2.25
7f534e962000-7f534e963000 rw-p 00003000 08:02 20578916                   /usr/lib/libcap.so.2.25
7f534e963000-7f534e96a000 r-xp 00000000 08:02 20592744                   /usr/lib/libdatrie.so.1.3.3
7f534e96a000-7f534eb69000 ---p 00007000 08:02 20592744                   /usr/lib/libdatrie.so.1.3.3
7f534eb69000-7f534eb6a000 r--p 00006000 08:02 20592744                   /usr/lib/libdatrie.so.1.3.3
7f534eb6a000-7f534eb6b000 rw-p 00007000 08:02 20592744                   /usr/lib/libdatrie.so.1.3.3
7f534eb6b000-7f534eb95000 r-xp 00000000 08:02 20593236                   /usr/lib/libgraphite2.so.3.0.1
7f534eb95000-7f534ed94000 ---p 0002a000 08:02 20593236                   /usr/lib/libgraphite2.so.3.0.1
7f534ed94000-7f534ed96000 r--p 00029000 08:02 20593236                   /usr/lib/libgraphite2.so.3.0.1
7f534ed96000-7f534ed97000 rw-p 0002b000 08:02 20593236                   /usr/lib/libgraphite2.so.3.0.1
7f534ed97000-7f534ed9c000 r-xp 00000000 08:02 20583718                   /usr/lib/libXdmcp.so.6.0.0
7f534ed9c000-7f534ef9b000 ---p 00005000 08:02 20583718                   /usr/lib/libXdmcp.so.6.0.0
7f534ef9b000-7f534ef9c000 r--p 00004000 08:02 20583718                   /usr/lib/libXdmcp.so.6.0.0
7f534ef9c000-7f534ef9d000 rw-p 00005000 08:02 20583718                   /usr/lib/libXdmcp.so.6.0.0
7f534ef9d000-7f534ef9f000 r-xp 00000000 08:02 20583716                   /usr/lib/libXau.so.6.0.0
7f534ef9f000-7f534f19f000 ---p 00002000 08:02 20583716                   /usr/lib/libXau.so.6.0.0
7f534f19f000-7f534f1a0000 r--p 00002000 08:02 20583716                   /usr/lib/libXau.so.6.0.0
7f534f1a0000-7f534f1a1000 rw-p 00003000 08:02 20583716                   /usr/lib/libXau.so.6.0.0
7f534f1a1000-7f534f1b1000 r-xp 00000000 08:02 20580193                   /usr/lib/libwayland-server.so.0.1.0
7f534f1b1000-7f534f3b0000 ---p 00010000 08:02 20580193                   /usr/lib/libwayland-server.so.0.1.0
7f534f3b0000-7f534f3b2000 r--p 0000f000 08:02 20580193                   /usr/lib/libwayland-server.so.0.1.0
7f534f3b2000-7f534f3b3000 rw-p 00011000 08:02 20580193                   /usr/lib/libwayland-server.so.0.1.0
7f534f3b3000-7f534f3bf000 r-xp 00000000 08:02 20580194                   /usr/lib/libwayland-client.so.0.3.0
7f534f3bf000-7f534f5bf000 ---p 0000c000 08:02 20580194                   /usr/lib/libwayland-client.so.0.3.0
7f534f5bf000-7f534f5c1000 r--p 0000c000 08:02 20580194                   /usr/lib/libwayland-client.so.0.3.0
7f534f5c1000-7f534f5c2000 rw-p 0000e000 08:02 20580194                   /usr/lib/libwayland-client.so.0.3.0
7f534f5c2000-7f534f5ce000 r-xp 00000000 08:02 20583561                   /usr/lib/libgbm.so.1.0.0
7f534f5ce000-7f534f7ce000 ---p 0000c000 08:02 20583561                   /usr/lib/libgbm.so.1.0.0
7f534f7ce000-7f534f7cf000 r--p 0000c000 08:02 20583561                   /usr/lib/libgbm.so.1.0.0
7f534f7cf000-7f534f7d0000 rw-p 0000d000 08:02 20583561                   /usr/lib/libgbm.so.1.0.0
7f534f7d0000-7f534f7de000 r-xp 00000000 08:02 20583860                   /usr/lib/libdrm.so.2.4.0
7f534f7de000-7f534f9dd000 ---p 0000e000 08:02 20583860                   /usr/lib/libdrm.so.2.4.0
7f534f9dd000-7f534f9de000 r--p 0000d000 08:02 20583860                   /usr/lib/libdrm.so.2.4.0
7f534f9de000-7f534f9df000 rw-p 0000e000 08:02 20583860                   /usr/lib/libdrm.so.2.4.0
7f534f9df000-7f534f9e3000 r-xp 00000000 08:02 20584012                   /usr/lib/libxcb-dri2.so.0.0.0
7f534f9e3000-7f534fbe2000 ---p 00004000 08:02 20584012                   /usr/lib/libxcb-dri2.so.0.0.0
7f534fbe2000-7f534fbe3000 r--p 00003000 08:02 20584012                   /usr/lib/libxcb-dri2.so.0.0.0
7f534fbe3000-7f534fbe4000 rw-p 00004000 08:02 20584012                   /usr/lib/libxcb-dri2.so.0.0.0
7f534fbe4000-7f534fbfb000 r-xp 00000000 08:02 20584014                   /usr/lib/libxcb-glx.so.0.0.0
7f534fbfb000-7f534fdfb000 ---p 00017000 08:02 20584014                   /usr/lib/libxcb-glx.so.0.0.0
7f534fdfb000-7f534fdfd000 r--p 00017000 08:02 20584014                   /usr/lib/libxcb-glx.so.0.0.0
7f534fdfd000-7f534fdfe000 rw-p 00019000 08:02 20584014                   /usr/lib/libxcb-glx.so.0.0.0
7f534fdfe000-7f534fdff000 r-xp 00000000 08:02 20583714                   /usr/lib/libX11-xcb.so.1.0.0
7f534fdff000-7f534fffe000 ---p 00001000 08:02 20583714                   /usr/lib/libX11-xcb.so.1.0.0
7f534fffe000-7f534ffff000 r--p 00000000 08:02 20583714                   /usr/lib/libX11-xcb.so.1.0.0
7f534ffff000-7f5350000000 rw-p 00001000 08:02 20583714                   /usr/lib/libX11-xcb.so.1.0.0
7f5350000000-7f5351f91000 rw-p 00000000 00:00 0 
7f5351f91000-7f5354000000 ---p 00000000 00:00 0 
7f535400e000-7f53540c7000 r--p 00000000 08:02 22417750                   /usr/share/fonts/TTF/DejaVuSans.ttf
7f53540c7000-7f53540f0000 r-xp 00000000 08:02 20583562                   /usr/lib/libglapi.so.0.0.0
7f53540f0000-7f53542ef000 ---p 00029000 08:02 20583562                   /usr/lib/libglapi.so.0.0.0
7f53542ef000-7f53542f3000 r--p 00028000 08:02 20583562                   /usr/lib/libglapi.so.0.0.0
7f53542f3000-7f53542f4000 rw-p 0002c000 08:02 20583562                   /usr/lib/libglapi.so.0.0.0
7f53542f4000-7f53542f5000 rw-p 00000000 00:00 0 
7f53542f5000-7f53542f6000 r-xp 00000000 08:02 20584035                   /usr/lib/libxshmfence.so.1.0.0
7f53542f6000-7f53544f6000 ---p 00001000 08:02 20584035                   /usr/lib/libxshmfence.so.1.0.0
7f53544f6000-7f53544f7000 r--p 00001000 08:02 20584035                   /usr/lib/libxshmfence.so.1.0.0
7f53544f7000-7f53544f8000 rw-p 00002000 08:02 20584035                   /usr/lib/libxshmfence.so.1.0.0
7f53544f8000-7f53544fd000 r-xp 00000000 08:02 20584023                   /usr/lib/libxcb-sync.so.1.0.0
7f53544fd000-7f53546fd000 ---p 00005000 08:02 20584023                   /usr/lib/libxcb-sync.so.1.0.0
7f53546fd000-7f53546fe000 r--p 00005000 08:02 20584023                   /usr/lib/libxcb-sync.so.1.0.0
7f53546fe000-7f53546ff000 rw-p 00006000 08:02 20584023                   /usr/lib/libxcb-sync.so.1.0.0
7f53546ff000-7f5354702000 r-xp 00000000 08:02 20584021                   /usr/lib/libxcb-shape.so.0.0.0
7f5354702000-7f5354901000 ---p 00003000 08:02 20584021                   /usr/lib/libxcb-shape.so.0.0.0
7f5354901000-7f5354902000 r--p 00002000 08:02 20584021                   /usr/lib/libxcb-shape.so.0.0.0
7f5354902000-7f5354903000 rw-p 00003000 08:02 20584021                   /usr/lib/libxcb-shape.so.0.0.0
7f5354903000-7f5354909000 r-xp 00000000 08:02 20584026                   /usr/lib/libxcb-xfixes.so.0.0.0
7f5354909000-7f5354b09000 ---p 00006000 08:02 20584026                   /usr/lib/libxcb-xfixes.so.0.0.0
7f5354b09000-7f5354b0a000 r--p 00006000 08:02 20584026                   /usr/lib/libxcb-xfixes.so.0.0.0
7f5354b0a000-7f5354b0b000 rw-p 00007000 08:02 20584026                   /usr/lib/libxcb-xfixes.so.0.0.0
7f5354b0b000-7f5354b18000 r-xp 00000000 08:02 20584016                   /usr/lib/libxcb-randr.so.0.1.0
7f5354b18000-7f5354d17000 ---p 0000d000 08:02 20584016                   /usr/lib/libxcb-randr.so.0.1.0
7f5354d17000-7f5354d18000 r--p 0000c000 08:02 20584016                   /usr/lib/libxcb-randr.so.0.1.0
7f5354d18000-7f5354d19000 rw-p 0000d000 08:02 20584016                   /usr/lib/libxcb-randr.so.0.1.0
7f5354d19000-7f5354d1b000 r-xp 00000000 08:02 20584015                   /usr/lib/libxcb-present.so.0.0.0
7f5354d1b000-7f5354f1a000 ---p 00002000 08:02 20584015                   /usr/lib/libxcb-present.so.0.0.0
7f5354f1a000-7f5354f1b000 r--p 00001000 08:02 20584015                   /usr/lib/libxcb-present.so.0.0.0
7f5354f1b000-7f5354f1c000 rw-p 00002000 08:02 20584015                   /usr/lib/libxcb-present.so.0.0.0
7f5354f1c000-7f5354f1e000 r-xp 00000000 08:02 20584013                   /usr/lib/libxcb-dri3.so.0.0.0
7f5354f1e000-7f535511d000 ---p 00002000 08:02 20584013                   /usr/lib/libxcb-dri3.so.0.0.0
7f535511d000-7f535511e000 r--p 00001000 08:02 20584013                   /usr/lib/libxcb-dri3.so.0.0.0
7f535511e000-7f535511f000 rw-p 00002000 08:02 20584013                   /usr/lib/libxcb-dri3.so.0.0.0
7f535511f000-7f535518e000 r-xp 00000000 08:02 20582360                   /usr/lib/libpcre.so.1.2.6
7f535518e000-7f535538d000 ---p 0006f000 08:02 20582360                   /usr/lib/libpcre.so.1.2.6
7f535538d000-7f535538e000 r--p 0006e000 08:02 20582360                   /usr/lib/libpcre.so.1.2.6
7f535538e000-7f535538f000 rw-p 0006f000 08:02 20582360                   /usr/lib/libpcre.so.1.2.6
7f535538f000-7f535539e000 r-xp 00000000 08:02 20583744                   /usr/lib/libbz2.so.1.0.6
7f535539e000-7f535559d000 ---p 0000f000 08:02 20583744                   /usr/lib/libbz2.so.1.0.6
7f535559d000-7f535559f000 rw-p 0000e000 08:02 20583744                   /usr/lib/libbz2.so.1.0.6
7f535559f000-7f53555c8000 r-xp 00000000 08:02 20582032                   /usr/lib/libexpat.so.1.6.0
7f53555c8000-7f53557c8000 ---p 00029000 08:02 20582032                   /usr/lib/libexpat.so.1.6.0
7f53557c8000-7f53557ca000 r--p 00029000 08:02 20582032                   /usr/lib/libexpat.so.1.6.0
7f53557ca000-7f53557cb000 rw-p 0002b000 08:02 20582032                   /usr/lib/libexpat.so.1.6.0
7f53557cb000-7f53557d3000 r-xp 00000000 08:02 20583801                   /usr/lib/libffi.so.6.0.4
7f53557d3000-7f53559d2000 ---p 00008000 08:02 20583801                   /usr/lib/libffi.so.6.0.4
7f53559d2000-7f53559d3000 r--p 00007000 08:02 20583801                   /usr/lib/libffi.so.6.0.4
7f53559d3000-7f53559d4000 rw-p 00008000 08:02 20583801                   /usr/lib/libffi.so.6.0.4
7f53559d4000-7f53559dc000 r-xp 00000000 08:02 20593234                   /usr/lib/libthai.so.0.2.4
7f53559dc000-7f5355bdb000 ---p 00008000 08:02 20593234                   /usr/lib/libthai.so.0.2.4
7f5355bdb000-7f5355bdc000 r--p 00007000 08:02 20593234                   /usr/lib/libthai.so.0.2.4
7f5355bdc000-7f5355bdd000 rw-p 00008000 08:02 20593234                   /usr/lib/libthai.so.0.2.4
7f5355bdd000-7f5355c57000 r-xp 00000000 08:02 20593512                   /usr/lib/libharfbuzz.so.0.10200.7
7f5355c57000-7f5355e57000 ---p 0007a000 08:02 20593512                   /usr/lib/libharfbuzz.so.0.10200.7
7f5355e57000-7f5355e58000 r--p 0007a000 08:02 20593512                   /usr/lib/libharfbuzz.so.0.10200.7
7f5355e58000-7f5355e59000 rw-p 0007b000 08:02 20593512                   /usr/lib/libharfbuzz.so.0.10200.7
7f5355e59000-7f5355e6d000 r-xp 00000000 08:02 20585662                   /usr/lib/libresolv-2.23.so
7f5355e6d000-7f535606c000 ---p 00014000 08:02 20585662                   /usr/lib/libresolv-2.23.so
7f535606c000-7f535606d000 r--p 00013000 08:02 20585662                   /usr/lib/libresolv-2.23.so
7f535606d000-7f535606e000 rw-p 00014000 08:02 20585662                   /usr/lib/libresolv-2.23.so
7f535606e000-7f5356070000 rw-p 00000000 00:00 0 
7f5356070000-7f5356091000 r-xp 00000000 08:02 20584034                   /usr/lib/libxcb.so.1.1.0
7f5356091000-7f5356291000 ---p 00021000 08:02 20584034                   /usr/lib/libxcb.so.1.1.0
7f5356291000-7f5356292000 r--p 00021000 08:02 20584034                   /usr/lib/libxcb.so.1.1.0
7f5356292000-7f5356293000 rw-p 00022000 08:02 20584034                   /usr/lib/libxcb.so.1.1.0
7f5356293000-7f535629c000 r-xp 00000000 08:02 20584018                   /usr/lib/libxcb-render.so.0.0.0
7f535629c000-7f535649b000 ---p 00009000 08:02 20584018                   /usr/lib/libxcb-render.so.0.0.0
7f535649b000-7f535649c000 r--p 00008000 08:02 20584018                   /usr/lib/libxcb-render.so.0.0.0
7f535649c000-7f535649d000 rw-p 00009000 08:02 20584018                   /usr/lib/libxcb-render.so.0.0.0
7f535649d000-7f535649f000 r-xp 00000000 08:02 20584022                   /usr/lib/libxcb-shm.so.0.0.0
7f535649f000-7f535669f000 ---p 00002000 08:02 20584022                   /usr/lib/libxcb-shm.so.0.0.0
7f535669f000-7f53566a0000 r--p 00002000 08:02 20584022                   /usr/lib/libxcb-shm.so.0.0.0
7f53566a0000-7f53566a1000 rw-p 00003000 08:02 20584022                   /usr/lib/libxcb-shm.so.0.0.0
7f53566a1000-7f53566d5000 r-xp 00000000 08:02 20590407                   /usr/lib/libpng16.so.16.21.0
7f53566d5000-7f53568d4000 ---p 00034000 08:02 20590407                   /usr/lib/libpng16.so.16.21.0
7f53568d4000-7f53568d5000 r--p 00033000 08:02 20590407                   /usr/lib/libpng16.so.16.21.0
7f53568d5000-7f53568d6000 rw-p 00034000 08:02 20590407                   /usr/lib/libpng16.so.16.21.0
7f53568d6000-7f5356905000 r-xp 00000000 08:02 20585555                   /usr/lib/mesa/libEGL.so.1.0.0
7f5356905000-7f5356b05000 ---p 0002f000 08:02 20585555                   /usr/lib/mesa/libEGL.so.1.0.0
7f5356b05000-7f5356b06000 r--p 0002f000 08:02 20585555                   /usr/lib/mesa/libEGL.so.1.0.0
7f5356b06000-7f5356b07000 rw-p 00030000 08:02 20585555                   /usr/lib/mesa/libEGL.so.1.0.0
7f5356b07000-7f5356ba6000 r-xp 00000000 08:02 20585576                   /usr/lib/libpixman-1.so.0.34.0
7f5356ba6000-7f5356da6000 ---p 0009f000 08:02 20585576                   /usr/lib/libpixman-1.so.0.34.0
7f5356da6000-7f5356dae000 r--p 0009f000 08:02 20585576                   /usr/lib/libpixman-1.so.0.34.0
7f5356dae000-7f5356daf000 rw-p 000a7000 08:02 20585576                   /usr/lib/libpixman-1.so.0.34.0
7f5356daf000-7f5356dc0000 r-xp 00000000 08:02 20583719                   /usr/lib/libXext.so.6.4.0
7f5356dc0000-7f5356fbf000 ---p 00011000 08:02 20583719                   /usr/lib/libXext.so.6.4.0
7f5356fbf000-7f5356fc0000 r--p 00010000 08:02 20583719                   /usr/lib/libXext.so.6.4.0
7f5356fc0000-7f5356fc1000 rw-p 00011000 08:02 20583719                   /usr/lib/libXext.so.6.4.0
7f5356fc1000-7f5356fc3000 r-xp 00000000 08:02 20583717                   /usr/lib/libXdamage.so.1.1.0
7f5356fc3000-7f53571c2000 ---p 00002000 08:02 20583717                   /usr/lib/libXdamage.so.1.1.0
7f53571c2000-7f53571c3000 r--p 00001000 08:02 20583717                   /usr/lib/libXdamage.so.1.1.0
7f53571c3000-7f53571c4000 rw-p 00002000 08:02 20583717                   /usr/lib/libXdamage.so.1.1.0
7f53571c4000-7f53571c6000 r-xp 00000000 08:02 20595194                   /usr/lib/libXcomposite.so.1.0.0
7f53571c6000-7f53573c5000 ---p 00002000 08:02 20595194                   /usr/lib/libXcomposite.so.1.0.0
7f53573c5000-7f53573c6000 r--p 00001000 08:02 20595194                   /usr/lib/libXcomposite.so.1.0.0
7f53573c6000-7f53573c7000 rw-p 00002000 08:02 20595194                   /usr/lib/libXcomposite.so.1.0.0
7f53573c7000-7f53573d1000 r-xp 00000000 08:02 20595195                   /usr/lib/libXcursor.so.1.0.2
7f53573d1000-7f53575d0000 ---p 0000a000 08:02 20595195                   /usr/lib/libXcursor.so.1.0.2
7f53575d0000-7f53575d1000 r--p 00009000 08:02 20595195                   /usr/lib/libXcursor.so.1.0.2
7f53575d1000-7f53575d2000 rw-p 0000a000 08:02 20595195                   /usr/lib/libXcursor.so.1.0.2
7f53575d2000-7f53575dc000 r-xp 00000000 08:02 20583722                   /usr/lib/libXrandr.so.2.2.0
7f53575dc000-7f53577db000 ---p 0000a000 08:02 20583722                   /usr/lib/libXrandr.so.2.2.0
7f53577db000-7f53577dc000 r--p 00009000 08:02 20583722                   /usr/lib/libXrandr.so.2.2.0
7f53577dc000-7f53577dd000 rw-p 0000a000 08:02 20583722                   /usr/lib/libXrandr.so.2.2.0
7f53577dd000-7f53577ec000 r-xp 00000000 08:02 20583721                   /usr/lib/libXi.so.6.1.0
7f53577ec000-7f53579eb000 ---p 0000f000 08:02 20583721                   /usr/lib/libXi.so.6.1.0
7f53579eb000-7f53579ec000 r--p 0000e000 08:02 20583721                   /usr/lib/libXi.so.6.1.0
7f53579ec000-7f53579ed000 rw-p 0000f000 08:02 20583721                   /usr/lib/libXi.so.6.1.0
7f53579ed000-7f53579ef000 r-xp 00000000 08:02 20595198                   /usr/lib/libXinerama.so.1.0.0
7f53579ef000-7f5357bee000 ---p 00002000 08:02 20595198                   /usr/lib/libXinerama.so.1.0.0
7f5357bee000-7f5357bef000 r--p 00001000 08:02 20595198                   /usr/lib/libXinerama.so.1.0.0
7f5357bef000-7f5357bf0000 rw-p 00002000 08:02 20595198                   /usr/lib/libXinerama.so.1.0.0
7f5357bf0000-7f5357bf9000 r-xp 00000000 08:02 20583723                   /usr/lib/libXrender.so.1.3.0
7f5357bf9000-7f5357df8000 ---p 00009000 08:02 20583723                   /usr/lib/libXrender.so.1.3.0
7f5357df8000-7f5357df9000 r--p 00008000 08:02 20583723                   /usr/lib/libXrender.so.1.3.0
7f5357df9000-7f5357dfa000 rw-p 00009000 08:02 20583723                   /usr/lib/libXrender.so.1.3.0
7f5357dfa000-7f5357dff000 r-xp 00000000 08:02 20583720                   /usr/lib/libXfixes.so.3.1.0
7f5357dff000-7f5357ffe000 ---p 00005000 08:02 20583720                   /usr/lib/libXfixes.so.3.1.0
7f5357ffe000-7f5357fff000 r--p 00004000 08:02 20583720                   /usr/lib/libXfixes.so.3.1.0
7f5357fff000-7f5358000000 rw-p 00005000 08:02 20583720                   /usr/lib/libXfixes.so.3.1.0
7f5358000000-7f5358021000 rw-p 00000000 00:00 0 
7f5358021000-7f535c000000 ---p 00000000 00:00 0 
7f535c000000-7f535c021000 rw-p 00000000 00:00 0 
7f535c021000-7f5360000000 ---p 00000000 00:00 0 
7f5360000000-7f5360963000 rw-p 00000000 00:00 0 
7f5360963000-7f5364000000 ---p 00000000 00:00 0 
7f5364000000-7f5364312000 rw-p 00000000 00:00 0 
7f5364312000-7f5368000000 ---p 00000000 00:00 0 
7f5368000000-7f5368021000 rw-p 00000000 00:00 0 
7f5368021000-7f536c000000 ---p 00000000 00:00 0 
7f536c000000-7f536c22a000 rw-p 00000000 00:00 0 
7f536c22a000-7f5370000000 ---p 00000000 00:00 0 
7f5370000000-7f5370021000 rw-p 00000000 00:00 0 
7f5370021000-7f5374000000 ---p 00000000 00:00 0 
7f5374000000-7f5374021000 rw-p 00000000 00:00 0 
7f5374021000-7f5378000000 ---p 00000000 00:00 0 
7f5378000000-7f5378021000 rw-p 00000000 00:00 0 
7f5378021000-7f537c000000 ---p 00000000 00:00 0 
7f537c000000-7f537c021000 rw-p 00000000 00:00 0 
7f537c021000-7f5380000000 ---p 00000000 00:00 0 
7f5380000000-7f5380021000 rw-p 00000000 00:00 0 
7f5380021000-7f5384000000 ---p 00000000 00:00 0 
7f5384001000-7f538400f000 rw-s 00000000 00:05 304267                     /drm mm object (deleted)
7f538400f000-7f538401f000 rw-s 00000000 00:05 300371                     /drm mm object (deleted)
7f538401f000-7f538402b000 rw-s 00000000 00:05 300348                     /drm mm object (deleted)
7f538402b000-7f538402e000 r-xp 00000000 08:02 20582065                   /usr/lib/libgmodule-2.0.so.0.4800.1
7f538402e000-7f538422d000 ---p 00003000 08:02 20582065                   /usr/lib/libgmodule-2.0.so.0.4800.1
7f538422d000-7f538422e000 r--p 00002000 08:02 20582065                   /usr/lib/libgmodule-2.0.so.0.4800.1
7f538422e000-7f538422f000 rw-p 00003000 08:02 20582065                   /usr/lib/libgmodule-2.0.so.0.4800.1
7f538422f000-7f5384245000 r-xp 00000000 08:02 20581921                   /usr/lib/libgcc_s.so.1
7f5384245000-7f5384444000 ---p 00016000 08:02 20581921                   /usr/lib/libgcc_s.so.1
7f5384444000-7f5384445000 rw-p 00015000 08:02 20581921                   /usr/lib/libgcc_s.so.1
7f5384445000-7f53845bd000 r-xp 00000000 08:02 20582467                   /usr/lib/libstdc++.so.6.0.22
7f53845bd000-7f53847bc000 ---p 00178000 08:02 20582467                   /usr/lib/libstdc++.so.6.0.22
7f53847bc000-7f53847c6000 r--p 00177000 08:02 20582467                   /usr/lib/libstdc++.so.6.0.22
7f53847c6000-7f53847c8000 rw-p 00181000 08:02 20582467                   /usr/lib/libstdc++.so.6.0.22
7f53847c8000-7f53847cc000 rw-p 00000000 00:00 0 
7f53847cc000-7f5384839000 r-xp 00000000 08:02 20585554                   /usr/lib/mesa/libGL.so.1.2.0
7f5384839000-7f5384a38000 ---p 0006d000 08:02 20585554                   /usr/lib/mesa/libGL.so.1.2.0
7f5384a38000-7f5384a3b000 r--p 0006c000 08:02 20585554                   /usr/lib/mesa/libGL.so.1.2.0
7f5384a3b000-7f5384a3c000 rw-p 0006f000 08:02 20585554                   /usr/lib/mesa/libGL.so.1.2.0
7f5384a3c000-7f5384a3d000 rw-p 00000000 00:00 0 
7f5384a3d000-7f5384a42000 r-xp 00000000 08:02 20583725                   /usr/lib/libXxf86vm.so.1.0.0
7f5384a42000-7f5384c41000 ---p 00005000 08:02 20583725                   /usr/lib/libXxf86vm.so.1.0.0
7f5384c41000-7f5384c42000 r--p 00004000 08:02 20583725                   /usr/lib/libXxf86vm.so.1.0.0
7f5384c42000-7f5384c43000 rw-p 00005000 08:02 20583725                   /usr/lib/libXxf86vm.so.1.0.0
7f5384c43000-7f5384d7e000 r-xp 00000000 08:02 20583715                   /usr/lib/libX11.so.6.3.0
7f5384d7e000-7f5384f7d000 ---p 0013b000 08:02 20583715                   /usr/lib/libX11.so.6.3.0
7f5384f7d000-7f5384f7f000 r--p 0013a000 08:02 20583715                   /usr/lib/libX11.so.6.3.0
7f5384f7f000-7f5384f84000 rw-p 0013c000 08:02 20583715                   /usr/lib/libX11.so.6.3.0
7f5384f84000-7f5384f85000 rw-p 00000000 00:00 0 
7f5384f85000-7f5384f8a000 r-xp 00000000 08:02 20583724                   /usr/lib/libXtst.so.6.1.0
7f5384f8a000-7f5385189000 ---p 00005000 08:02 20583724                   /usr/lib/libXtst.so.6.1.0
7f5385189000-7f538518a000 r--p 00004000 08:02 20583724                   /usr/lib/libXtst.so.6.1.0
7f538518a000-7f538518b000 rw-p 00005000 08:02 20583724                   /usr/lib/libXtst.so.6.1.0
7f538518b000-7f5385298000 r-xp 00000000 08:02 20582064                   /usr/lib/libglib-2.0.so.0.4800.1
7f5385298000-7f5385497000 ---p 0010d000 08:02 20582064                   /usr/lib/libglib-2.0.so.0.4800.1
7f5385497000-7f5385498000 r--p 0010c000 08:02 20582064                   /usr/lib/libglib-2.0.so.0.4800.1
7f5385498000-7f5385499000 rw-p 0010d000 08:02 20582064                   /usr/lib/libglib-2.0.so.0.4800.1
7f5385499000-7f538549a000 rw-p 00000000 00:00 0 
7f538549a000-7f538549b000 r-xp 00000000 08:02 20582068                   /usr/lib/libgthread-2.0.so.0.4800.1
7f538549b000-7f538569a000 ---p 00001000 08:02 20582068                   /usr/lib/libgthread-2.0.so.0.4800.1
7f538569a000-7f538569b000 r--p 00000000 08:02 20582068                   /usr/lib/libgthread-2.0.so.0.4800.1
7f538569b000-7f538569c000 rw-p 00001000 08:02 20582068                   /usr/lib/libgthread-2.0.so.0.4800.1
7f538569c000-7f5385755000 r-xp 00000000 08:02 20593427                   /usr/lib/libfreetype.so.6.12.3
7f5385755000-7f5385955000 ---p 000b9000 08:02 20593427                   /usr/lib/libfreetype.so.6.12.3
7f5385955000-7f538595b000 r--p 000b9000 08:02 20593427                   /usr/lib/libfreetype.so.6.12.3
7f538595b000-7f538595c000 rw-p 000bf000 08:02 20593427                   /usr/lib/libfreetype.so.6.12.3
7f538595c000-7f538599a000 r-xp 00000000 08:02 20585572                   /usr/lib/libfontconfig.so.1.9.1
7f538599a000-7f5385b99000 ---p 0003e000 08:02 20585572                   /usr/lib/libfontconfig.so.1.9.1
7f5385b99000-7f5385b9b000 r--p 0003d000 08:02 20585572                   /usr/lib/libfontconfig.so.1.9.1
7f5385b9b000-7f5385ba0000 rw-p 0003f000 08:02 20585572                   /usr/lib/libfontconfig.so.1.9.1
7f5385ba0000-7f5385bf1000 r-xp 00000000 08:02 20582069                   /usr/lib/libgobject-2.0.so.0.4800.1
7f5385bf1000-7f5385df0000 ---p 00051000 08:02 20582069                   /usr/lib/libgobject-2.0.so.0.4800.1
7f5385df0000-7f5385df1000 r--p 00050000 08:02 20582069                   /usr/lib/libgobject-2.0.so.0.4800.1
7f5385df1000-7f5385df2000 rw-p 00051000 08:02 20582069                   /usr/lib/libgobject-2.0.so.0.4800.1
7f5385df2000-7f5385e3b000 r-xp 00000000 08:02 20585588                   /usr/lib/libpango-1.0.so.0.4000.1
7f5385e3b000-7f538603b000 ---p 00049000 08:02 20585588                   /usr/lib/libpango-1.0.so.0.4000.1
7f538603b000-7f538603d000 r--p 00049000 08:02 20585588                   /usr/lib/libpango-1.0.so.0.4000.1
7f538603d000-7f538603e000 rw-p 0004b000 08:02 20585588                   /usr/lib/libpango-1.0.so.0.4000.1
7f538603e000-7f5386052000 r-xp 00000000 08:02 20585589                   /usr/lib/libpangoft2-1.0.so.0.4000.1
7f5386052000-7f5386251000 ---p 00014000 08:02 20585589                   /usr/lib/libpangoft2-1.0.so.0.4000.1
7f5386251000-7f5386252000 r--p 00013000 08:02 20585589                   /usr/lib/libpangoft2-1.0.so.0.4000.1
7f5386252000-7f5386253000 rw-p 00014000 08:02 20585589                   /usr/lib/libpangoft2-1.0.so.0.4000.1
7f5386253000-7f53863d1000 r-xp 00000000 08:02 20582070                   /usr/lib/libgio-2.0.so.0.4800.1
7f53863d1000-7f53865d1000 ---p 0017e000 08:02 20582070                   /usr/lib/libgio-2.0.so.0.4800.1
7f53865d1000-7f53865d5000 r--p 0017e000 08:02 20582070                   /usr/lib/libgio-2.0.so.0.4800.1
7f53865d5000-7f53865d7000 rw-p 00182000 08:02 20582070                   /usr/lib/libgio-2.0.so.0.4800.1
7f53865d7000-7f53865d9000 rw-p 00000000 00:00 0 
7f53865d9000-7f53865fd000 r-xp 00000000 08:02 20592718                   /usr/lib/libgdk_pixbuf-2.0.so.0.3400.0
7f53865fd000-7f53867fd000 ---p 00024000 08:02 20592718                   /usr/lib/libgdk_pixbuf-2.0.so.0.3400.0
7f53867fd000-7f53867fe000 r--p 00024000 08:02 20592718                   /usr/lib/libgdk_pixbuf-2.0.so.0.3400.0
7f53867fe000-7f53867ff000 rw-p 00025000 08:02 20592718                   /usr/lib/libgdk_pixbuf-2.0.so.0.3400.0
7f53867ff000-7f5386928000 r-xp 00000000 08:02 20595310                   /usr/lib/libcairo.so.2.11400.6
7f5386928000-7f5386b28000 ---p 00129000 08:02 20595310                   /usr/lib/libcairo.so.2.11400.6
7f5386b28000-7f5386b2b000 r--p 00129000 08:02 20595310                   /usr/lib/libcairo.so.2.11400.6
7f5386b2b000-7f5386b2d000 rw-p 0012c000 08:02 20595310                   /usr/lib/libcairo.so.2.11400.6
7f5386b2d000-7f5386b2e000 rw-p 00000000 00:00 0 
7f5386b2e000-7f5386b51000 r-xp 00000000 08:02 20590692                   /usr/lib/libatk-1.0.so.0.22009.1
7f5386b51000-7f5386d50000 ---p 00023000 08:02 20590692                   /usr/lib/libatk-1.0.so.0.22009.1
7f5386d50000-7f5386d53000 r--p 00022000 08:02 20590692                   /usr/lib/libatk-1.0.so.0.22009.1
7f5386d53000-7f5386d54000 rw-p 00025000 08:02 20590692                   /usr/lib/libatk-1.0.so.0.22009.1
7f5386d54000-7f5386d60000 r-xp 00000000 08:02 20585591                   /usr/lib/libpangocairo-1.0.so.0.4000.1
7f5386d60000-7f5386f5f000 ---p 0000c000 08:02 20585591                   /usr/lib/libpangocairo-1.0.so.0.4000.1
7f5386f5f000-7f5386f60000 r--p 0000b000 08:02 20585591                   /usr/lib/libpangocairo-1.0.so.0.4000.1
7f5386f60000-7f5386f61000 rw-p 0000c000 08:02 20585591                   /usr/lib/libpangocairo-1.0.so.0.4000.1
7f5386f61000-7f5387011000 r-xp 00000000 08:02 20595414                   /usr/lib/libgdk-x11-2.0.so.0.2400.30
7f5387011000-7f5387211000 ---p 000b0000 08:02 20595414                   /usr/lib/libgdk-x11-2.0.so.0.2400.30
7f5387211000-7f5387215000 r--p 000b0000 08:02 20595414                   /usr/lib/libgdk-x11-2.0.so.0.2400.30
7f5387215000-7f5387217000 rw-p 000b4000 08:02 20595414                   /usr/lib/libgdk-x11-2.0.so.0.2400.30
7f5387217000-7f538764c000 r-xp 00000000 08:02 20595423                   /usr/lib/libgtk-x11-2.0.so.0.2400.30
7f538764c000-7f538784b000 ---p 00435000 08:02 20595423                   /usr/lib/libgtk-x11-2.0.so.0.2400.30
7f538784b000-7f5387852000 r--p 00434000 08:02 20595423                   /usr/lib/libgtk-x11-2.0.so.0.2400.30
7f5387852000-7f5387856000 rw-p 0043b000 08:02 20595423                   /usr/lib/libgtk-x11-2.0.so.0.2400.30
7f5387856000-7f5387859000 rw-p 00000000 00:00 0 
7f5387859000-7f5387865000 r-xp 00000000 08:02 21631830                   /usr/lib/jvm/java-8-openjdk/jre/lib/amd64/libprism_es2.so
7f5387865000-7f5387a64000 ---p 0000c000 08:02 21631830                   /usr/lib/jvm/java-8-openjdk/jre/lib/amd64/libprism_es2.so
7f5387a64000-7f5387a65000 rw-p 0000b000 08:02 21631830                   /usr/lib/jvm/java-8-openjdk/jre/lib/amd64/libprism_es2.so
7f5387a65000-7f5387a68000 ---p 00000000 00:00 0 
7f5387a68000-7f5387b66000 rw-p 00000000 00:00 0                          [stack:25430]
7f5387b66000-7f5387bfc000 r--s 008d5000 08:02 21631817                   /usr/lib/jvm/java-8-openjdk/jre/lib/ext/jfxrt.jar
7f5387bfc000-7f5387bfd000 ---p 00000000 00:00 0 
7f5387bfd000-7f5387cfd000 rw-p 00000000 00:00 0                          [stack:25429]
7f5387cfd000-7f5387d00000 ---p 00000000 00:00 0 
7f5387d00000-7f5387dfe000 rw-p 00000000 00:00 0                          [stack:25428]
7f5387dfe000-7f5387e01000 ---p 00000000 00:00 0 
7f5387e01000-7f5387eff000 rw-p 00000000 00:00 0                          [stack:25427]
7f5387eff000-7f5387f02000 ---p 00000000 00:00 0 
7f5387f02000-7f5388000000 rw-p 00000000 00:00 0                          [stack:25426]
7f5388000000-7f5388021000 rw-p 00000000 00:00 0 
7f5388021000-7f538c000000 ---p 00000000 00:00 0 
7f538c000000-7f538c008000 rw-s 00000000 00:05 304265                     /drm mm object (deleted)
7f538c008000-7f538c01a000 r--p 00000000 08:02 21129928                   /usr/share/locale/pt_BR/LC_MESSAGES/pulseaudio.mo
7f538c01a000-7f538c03e000 r--s 00000000 08:02 28706354                   /var/cache/fontconfig/923e285e415b1073c8df160bee08820f-le64.cache-7
7f538c03e000-7f538c063000 r--s 00000000 08:02 28705039                   /var/cache/fontconfig/8d4af663993b81a124ee82e610bb31f9-le64.cache-7
7f538c063000-7f538c066000 ---p 00000000 00:00 0 
7f538c066000-7f538c164000 rw-p 00000000 00:00 0                          [stack:25425]
7f538c164000-7f538c167000 ---p 00000000 00:00 0 
7f538c167000-7f538c265000 rw-p 00000000 00:00 0                          [stack:25424]
7f538c265000-7f538c3fd000 r--p 00000000 08:02 20590035                   /usr/lib/locale/locale-archive
7f538c3fd000-7f538c400000 ---p 00000000 00:00 0 
7f538c400000-7f538c4fe000 rw-p 00000000 00:00 0                          [stack:25423]
7f538c4fe000-7f538c501000 ---p 00000000 00:00 0 
7f538c501000-7f538c5ff000 rw-p 00000000 00:00 0                          [stack:25422]
7f538c5ff000-7f538c600000 ---p 00000000 00:00 0 
7f538c600000-7f538d60f000 rw-p 00000000 00:00 0                          [stack:25421]
7f538d60f000-7f538d7dc000 r--s 03bec000 08:02 21628254                   /usr/lib/jvm/java-8-openjdk/jre/lib/rt.jar
7f538d7dc000-7f5390000000 rw-p 00000000 00:00 0 
7f5390000000-7f5390021000 rw-p 00000000 00:00 0 
7f5390021000-7f5394000000 ---p 00000000 00:00 0 
7f5394002000-7f5394015000 r--s 00345000 08:02 21628252                   /usr/lib/jvm/java-8-openjdk/jre/lib/resources.jar
7f5394015000-7f5394020000 r--s 00000000 08:02 28706348                   /var/cache/fontconfig/d62e99ef547d1d24cdb1bd22ec1a2976-le64.cache-7
7f5394020000-7f539406b000 r--s 00000000 08:02 28706351                   /var/cache/fontconfig/f6b893a7224233d96cb72fd88691c0b4-le64.cache-7
7f539406b000-7f5394074000 r--s 00000000 08:02 28704888                   /var/cache/fontconfig/f349e9996a5320f6dd491cedd2b1f964-le64.cache-7
7f5394074000-7f539407c000 rw-s 00000000 00:05 304249                     /drm mm object (deleted)
7f539407c000-7f5394084000 rw-s 00000000 00:05 304239                     /drm mm object (deleted)
7f5394084000-7f53940fa000 rw-p 00000000 00:00 0 
7f53940fa000-7f53940fb000 ---p 00000000 00:00 0 
7f53940fb000-7f53941fb000 rw-p 00000000 00:00 0                          [stack:25420]
7f53941fb000-7f53941fc000 ---p 00000000 00:00 0 
7f53941fc000-7f53942fc000 rw-p 00000000 00:00 0                          [stack:25419]
7f53942fc000-7f53942fd000 ---p 00000000 00:00 0 
7f53942fd000-7f53943fd000 rw-p 00000000 00:00 0                          [stack:25418]
7f53943fd000-7f53943fe000 ---p 00000000 00:00 0 
7f53943fe000-7f5394513000 rw-p 00000000 00:00 0                          [stack:25417]
7f5394513000-7f5394641000 ---p 00000000 00:00 0 
7f5394641000-7f5394656000 rw-p 00000000 00:00 0 
7f5394656000-7f5394783000 ---p 00000000 00:00 0 
7f5394783000-7f5394796000 rw-p 00000000 00:00 0 
7f5394796000-7f5394825000 ---p 00000000 00:00 0 
7f5394825000-7f539483e000 rw-p 00000000 00:00 0 
7f539483e000-7f5394be6000 ---p 00000000 00:00 0 
7f5394be6000-7f53951d6000 rwxp 00000000 00:00 0 
7f53951d6000-7f53a3be6000 ---p 00000000 00:00 0 
7f53a3be6000-7f53a3bee000 r-xp 00000000 08:02 21628739                   /usr/lib/jvm/java-8-openjdk/jre/lib/amd64/libzip.so
7f53a3bee000-7f53a3ded000 ---p 00008000 08:02 21628739                   /usr/lib/jvm/java-8-openjdk/jre/lib/amd64/libzip.so
7f53a3ded000-7f53a3dee000 rw-p 00007000 08:02 21628739                   /usr/lib/jvm/java-8-openjdk/jre/lib/amd64/libzip.so
7f53a3dee000-7f53a3df9000 r-xp 00000000 08:02 20585536                   /usr/lib/libnss_files-2.23.so
7f53a3df9000-7f53a3ff8000 ---p 0000b000 08:02 20585536                   /usr/lib/libnss_files-2.23.so
7f53a3ff8000-7f53a3ff9000 r--p 0000a000 08:02 20585536                   /usr/lib/libnss_files-2.23.so
7f53a3ff9000-7f53a3ffa000 rw-p 0000b000 08:02 20585536                   /usr/lib/libnss_files-2.23.so
7f53a3ffa000-7f53a4000000 rw-p 00000000 00:00 0 
7f53a4000000-7f53a437b000 rw-p 00000000 00:00 0 
7f53a437b000-7f53a8000000 ---p 00000000 00:00 0 
7f53a8005000-7f53a802e000 r--p 00000000 08:02 21125919                   /usr/share/locale/pt/LC_MESSAGES/gtk20-properties.mo
7f53a802e000-7f53a8057000 r--p 00000000 08:02 21125872                   /usr/share/locale/pt_BR/LC_MESSAGES/gtk20-properties.mo
7f53a8057000-7f53a8066000 r--p 00000000 08:02 21125871                   /usr/share/locale/pt_BR/LC_MESSAGES/gtk20.mo
7f53a8066000-7f53a8075000 r--p 00000000 08:02 21103123                   /usr/share/locale/pt_BR/LC_MESSAGES/libc.mo
7f53a8075000-7f53a80a1000 r-xp 00000000 08:02 21628738                   /usr/lib/jvm/java-8-openjdk/jre/lib/amd64/libjava.so
7f53a80a1000-7f53a82a1000 ---p 0002c000 08:02 21628738                   /usr/lib/jvm/java-8-openjdk/jre/lib/amd64/libjava.so
7f53a82a1000-7f53a82a3000 rw-p 0002c000 08:02 21628738                   /usr/lib/jvm/java-8-openjdk/jre/lib/amd64/libjava.so
7f53a82a3000-7f53a82b0000 r-xp 00000000 08:02 21628729                   /usr/lib/jvm/java-8-openjdk/jre/lib/amd64/libverify.so
7f53a82b0000-7f53a84af000 ---p 0000d000 08:02 21628729                   /usr/lib/jvm/java-8-openjdk/jre/lib/amd64/libverify.so
7f53a84af000-7f53a84b1000 rw-p 0000c000 08:02 21628729                   /usr/lib/jvm/java-8-openjdk/jre/lib/amd64/libverify.so
7f53a84b1000-7f53a84b8000 r-xp 00000000 08:02 20585663                   /usr/lib/librt-2.23.so
7f53a84b8000-7f53a86b7000 ---p 00007000 08:02 20585663                   /usr/lib/librt-2.23.so
7f53a86b7000-7f53a86b8000 r--p 00006000 08:02 20585663                   /usr/lib/librt-2.23.so
7f53a86b8000-7f53a86b9000 rw-p 00007000 08:02 20585663                   /usr/lib/librt-2.23.so
7f53a86b9000-7f53a87bc000 r-xp 00000000 08:02 20585660                   /usr/lib/libm-2.23.so
7f53a87bc000-7f53a89bb000 ---p 00103000 08:02 20585660                   /usr/lib/libm-2.23.so
7f53a89bb000-7f53a89bc000 r--p 00102000 08:02 20585660                   /usr/lib/libm-2.23.so
7f53a89bc000-7f53a89bd000 rw-p 00103000 08:02 20585660                   /usr/lib/libm-2.23.so
7f53a89bd000-7f53a9612000 r-xp 00000000 08:02 21628763                   /usr/lib/jvm/java-8-openjdk/jre/lib/amd64/server/libjvm.so
7f53a9612000-7f53a9812000 ---p 00c55000 08:02 21628763                   /usr/lib/jvm/java-8-openjdk/jre/lib/amd64/server/libjvm.so
7f53a9812000-7f53a98ce000 rw-p 00c55000 08:02 21628763                   /usr/lib/jvm/java-8-openjdk/jre/lib/amd64/server/libjvm.so
7f53a98ce000-7f53a98fe000 rw-p 00000000 00:00 0 
7f53a98fe000-7f53a9a95000 r-xp 00000000 08:02 20583427                   /usr/lib/libc-2.23.so
7f53a9a95000-7f53a9c95000 ---p 00197000 08:02 20583427                   /usr/lib/libc-2.23.so
7f53a9c95000-7f53a9c99000 r--p 00197000 08:02 20583427                   /usr/lib/libc-2.23.so
7f53a9c99000-7f53a9c9b000 rw-p 0019b000 08:02 20583427                   /usr/lib/libc-2.23.so
7f53a9c9b000-7f53a9c9f000 rw-p 00000000 00:00 0 
7f53a9c9f000-7f53a9ca1000 r-xp 00000000 08:02 20585659                   /usr/lib/libdl-2.23.so
7f53a9ca1000-7f53a9ea1000 ---p 00002000 08:02 20585659                   /usr/lib/libdl-2.23.so
7f53a9ea1000-7f53a9ea2000 r--p 00002000 08:02 20585659                   /usr/lib/libdl-2.23.so
7f53a9ea2000-7f53a9ea3000 rw-p 00003000 08:02 20585659                   /usr/lib/libdl-2.23.so
7f53a9ea3000-7f53a9eb0000 r-xp 00000000 08:02 21628760                   /usr/lib/jvm/java-8-openjdk/jre/lib/amd64/jli/libjli.so
7f53a9eb0000-7f53aa0af000 ---p 0000d000 08:02 21628760                   /usr/lib/jvm/java-8-openjdk/jre/lib/amd64/jli/libjli.so
7f53aa0af000-7f53aa0b0000 rw-p 0000c000 08:02 21628760                   /usr/lib/jvm/java-8-openjdk/jre/lib/amd64/jli/libjli.so
7f53aa0b0000-7f53aa0c5000 r-xp 00000000 08:02 20584039                   /usr/lib/libz.so.1.2.8
7f53aa0c5000-7f53aa2c4000 ---p 00015000 08:02 20584039                   /usr/lib/libz.so.1.2.8
7f53aa2c4000-7f53aa2c5000 r--p 00014000 08:02 20584039                   /usr/lib/libz.so.1.2.8
7f53aa2c5000-7f53aa2c6000 rw-p 00015000 08:02 20584039                   /usr/lib/libz.so.1.2.8
7f53aa2c6000-7f53aa2de000 r-xp 00000000 08:02 20583408                   /usr/lib/libpthread-2.23.so
7f53aa2de000-7f53aa4dd000 ---p 00018000 08:02 20583408                   /usr/lib/libpthread-2.23.so
7f53aa4dd000-7f53aa4de000 r--p 00017000 08:02 20583408                   /usr/lib/libpthread-2.23.so
7f53aa4de000-7f53aa4df000 rw-p 00018000 08:02 20583408                   /usr/lib/libpthread-2.23.so
7f53aa4df000-7f53aa4e3000 rw-p 00000000 00:00 0 
7f53aa4e3000-7f53aa506000 r-xp 00000000 08:02 20583426                   /usr/lib/ld-2.23.so
7f53aa506000-7f53aa507000 rw-s 00000000 00:05 300370                     /drm mm object (deleted)
7f53aa507000-7f53aa50b000 rw-s 101add000 00:06 289                       /dev/dri/card0
7f53aa50b000-7f53aa513000 rw-s 00000000 00:05 304228                     /drm mm object (deleted)
7f53aa513000-7f53aa5bb000 rw-p 00000000 00:00 0 
7f53aa5bb000-7f53aa5be000 ---p 00000000 00:00 0 
7f53aa5be000-7f53aa6c0000 rw-p 00000000 00:00 0                          [stack:25416]
7f53aa6c1000-7f53aa6c2000 rw-s 00000000 00:05 304299                     /drm mm object (deleted)
7f53aa6c2000-7f53aa6c4000 r--s 00000000 08:02 28705067                   /var/cache/fontconfig/699564f050ff7e0f9dae359f33bc56a5-le64.cache-7
7f53aa6c4000-7f53aa6c6000 r--s 00000000 08:02 28706352                   /var/cache/fontconfig/6ba42ae0000f58711b5caaf10d690066-le64.cache-7
7f53aa6c6000-7f53aa6c7000 rw-s 00000000 00:05 304276                     /drm mm object (deleted)
7f53aa6c7000-7f53aa6e5000 r-xp 00000000 08:02 20582440                   /usr/lib/libudev.so.1.6.4
7f53aa6e5000-7f53aa6e6000 r--p 0001d000 08:02 20582440                   /usr/lib/libudev.so.1.6.4
7f53aa6e6000-7f53aa6e7000 rw-p 0001e000 08:02 20582440                   /usr/lib/libudev.so.1.6.4
7f53aa6e7000-7f53aa6e8000 r--s 00003000 08:02 25310378                   /home/tenshou/NetBeansProjects/latenciaMemoria/simulador de latencia/dist/run1705613429/simulador de latencia.jar
7f53aa6e8000-7f53aa6fb000 rw-p 00000000 00:00 0 
7f53aa6fb000-7f53aa703000 rw-s 00000000 00:22 48                         /tmp/hsperfdata_tenshou/25412
7f53aa703000-7f53aa704000 rw-p 00000000 00:00 0 
7f53aa704000-7f53aa705000 r--p 00000000 00:00 0 
7f53aa705000-7f53aa706000 rw-p 00000000 00:00 0 
7f53aa706000-7f53aa707000 r--p 00023000 08:02 20583426                   /usr/lib/ld-2.23.so
7f53aa707000-7f53aa708000 rw-p 00024000 08:02 20583426                   /usr/lib/ld-2.23.so
7f53aa708000-7f53aa709000 rw-p 00000000 00:00 0 
7fff04dda000-7fff04dfb000 rw-p 00000000 00:00 0                          [stack]
7fff04dfb000-7fff04dfd000 r--p 00000000 00:00 0                          [vvar]
7fff04dfd000-7fff04dff000 r-xp 00000000 00:00 0                          [vdso]
ffffffffff600000-ffffffffff601000 r-xp 00000000 00:00 0                  [vsyscall]

VM Arguments:
jvm_args: -Dfile.encoding=UTF-8 
java_command: /home/tenshou/NetBeansProjects/latenciaMemoria/simulador de latencia/dist/run1705613429/simulador de latencia.jar
java_class_path (initial): /home/tenshou/NetBeansProjects/latenciaMemoria/simulador de latencia/dist/run1705613429/simulador de latencia.jar
Launcher Type: SUN_STANDARD

Environment Variables:
PATH=/usr/local/sbin:/usr/local/bin:/usr/bin:/usr/lib/jvm/default/bin:/usr/bin/site_perl:/usr/bin/vendor_perl:/usr/bin/core_perl
LD_LIBRARY_PATH=/usr/lib/jvm/default/bin/../jre/lib/amd64:/usr/lib/jvm/default/bin/../jre/lib/i386:
SHELL=/bin/bash
DISPLAY=:0

Signal Handlers:
SIGSEGV: [libjvm.so+0xa5a220], sa_mask[0]=11111111011111111101111111111110, sa_flags=SA_RESTART|SA_SIGINFO
SIGBUS: [libjvm.so+0xa5a220], sa_mask[0]=11111111011111111101111111111110, sa_flags=SA_RESTART|SA_SIGINFO
SIGFPE: [libjvm.so+0x8a5a90], sa_mask[0]=11111111011111111101111111111110, sa_flags=SA_RESTART|SA_SIGINFO
SIGPIPE: SIG_IGN, sa_mask[0]=00000000000010000000000000000000, sa_flags=SA_RESTART
SIGXFSZ: [libjvm.so+0x8a5a90], sa_mask[0]=11111111011111111101111111111110, sa_flags=SA_RESTART|SA_SIGINFO
SIGILL: [libjvm.so+0x8a5a90], sa_mask[0]=11111111011111111101111111111110, sa_flags=SA_RESTART|SA_SIGINFO
SIGUSR1: SIG_DFL, sa_mask[0]=00000000000000000000000000000000, sa_flags=none
SIGUSR2: [libjvm.so+0x8a5940], sa_mask[0]=00100000000000000000000000000000, sa_flags=SA_RESTART|SA_SIGINFO
SIGHUP: [libjvm.so+0x8a5e10], sa_mask[0]=11111111011111111101111111111110, sa_flags=SA_RESTART|SA_SIGINFO
SIGINT: SIG_IGN, sa_mask[0]=00000000000000000000000000000000, sa_flags=none
SIGTERM: [libjvm.so+0x8a5e10], sa_mask[0]=11111111011111111101111111111110, sa_flags=SA_RESTART|SA_SIGINFO
SIGQUIT: [libjvm.so+0x8a5e10], sa_mask[0]=11111111011111111101111111111110, sa_flags=SA_RESTART|SA_SIGINFO


---------------  S Y S T E M  ---------------

OS:DISTRIB_ID=ManjaroLinux
DISTRIB_RELEASE=16.06-rc2
DISTRIB_CODENAME=Daniella
DISTRIB_DESCRIPTION="Manjaro Linux"

uname:Linux 4.1.25-1-MANJARO #1 SMP PREEMPT Wed May 25 01:02:12 UTC 2016 x86_64
libc:glibc 2.23 NPTL 2.23 
rlimit: STACK 8192k, CORE infinity, NPROC 15448, NOFILE 4096, AS infinity
load average:3,40 1,82 1,57

/proc/meminfo:
MemTotal:        3961920 kB
MemFree:          166344 kB
MemAvailable:     542896 kB
Buffers:           10232 kB
Cached:           869656 kB
SwapCached:        40252 kB
Active:          2345876 kB
Inactive:        1019996 kB
Active(anon):    2169164 kB
Inactive(anon):   897848 kB
Active(file):     176712 kB
Inactive(file):   122148 kB
Unevictable:          32 kB
Mlocked:              32 kB
SwapTotal:       3963924 kB
SwapFree:        3684656 kB
Dirty:              6064 kB
Writeback:           220 kB
AnonPages:       2459368 kB
Mapped:           647556 kB
Shmem:            580936 kB
Slab:             153268 kB
SReclaimable:     107104 kB
SUnreclaim:        46164 kB
KernelStack:       10768 kB
PageTables:        65884 kB
NFS_Unstable:          0 kB
Bounce:                0 kB
WritebackTmp:          0 kB
CommitLimit:     5944884 kB
Committed_AS:    8422552 kB
VmallocTotal:   34359738367 kB
VmallocUsed:      367512 kB
VmallocChunk:   34358947836 kB
HardwareCorrupted:     0 kB
AnonHugePages:    477184 kB
HugePages_Total:       0
HugePages_Free:        0
HugePages_Rsvd:        0
HugePages_Surp:        0
Hugepagesize:       2048 kB
DirectMap4k:      350484 kB
DirectMap2M:     3753984 kB
DirectMap1G:           0 kB


CPU:total 4 (2 cores per cpu, 2 threads per core) family 6 model 61 stepping 4, cmov, cx8, fxsr, mmx, sse, sse2, sse3, ssse3, sse4.1, sse4.2, popcnt, avx, avx2, aes, clmul, erms, 3dnowpref, lzcnt, ht, tsc, tscinvbit, bmi1, bmi2, adx

/proc/cpuinfo:
processor	: 0
vendor_id	: GenuineIntel
cpu family	: 6
model		: 61
model name	: Intel(R) Core(TM) i5-5200U CPU @ 2.20GHz
stepping	: 4
microcode	: 0x22
cpu MHz		: 2522.093
cache size	: 3072 KB
physical id	: 0
siblings	: 4
core id		: 0
cpu cores	: 2
apicid		: 0
initial apicid	: 0
fpu		: yes
fpu_exception	: yes
cpuid level	: 20
wp		: yes
flags		: fpu vme de pse tsc msr pae mce cx8 apic sep mtrr pge mca cmov pat pse36 clflush dts acpi mmx fxsr sse sse2 ss ht tm pbe syscall nx pdpe1gb rdtscp lm constant_tsc arch_perfmon pebs bts rep_good nopl xtopology nonstop_tsc aperfmperf eagerfpu pni pclmulqdq dtes64 monitor ds_cpl vmx est tm2 ssse3 fma cx16 xtpr pdcm pcid sse4_1 sse4_2 x2apic movbe popcnt tsc_deadline_timer aes xsave avx f16c rdrand lahf_lm abm 3dnowprefetch ida arat epb pln pts dtherm intel_pt tpr_shadow vnmi flexpriority ept vpid fsgsbase tsc_adjust bmi1 avx2 smep bmi2 erms invpcid rdseed adx smap xsaveopt
bugs		:
bogomips	: 4391.78
clflush size	: 64
cache_alignment	: 64
address sizes	: 39 bits physical, 48 bits virtual
power management:

processor	: 1
vendor_id	: GenuineIntel
cpu family	: 6
model		: 61
model name	: Intel(R) Core(TM) i5-5200U CPU @ 2.20GHz
stepping	: 4
microcode	: 0x22
cpu MHz		: 2511.953
cache size	: 3072 KB
physical id	: 0
siblings	: 4
core id		: 1
cpu cores	: 2
apicid		: 2
initial apicid	: 2
fpu		: yes
fpu_exception	: yes
cpuid level	: 20
wp		: yes
flags		: fpu vme de pse tsc msr pae mce cx8 apic sep mtrr pge mca cmov pat pse36 clflush dts acpi mmx fxsr sse sse2 ss ht tm pbe syscall nx pdpe1gb rdtscp lm constant_tsc arch_perfmon pebs bts rep_good nopl xtopology nonstop_tsc aperfmperf eagerfpu pni pclmulqdq dtes64 monitor ds_cpl vmx est tm2 ssse3 fma cx16 xtpr pdcm pcid sse4_1 sse4_2 x2apic movbe popcnt tsc_deadline_timer aes xsave avx f16c rdrand lahf_lm abm 3dnowprefetch ida arat epb pln pts dtherm intel_pt tpr_shadow vnmi flexpriority ept vpid fsgsbase tsc_adjust bmi1 avx2 smep bmi2 erms invpcid rdseed adx smap xsaveopt
bugs		:
bogomips	: 4391.78
clflush size	: 64
cache_alignment	: 64
address sizes	: 39 bits physical, 48 bits virtual
power management:

processor	: 2
vendor_id	: GenuineIntel
cpu family	: 6
model		: 61
model name	: Intel(R) Core(TM) i5-5200U CPU @ 2.20GHz
stepping	: 4
microcode	: 0x22
cpu MHz		: 2497.429
cache size	: 3072 KB
physical id	: 0
siblings	: 4
core id		: 0
cpu cores	: 2
apicid		: 1
initial apicid	: 1
fpu		: yes
fpu_exception	: yes
cpuid level	: 20
wp		: yes
flags		: fpu vme de pse tsc msr pae mce cx8 apic sep mtrr pge mca cmov pat pse36 clflush dts acpi mmx fxsr sse sse2 ss ht tm pbe syscall nx pdpe1gb rdtscp lm constant_tsc arch_perfmon pebs bts rep_good nopl xtopology nonstop_tsc aperfmperf eagerfpu pni pclmulqdq dtes64 monitor ds_cpl vmx est tm2 ssse3 fma cx16 xtpr pdcm pcid sse4_1 sse4_2 x2apic movbe popcnt tsc_deadline_timer aes xsave avx f16c rdrand lahf_lm abm 3dnowprefetch ida arat epb pln pts dtherm intel_pt tpr_shadow vnmi flexpriority ept vpid fsgsbase tsc_adjust bmi1 avx2 smep bmi2 erms invpcid rdseed adx smap xsaveopt
bugs		:
bogomips	: 4391.78
clflush size	: 64
cache_alignment	: 64
address sizes	: 39 bits physical, 48 bits virtual
power management:

processor	: 3
vendor_id	: GenuineIntel
cpu family	: 6
model		: 61
model name	: Intel(R) Core(TM) i5-5200U CPU @ 2.20GHz
stepping	: 4
microcode	: 0x22
cpu MHz		: 2506.710
cache size	: 3072 KB
physical id	: 0
siblings	: 4
core id		: 1
cpu cores	: 2
apicid		: 3
initial apicid	: 3
fpu		: yes
fpu_exception	: yes
cpuid level	: 20
wp		: yes
flags		: fpu vme de pse tsc msr pae mce cx8 apic sep mtrr pge mca cmov pat pse36 clflush dts acpi mmx fxsr sse sse2 ss ht tm pbe syscall nx pdpe1gb rdtscp lm constant_tsc arch_perfmon pebs bts rep_good nopl xtopology nonstop_tsc aperfmperf eagerfpu pni pclmulqdq dtes64 monitor ds_cpl vmx est tm2 ssse3 fma cx16 xtpr pdcm pcid sse4_1 sse4_2 x2apic movbe popcnt tsc_deadline_timer aes xsave avx f16c rdrand lahf_lm abm 3dnowprefetch ida arat epb pln pts dtherm intel_pt tpr_shadow vnmi flexpriority ept vpid fsgsbase tsc_adjust bmi1 avx2 smep bmi2 erms invpcid rdseed adx smap xsaveopt
bugs		:
bogomips	: 4391.78
clflush size	: 64
cache_alignment	: 64
address sizes	: 39 bits physical, 48 bits virtual
power management:



Memory: 4k page, physical 3961920k(166344k free), swap 3963924k(3684656k free)

vm_info: OpenJDK 64-Bit Server VM (25.92-b14) for linux-amd64 JRE (1.8.0_92-b14), built on Apr 24 2016 15:02:36 by "builduser" with gcc 5.3.0

time: Thu Jun  2 15:16:05 2016
elapsed time: 11 seconds (0d 0h 0m 11s)

