#
# A fatal error has been detected by the Java Runtime Environment:
#
#  SIGSEGV (0xb) at pc=0x00007f83eccb6948, pid=9019, tid=140202995447552
#
# JRE version: Java(TM) SE Runtime Environment (8.0_91-b14) (build 1.8.0_91-b14)
# Java VM: Java HotSpot(TM) 64-Bit Server VM (25.91-b14 mixed mode linux-amd64 compressed oops)
# Problematic frame:
# V  [libjvm.so+0x6cf948]  jni_invoke_nonstatic(JNIEnv_*, JavaValue*, _jobject*, JNICallType, _jmethodID*, JNI_ArgumentPusher*, Thread*)+0x38
#
# Failed to write core dump. Core dumps have been disabled. To enable core dumping, try "ulimit -c unlimited" before starting Java again
#
# If you would like to submit a bug report, please visit:
#   http://bugreport.java.com/bugreport/crash.jsp
#

---------------  T H R E A D  ---------------

Current thread (0x00007f83e836f000):  JavaThread "JavaFX Application Thread" [_thread_in_vm, id=9039, stack(0x00007f838dad7000,0x00007f838dbd8000)]

siginfo: si_signo: 11 (SIGSEGV), si_code: 128 (SI_KERNEL), si_addr: 0x0000000000000000

Registers:
RAX=0x00007f838dbd2d00, RBX=0x00007f838dbd2c10, RCX=0x0000000000000001, RDX=0x6a2f656c6361726f
RSP=0x00007f838dbd2a60, RBP=0x00007f838dbd2be0, RSI=0x00007f838dbd2c70, RDI=0x00007f83e836f1f8
R8 =0x00007f83e8298f08, R9 =0x00007f838dbd2c10, R10=0x00007f83801b2ad0, R11=0x00007f83d8690b00
R12=0x00007f83e836f000, R13=0x00007f83e8298f08, R14=0x0000000000000001, R15=0x00007f83e836f1f8
RIP=0x00007f83eccb6948, EFLAGS=0x0000000000010206, CSGSFS=0x0000000000000033, ERR=0x0000000000000000
  TRAPNO=0x000000000000000d

Top of Stack: (sp=0x00007f838dbd2a60)
0x00007f838dbd2a60:   00007f838dbd3130 00007f838dbd2d80
0x00007f838dbd2a70:   00007f838dbd2ac0 00007f838dbd2b40
0x00007f838dbd2a80:   00007f838dbd2c10 00007f838dbd2c70
0x00007f838dbd2a90:   00007f83e836f1f8 00007f83eccd6450
0x00007f838dbd2aa0:   00007f83a804d020 00007f83a804d0a0
0x00007f838dbd2ab0:   00007f83a804d408 00000000000003d8
0x00007f838dbd2ac0:   00007f83e836ee48 00000000ec272050
0x00007f838dbd2ad0:   00007f830000006f 00007f830000000a
0x00007f838dbd2ae0:   00000000ec4ab9c8 00007f8300000000
0x00007f838dbd2af0:   00007f83802a7c40 00007f8397d805da
0x00007f838dbd2b00:   00007f83d5353830 0000000100000100
0x00007f838dbd2b10:   00007f83d53db348 00007f838dbd2ac8
0x00007f838dbd2b20:   00007f838dbd2b09 0000000800000005
0x00007f838dbd2b30:   00007f83d53fb900 00007f83e836ee50
0x00007f838dbd2b40:   00007f83ed539490 00007f83ee06f470
0x00007f838dbd2b50:   00000000e836ece0 00007f83e836f000
0x00007f838dbd2b60:   0000000000000000 00007f83eccb6d1b
0x00007f838dbd2b70:   00007f83d535d8e0 00007f83e836f000
0x00007f838dbd2b80:   00007f83d535d8e0 00007f83e836f000
0x00007f838dbd2b90:   00007f838dbd2d20 00007f83d535d8e0
0x00007f838dbd2ba0:   00007f83d535d8e0 00007f83d535d8e0
0x00007f838dbd2bb0:   00007f83a804d020 00007f838dbd2c10
0x00007f838dbd2bc0:   00007f83e836f000 00007f838dbd2c50
0x00007f838dbd2bd0:   00007f83e8298f08 00007f83e836f1f8
0x00007f838dbd2be0:   00007f838dbd2cd0 00007f83eccbb0ef
0x00007f838dbd2bf0:   00007f83e836f000 00007f83cde26054
0x00007f838dbd2c00:   00007f838dbd2ce8 6a2f656c6361726f
0x00007f838dbd2c10:   00007f83ed53a0f0 00007f83ee06f470
0x00007f838dbd2c20:   000000008dbd2c90 00007f8300000063
0x00007f838dbd2c30:   0000000000000000 0000003000000018
0x00007f838dbd2c40:   00007f838dbd2dc0 00007f838dbd2d00
0x00007f838dbd2c50:   00007f83e836f000 0000000000000000 

Instructions: (pc=0x00007f83eccb6948)
0x00007f83eccb6928:   00 00 48 85 d2 48 89 bd b0 fe ff ff 48 89 b5 a8
0x00007f83eccb6938:   fe ff ff 4c 89 8d a0 fe ff ff 0f 84 78 09 00 00
0x00007f83eccb6948:   4c 8b 22 4d 85 e4 0f 84 6c 09 00 00 48 8b 45 10
0x00007f83eccb6958:   48 8b 98 38 01 00 00 48 83 7b 18 f7 0f 87 16 07 

Register to memory mapping:

RAX=0x00007f838dbd2d00 is pointing into the stack for thread: 0x00007f83e836f000
RBX=0x00007f838dbd2c10 is pointing into the stack for thread: 0x00007f83e836f000
RCX=0x0000000000000001 is an unknown value
RDX=0x6a2f656c6361726f is an unknown value
RSP=0x00007f838dbd2a60 is pointing into the stack for thread: 0x00007f83e836f000
RBP=0x00007f838dbd2be0 is pointing into the stack for thread: 0x00007f83e836f000
RSI=0x00007f838dbd2c70 is pointing into the stack for thread: 0x00007f83e836f000
RDI=0x00007f83e836f1f8 is an unknown value
R8 =0x00007f83e8298f08 is an unknown value
R9 =0x00007f838dbd2c10 is pointing into the stack for thread: 0x00007f83e836f000
R10=0x00007f83801b2ad0 is an unknown value
R11=0x00007f83d8690b00 is at entry_point+32 in (nmethod*)0x00007f83d8690990
R12=0x00007f83e836f000 is a thread
R13=0x00007f83e8298f08 is an unknown value
R14=0x0000000000000001 is an unknown value
R15=0x00007f83e836f1f8 is an unknown value


Stack: [0x00007f838dad7000,0x00007f838dbd8000],  sp=0x00007f838dbd2a60,  free space=1006k
Native frames: (J=compiled Java code, j=interpreted, Vv=VM code, C=native code)
V  [libjvm.so+0x6cf948]  jni_invoke_nonstatic(JNIEnv_*, JavaValue*, _jobject*, JNICallType, _jmethodID*, JNI_ArgumentPusher*, Thread*)+0x38
V  [libjvm.so+0x6d40ef]  jni_CallVoidMethodV+0x10f
C  [libglass.so+0x13e51]  JNIEnv_::CallVoidMethod(_jobject*, _jmethodID*, ...)+0x81
C  [libglass.so+0x1545f]  WindowContextBase::process_key(_GdkEventKey*)+0x20f
C  [libglass.so+0x19540]  WindowContextBase::im_filter_keypress(_GdkEventKey*)+0x1c0
C  [libglass.so+0x1c7cc]  process_events(_GdkEvent*, void*)+0x22c
C  [libgdk-x11-2.0.so.0+0x5ac4c]

Java frames: (J=compiled Java code, j=interpreted, Vv=VM code)
j  com.sun.glass.ui.gtk.GtkApplication.enterNestedEventLoopImpl()V+0
j  com.sun.glass.ui.gtk.GtkApplication._enterNestedEventLoop()Ljava/lang/Object;+15
j  com.sun.glass.ui.Application.enterNestedEventLoop()Ljava/lang/Object;+14
j  com.sun.glass.ui.EventLoop.enter()Ljava/lang/Object;+42
j  com.sun.javafx.tk.quantum.QuantumToolkit.enterNestedEventLoop(Ljava/lang/Object;)Ljava/lang/Object;+107
j  javafx.stage.Stage.showAndWait()V+93
j  javafx.scene.control.HeavyweightDialog.showAndWait()V+22
j  javafx.scene.control.Dialog.showAndWait()Ljava/util/Optional;+88
j  controle.TelaSimuladorController.addProcesso()V+9
v  ~StubRoutines::call_stub
j  sun.reflect.NativeMethodAccessorImpl.invoke0(Ljava/lang/reflect/Method;Ljava/lang/Object;[Ljava/lang/Object;)Ljava/lang/Object;+0
j  sun.reflect.NativeMethodAccessorImpl.invoke(Ljava/lang/Object;[Ljava/lang/Object;)Ljava/lang/Object;+100
J 1148 C1 sun.reflect.DelegatingMethodAccessorImpl.invoke(Ljava/lang/Object;[Ljava/lang/Object;)Ljava/lang/Object; (10 bytes) @ 0x00007f83d8551184 [0x00007f83d8551080+0x104]
J 1147 C1 java.lang.reflect.Method.invoke(Ljava/lang/Object;[Ljava/lang/Object;)Ljava/lang/Object; (62 bytes) @ 0x00007f83d8550bcc [0x00007f83d85507e0+0x3ec]
j  sun.reflect.misc.Trampoline.invoke(Ljava/lang/reflect/Method;Ljava/lang/Object;[Ljava/lang/Object;)Ljava/lang/Object;+7
j  sun.reflect.GeneratedMethodAccessor1.invoke(Ljava/lang/Object;[Ljava/lang/Object;)Ljava/lang/Object;+40
J 1148 C1 sun.reflect.DelegatingMethodAccessorImpl.invoke(Ljava/lang/Object;[Ljava/lang/Object;)Ljava/lang/Object; (10 bytes) @ 0x00007f83d8551184 [0x00007f83d8551080+0x104]
J 1147 C1 java.lang.reflect.Method.invoke(Ljava/lang/Object;[Ljava/lang/Object;)Ljava/lang/Object; (62 bytes) @ 0x00007f83d8550bcc [0x00007f83d85507e0+0x3ec]
j  sun.reflect.misc.MethodUtil.invoke(Ljava/lang/reflect/Method;Ljava/lang/Object;[Ljava/lang/Object;)Ljava/lang/Object;+20
j  javafx.fxml.FXMLLoader$MethodHandler.invoke([Ljava/lang/Object;)V+38
j  javafx.fxml.FXMLLoader$ControllerMethodEventHandler.handle(Ljavafx/event/Event;)V+12
j  com.sun.javafx.event.CompositeEventHandler.dispatchBubblingEvent(Ljavafx/event/Event;)V+51
J 1333 C1 com.sun.javafx.event.EventHandlerManager.dispatchBubblingEvent(Ljavafx/event/EventType;Ljavafx/event/Event;)Ljavafx/event/Event; (34 bytes) @ 0x00007f83d85bd634 [0x00007f83d85bd0c0+0x574]
j  com.sun.javafx.event.EventHandlerManager.dispatchBubblingEvent(Ljavafx/event/Event;)Ljavafx/event/Event;+8
j  com.sun.javafx.event.CompositeEventDispatcher.dispatchBubblingEvent(Ljavafx/event/Event;)Ljavafx/event/Event;+11
j  com.sun.javafx.event.BasicEventDispatcher.dispatchEvent(Ljavafx/event/Event;Ljavafx/event/EventDispatchChain;)Ljavafx/event/Event;+29
J 1402 C1 com.sun.javafx.event.EventDispatchChainImpl.dispatchEvent(Ljavafx/event/Event;)Ljavafx/event/Event; (101 bytes) @ 0x00007f83d85f3144 [0x00007f83d85f2fa0+0x1a4]
j  com.sun.javafx.event.BasicEventDispatcher.dispatchEvent(Ljavafx/event/Event;Ljavafx/event/EventDispatchChain;)Ljavafx/event/Event;+17
J 1402 C1 com.sun.javafx.event.EventDispatchChainImpl.dispatchEvent(Ljavafx/event/Event;)Ljavafx/event/Event; (101 bytes) @ 0x00007f83d85f3144 [0x00007f83d85f2fa0+0x1a4]
j  com.sun.javafx.event.BasicEventDispatcher.dispatchEvent(Ljavafx/event/Event;Ljavafx/event/EventDispatchChain;)Ljavafx/event/Event;+17
J 1402 C1 com.sun.javafx.event.EventDispatchChainImpl.dispatchEvent(Ljavafx/event/Event;)Ljavafx/event/Event; (101 bytes) @ 0x00007f83d85f3144 [0x00007f83d85f2fa0+0x1a4]
j  com.sun.javafx.event.EventUtil.fireEventImpl(Ljavafx/event/EventDispatchChain;Ljavafx/event/EventTarget;Ljavafx/event/Event;)Ljavafx/event/Event;+10
j  com.sun.javafx.event.EventUtil.fireEvent(Ljavafx/event/EventTarget;Ljavafx/event/Event;)Ljavafx/event/Event;+37
j  javafx.event.Event.fireEvent(Ljavafx/event/EventTarget;Ljavafx/event/Event;)V+30
j  javafx.scene.Node.fireEvent(Ljavafx/event/Event;)V+86
j  javafx.scene.control.Button.fire()V+15
j  com.sun.javafx.scene.control.behavior.ButtonBehavior.mouseReleased(Ljavafx/scene/input/MouseEvent;)V+23
j  com.sun.javafx.scene.control.skin.BehaviorSkinBase$1.handle(Ljavafx/scene/input/MouseEvent;)V+83
j  com.sun.javafx.scene.control.skin.BehaviorSkinBase$1.handle(Ljavafx/event/Event;)V+5
j  com.sun.javafx.event.CompositeEventHandler$NormalEventHandlerRecord.handleBubblingEvent(Ljavafx/event/Event;)V+5
j  com.sun.javafx.event.CompositeEventHandler.dispatchBubblingEvent(Ljavafx/event/Event;)V+28
J 1333 C1 com.sun.javafx.event.EventHandlerManager.dispatchBubblingEvent(Ljavafx/event/EventType;Ljavafx/event/Event;)Ljavafx/event/Event; (34 bytes) @ 0x00007f83d85bd634 [0x00007f83d85bd0c0+0x574]
j  com.sun.javafx.event.EventHandlerManager.dispatchBubblingEvent(Ljavafx/event/Event;)Ljavafx/event/Event;+8
j  com.sun.javafx.event.CompositeEventDispatcher.dispatchBubblingEvent(Ljavafx/event/Event;)Ljavafx/event/Event;+11
j  com.sun.javafx.event.BasicEventDispatcher.dispatchEvent(Ljavafx/event/Event;Ljavafx/event/EventDispatchChain;)Ljavafx/event/Event;+29
J 1402 C1 com.sun.javafx.event.EventDispatchChainImpl.dispatchEvent(Ljavafx/event/Event;)Ljavafx/event/Event; (101 bytes) @ 0x00007f83d85f3144 [0x00007f83d85f2fa0+0x1a4]
j  com.sun.javafx.event.BasicEventDispatcher.dispatchEvent(Ljavafx/event/Event;Ljavafx/event/EventDispatchChain;)Ljavafx/event/Event;+17
J 1402 C1 com.sun.javafx.event.EventDispatchChainImpl.dispatchEvent(Ljavafx/event/Event;)Ljavafx/event/Event; (101 bytes) @ 0x00007f83d85f3144 [0x00007f83d85f2fa0+0x1a4]
j  com.sun.javafx.event.BasicEventDispatcher.dispatchEvent(Ljavafx/event/Event;Ljavafx/event/EventDispatchChain;)Ljavafx/event/Event;+17
J 1402 C1 com.sun.javafx.event.EventDispatchChainImpl.dispatchEvent(Ljavafx/event/Event;)Ljavafx/event/Event; (101 bytes) @ 0x00007f83d85f3144 [0x00007f83d85f2fa0+0x1a4]
j  com.sun.javafx.event.EventUtil.fireEventImpl(Ljavafx/event/EventDispatchChain;Ljavafx/event/EventTarget;Ljavafx/event/Event;)Ljavafx/event/Event;+10
j  com.sun.javafx.event.EventUtil.fireEvent(Ljavafx/event/EventTarget;Ljavafx/event/Event;)Ljavafx/event/Event;+46
j  javafx.event.Event.fireEvent(Ljavafx/event/EventTarget;Ljavafx/event/Event;)V+30
j  javafx.scene.Scene$MouseHandler.process(Ljavafx/scene/input/MouseEvent;Z)V+491
j  javafx.scene.Scene$MouseHandler.access$1500(Ljavafx/scene/Scene$MouseHandler;Ljavafx/scene/input/MouseEvent;Z)V+3
j  javafx.scene.Scene.impl_processMouseEvent(Ljavafx/scene/input/MouseEvent;)V+6
j  javafx.scene.Scene$ScenePeerListener.mouseEvent(Ljavafx/event/EventType;DDDDLjavafx/scene/input/MouseButton;ZZZZZZZZZ)V+46
j  com.sun.javafx.tk.quantum.GlassViewEventHandler$MouseEventNotification.run()Ljava/lang/Void;+514
j  com.sun.javafx.tk.quantum.GlassViewEventHandler$MouseEventNotification.run()Ljava/lang/Object;+1
v  ~StubRoutines::call_stub
j  java.security.AccessController.doPrivileged(Ljava/security/PrivilegedAction;Ljava/security/AccessControlContext;)Ljava/lang/Object;+0
j  com.sun.javafx.tk.quantum.GlassViewEventHandler.lambda$handleMouseEvent$354()Ljava/lang/Void;+11
j  com.sun.javafx.tk.quantum.GlassViewEventHandler$$Lambda$232.get()Ljava/lang/Object;+4
j  com.sun.javafx.tk.quantum.QuantumToolkit.runWithoutRenderLock(Ljava/util/function/Supplier;)Ljava/lang/Object;+18
j  com.sun.javafx.tk.quantum.GlassViewEventHandler.handleMouseEvent(Lcom/sun/glass/ui/View;JIIIIIIIZZ)V+103
j  com.sun.glass.ui.View.handleMouseEvent(JIIIIIIIZZ)V+30
j  com.sun.glass.ui.View.notifyMouse(IIIIIIIZZ)V+181
v  ~StubRoutines::call_stub
j  com.sun.glass.ui.gtk.GtkApplication._runLoop(Ljava/lang/Runnable;Z)V+0
j  com.sun.glass.ui.gtk.GtkApplication.lambda$null$49(Ljava/lang/Runnable;Z)V+7
j  com.sun.glass.ui.gtk.GtkApplication$$Lambda$41.run()V+12
j  java.lang.Thread.run()V+11
v  ~StubRoutines::call_stub

---------------  P R O C E S S  ---------------

Java Threads: ( => current thread )
  0x00007f838030a000 JavaThread "Prism Font Disposer" daemon [_thread_blocked, id=9041, stack(0x00007f838c8d4000,0x00007f838c9d5000)]
  0x00007f83e8373000 JavaThread "JavaFX-Launcher" [_thread_blocked, id=9040, stack(0x00007f838d9d6000,0x00007f838dad7000)]
=>0x00007f83e836f000 JavaThread "JavaFX Application Thread" [_thread_in_vm, id=9039, stack(0x00007f838dad7000,0x00007f838dbd8000)]
  0x00007f83e836b000 JavaThread "Thread-1" daemon [_thread_blocked, id=9038, stack(0x00007f838dbd8000,0x00007f838dcd9000)]
  0x00007f83e8281000 JavaThread "QuantumRenderer-0" daemon [_thread_blocked, id=9037, stack(0x00007f83ce89f000,0x00007f83ce9a0000)]
  0x00007f83e8187000 JavaThread "Service Thread" daemon [_thread_blocked, id=9035, stack(0x00007f83ceb36000,0x00007f83cec37000)]
  0x00007f83e8184000 JavaThread "C1 CompilerThread2" daemon [_thread_blocked, id=9034, stack(0x00007f83cec37000,0x00007f83ced38000)]
  0x00007f83e8182000 JavaThread "C2 CompilerThread1" daemon [_thread_blocked, id=9033, stack(0x00007f83ced38000,0x00007f83cee39000)]
  0x00007f83e817f800 JavaThread "C2 CompilerThread0" daemon [_thread_blocked, id=9032, stack(0x00007f83cee39000,0x00007f83cef3a000)]
  0x00007f83e817e000 JavaThread "Signal Dispatcher" daemon [_thread_blocked, id=9031, stack(0x00007f83cef3a000,0x00007f83cf03b000)]
  0x00007f83e814b000 JavaThread "Finalizer" daemon [_thread_blocked, id=9030, stack(0x00007f83cf9fa000,0x00007f83cfafb000)]
  0x00007f83e8146800 JavaThread "Reference Handler" daemon [_thread_blocked, id=9029, stack(0x00007f83cfafb000,0x00007f83cfbfc000)]
  0x00007f83e800a000 JavaThread "main" [_thread_blocked, id=9023, stack(0x00007f83ee0c4000,0x00007f83ee1c5000)]

Other Threads:
  0x00007f83e813f000 VMThread [stack: 0x00007f83cfbfc000,0x00007f83cfcfd000] [id=9028]
  0x00007f83e818a000 WatcherThread [stack: 0x00007f83cea35000,0x00007f83ceb36000] [id=9036]

VM state:not at safepoint (normal execution)

VM Mutex/Monitor currently owned by a thread: None

Heap:
 PSYoungGen      total 18432K, used 9555K [0x00000000ebe00000, 0x00000000ed280000, 0x0000000100000000)
  eden space 15872K, 44% used [0x00000000ebe00000,0x00000000ec4dccc0,0x00000000ecd80000)
  from space 2560K, 98% used [0x00000000ed000000,0x00000000ed278030,0x00000000ed280000)
  to   space 2560K, 0% used [0x00000000ecd80000,0x00000000ecd80000,0x00000000ed000000)
 ParOldGen       total 42496K, used 2961K [0x00000000c3a00000, 0x00000000c6380000, 0x00000000ebe00000)
  object space 42496K, 6% used [0x00000000c3a00000,0x00000000c3ce4570,0x00000000c6380000)
 Metaspace       used 17365K, capacity 18398K, committed 18688K, reserved 1064960K
  class space    used 2566K, capacity 2766K, committed 2816K, reserved 1048576K

Card table byte_map: [0x00007f83d7bc6000,0x00007f83d7daa000] byte_map_base: 0x00007f83d75a9000

Marking Bits: (ParMarkBitMap*) 0x00007f83ed59dd60
 Begin Bits: [0x00007f83d5850000, 0x00007f83d6768000)
 End Bits:   [0x00007f83d6768000, 0x00007f83d7680000)

Polling page: 0x00007f83ee1ec000

CodeCache: size=245760Kb used=5980Kb max_used=5980Kb free=239779Kb
 bounds [0x00007f83d816a000, 0x00007f83d874a000, 0x00007f83e716a000]
 total_blobs=2660 nmethods=2001 adapters=571
 compilation: enabled

Compilation events (10 events):
Event: 12,367 Thread 0x00007f83e8184000 1996       3       javafx.beans.property.ReadOnlyDoubleWrapper$ReadOnlyPropertyImpl::get (8 bytes)
Event: 12,367 Thread 0x00007f83e8184000 nmethod 1996 0x00007f83d873db50 code [0x00007f83d873dce0, 0x00007f83d873e048]
Event: 12,367 Thread 0x00007f83e8184000 1998       1       com.sun.prism.impl.BaseGraphics::isAntialiasedShape (5 bytes)
Event: 12,367 Thread 0x00007f83e8184000 nmethod 1998 0x00007f83d873d890 code [0x00007f83d873d9e0, 0x00007f83d873daf0]
Event: 12,870 Thread 0x00007f83e817f800 1999       4       com.sun.javafx.geom.RectBounds::isEmpty (30 bytes)
Event: 12,871 Thread 0x00007f83e817f800 nmethod 1999 0x00007f83d8743210 code [0x00007f83d8743360, 0x00007f83d8743418]
Event: 13,065 Thread 0x00007f83e8184000 2000       3       com.sun.javafx.scene.control.behavior.OptionalBoolean::equals (37 bytes)
Event: 13,065 Thread 0x00007f83e8184000 nmethod 2000 0x00007f83d8742d50 code [0x00007f83d8742ec0, 0x00007f83d8743190]
Event: 13,070 Thread 0x00007f83e8184000 2001       3       javafx.beans.property.ReadOnlyObjectPropertyBase::fireValueChangedEvent (8 bytes)
Event: 13,070 Thread 0x00007f83e8184000 nmethod 2001 0x00007f83d8743490 code [0x00007f83d8743600, 0x00007f83d87438a8]

GC Heap History (4 events):
Event: 0,866 GC heap before
{Heap before GC invocations=1 (full 0):
 PSYoungGen      total 18432K, used 15872K [0x00000000ebe00000, 0x00000000ed280000, 0x0000000100000000)
  eden space 15872K, 100% used [0x00000000ebe00000,0x00000000ecd80000,0x00000000ecd80000)
  from space 2560K, 0% used [0x00000000ed000000,0x00000000ed000000,0x00000000ed280000)
  to   space 2560K, 0% used [0x00000000ecd80000,0x00000000ecd80000,0x00000000ed000000)
 ParOldGen       total 42496K, used 0K [0x00000000c3a00000, 0x00000000c6380000, 0x00000000ebe00000)
  object space 42496K, 0% used [0x00000000c3a00000,0x00000000c3a00000,0x00000000c6380000)
 Metaspace       used 9940K, capacity 10332K, committed 10496K, reserved 1058816K
  class space    used 1285K, capacity 1420K, committed 1536K, reserved 1048576K
Event: 0,871 GC heap after
Heap after GC invocations=1 (full 0):
 PSYoungGen      total 18432K, used 2544K [0x00000000ebe00000, 0x00000000ed280000, 0x0000000100000000)
  eden space 15872K, 0% used [0x00000000ebe00000,0x00000000ebe00000,0x00000000ecd80000)
  from space 2560K, 99% used [0x00000000ecd80000,0x00000000ecffc030,0x00000000ed000000)
  to   space 2560K, 0% used [0x00000000ed000000,0x00000000ed000000,0x00000000ed280000)
 ParOldGen       total 42496K, used 318K [0x00000000c3a00000, 0x00000000c6380000, 0x00000000ebe00000)
  object space 42496K, 0% used [0x00000000c3a00000,0x00000000c3a4fab0,0x00000000c6380000)
 Metaspace       used 9940K, capacity 10332K, committed 10496K, reserved 1058816K
  class space    used 1285K, capacity 1420K, committed 1536K, reserved 1048576K
}
Event: 1,676 GC heap before
{Heap before GC invocations=2 (full 0):
 PSYoungGen      total 18432K, used 18416K [0x00000000ebe00000, 0x00000000ed280000, 0x0000000100000000)
  eden space 15872K, 100% used [0x00000000ebe00000,0x00000000ecd80000,0x00000000ecd80000)
  from space 2560K, 99% used [0x00000000ecd80000,0x00000000ecffc030,0x00000000ed000000)
  to   space 2560K, 0% used [0x00000000ed000000,0x00000000ed000000,0x00000000ed280000)
 ParOldGen       total 42496K, used 318K [0x00000000c3a00000, 0x00000000c6380000, 0x00000000ebe00000)
  object space 42496K, 0% used [0x00000000c3a00000,0x00000000c3a4fab0,0x00000000c6380000)
 Metaspace       used 15757K, capacity 16584K, committed 16640K, reserved 1062912K
  class space    used 2361K, capacity 2522K, committed 2560K, reserved 1048576K
Event: 1,685 GC heap after
Heap after GC invocations=2 (full 0):
 PSYoungGen      total 18432K, used 2528K [0x00000000ebe00000, 0x00000000ed280000, 0x0000000100000000)
  eden space 15872K, 0% used [0x00000000ebe00000,0x00000000ebe00000,0x00000000ecd80000)
  from space 2560K, 98% used [0x00000000ed000000,0x00000000ed278030,0x00000000ed280000)
  to   space 2560K, 0% used [0x00000000ecd80000,0x00000000ecd80000,0x00000000ed000000)
 ParOldGen       total 42496K, used 2961K [0x00000000c3a00000, 0x00000000c6380000, 0x00000000ebe00000)
  object space 42496K, 6% used [0x00000000c3a00000,0x00000000c3ce4570,0x00000000c6380000)
 Metaspace       used 15757K, capacity 16584K, committed 16640K, reserved 1062912K
  class space    used 2361K, capacity 2522K, committed 2560K, reserved 1048576K
}

Deoptimization events (10 events):
Event: 1,284 Thread 0x00007f83e836f000 Uncommon trap: reason=class_check action=maybe_recompile pc=0x00007f83d83b7b34 method=java.io.DataInputStream.readShort()S @ 4
Event: 1,284 Thread 0x00007f83e836f000 Uncommon trap: reason=class_check action=maybe_recompile pc=0x00007f83d83b7b34 method=java.io.DataInputStream.readShort()S @ 4
Event: 1,290 Thread 0x00007f83e836f000 Uncommon trap: reason=class_check action=maybe_recompile pc=0x00007f83d8283c78 method=java.lang.String.equals(Ljava/lang/Object;)Z @ 8
Event: 1,290 Thread 0x00007f83e836f000 Uncommon trap: reason=class_check action=maybe_recompile pc=0x00007f83d8283c78 method=java.lang.String.equals(Ljava/lang/Object;)Z @ 8
Event: 1,290 Thread 0x00007f83e836f000 Uncommon trap: reason=class_check action=maybe_recompile pc=0x00007f83d8283c78 method=java.lang.String.equals(Ljava/lang/Object;)Z @ 8
Event: 1,292 Thread 0x00007f83e836f000 Uncommon trap: reason=class_check action=maybe_recompile pc=0x00007f83d8283c78 method=java.lang.String.equals(Ljava/lang/Object;)Z @ 8
Event: 1,516 Thread 0x00007f83e836f000 Uncommon trap: reason=unstable_if action=reinterpret pc=0x00007f83d84420cc method=java.lang.CharacterDataLatin1.toUpperCase(I)I @ 12
Event: 2,482 Thread 0x00007f83e836f000 Uncommon trap: reason=unstable_if action=reinterpret pc=0x00007f83d8579ef0 method=com.sun.javafx.css.SimpleSelector.stateMatches(Ljavafx/css/Styleable;Ljava/util/Set;)Z @ 1
Event: 3,290 Thread 0x00007f83e836f000 Uncommon trap: reason=unstable_if action=reinterpret pc=0x00007f83d848ad24 method=jdk.internal.org.objectweb.asm.Type.getArgumentsAndReturnSizes(Ljava/lang/String;)I @ 47
Event: 3,298 Thread 0x00007f83e8281000 Uncommon trap: reason=unstable_if action=reinterpret pc=0x00007f83d85d7cd8 method=java.lang.StrictMath.floorOrCeil(DDDD)D @ 115

Internal exceptions (10 events):
Event: 0,740 Thread 0x00007f83e836f000 Exception <a 'java/lang/NullPointerException'> (0x00000000ec916e98) thrown at [/HUDSON/workspace/8-2-build-linux-amd64/jdk8u91/6644/hotspot/src/share/vm/interpreter/linkResolver.cpp, line 1178]
Event: 0,740 Thread 0x00007f83e836f000 Exception <a 'java/lang/NullPointerException'> (0x00000000ec916e98) thrown at [/HUDSON/workspace/8-2-build-linux-amd64/jdk8u91/6644/hotspot/src/share/vm/prims/jvm.cpp, line 1390]
Event: 0,907 Thread 0x00007f83e836f000 Exception <a 'java/lang/ArrayIndexOutOfBoundsException'> (0x00000000ebf9f5d0) thrown at [/HUDSON/workspace/8-2-build-linux-amd64/jdk8u91/6644/hotspot/src/share/vm/runtime/sharedRuntime.cpp, line 605]
Event: 0,907 Thread 0x00007f83e836f000 Exception <a 'java/lang/ArrayIndexOutOfBoundsException'> (0x00000000ebfa02b8) thrown at [/HUDSON/workspace/8-2-build-linux-amd64/jdk8u91/6644/hotspot/src/share/vm/runtime/sharedRuntime.cpp, line 605]
Event: 0,907 Thread 0x00007f83e836f000 Exception <a 'java/lang/ArrayIndexOutOfBoundsException'> (0x00000000ebfa1020) thrown at [/HUDSON/workspace/8-2-build-linux-amd64/jdk8u91/6644/hotspot/src/share/vm/runtime/sharedRuntime.cpp, line 605]
Event: 0,908 Thread 0x00007f83e836f000 Exception <a 'java/lang/ArrayIndexOutOfBoundsException'> (0x00000000ebfa2af0) thrown at [/HUDSON/workspace/8-2-build-linux-amd64/jdk8u91/6644/hotspot/src/share/vm/runtime/sharedRuntime.cpp, line 605]
Event: 0,908 Thread 0x00007f83e836f000 Exception <a 'java/lang/ArrayIndexOutOfBoundsException'> (0x00000000ebfa3f08) thrown at [/HUDSON/workspace/8-2-build-linux-amd64/jdk8u91/6644/hotspot/src/share/vm/runtime/sharedRuntime.cpp, line 605]
Event: 0,914 Thread 0x00007f83e836f000 Exception <a 'java/lang/ArrayIndexOutOfBoundsException'> (0x00000000ebfbabb8) thrown at [/HUDSON/workspace/8-2-build-linux-amd64/jdk8u91/6644/hotspot/src/share/vm/runtime/sharedRuntime.cpp, line 605]
Event: 1,213 Thread 0x00007f83e836f000 Implicit null exception at 0x00007f83d842d8b5 to 0x00007f83d842dad1
Event: 2,482 Thread 0x00007f83e836f000 Implicit null exception at 0x00007f83d857985f to 0x00007f83d8579ec5

Events (10 events):
Event: 13,068 loading class com/sun/javafx/tk/quantum/WindowStage
Event: 13,068 loading class com/sun/javafx/tk/quantum/WindowStage done
Event: 13,068 loading class com/sun/prism/GraphicsResource
Event: 13,068 loading class com/sun/prism/GraphicsResource done
Event: 13,068 loading class com/sun/prism/GraphicsResource
Event: 13,068 loading class com/sun/prism/GraphicsResource done
Event: 13,068 loading class com/sun/javafx/tk/quantum/ViewScene
Event: 13,068 loading class com/sun/javafx/tk/quantum/ViewScene done
Event: 13,069 loading class com/sun/javafx/tk/quantum/WindowStage
Event: 13,069 loading class com/sun/javafx/tk/quantum/WindowStage done


Dynamic libraries:
00400000-00401000 r-xp 00000000 08:01 29365043                           /usr/lib/jvm/java-8-oracle/jre/bin/java
00600000-00601000 rw-p 00000000 08:01 29365043                           /usr/lib/jvm/java-8-oracle/jre/bin/java
018d3000-018f4000 rw-p 00000000 00:00 0                                  [heap]
41104000-41106000 r-xs 00000000 08:01 17563657                           /tmp/.glzCGxZ6 (deleted)
417e7000-41886000 rw-p 00000000 00:00 0 
c3a00000-c6380000 rw-p 00000000 00:00 0 
c6380000-ebe00000 ---p 00000000 00:00 0 
ebe00000-ed280000 rw-p 00000000 00:00 0 
ed280000-100000000 ---p 00000000 00:00 0 
100000000-1002c0000 rw-p 00000000 00:00 0 
1002c0000-140000000 ---p 00000000 00:00 0 
7f8367fff000-7f836c000000 rw-s 00000000 00:15 6                          /dev/shm/pulse-shm-441706947
7f836c000000-7f836c021000 rw-p 00000000 00:00 0 
7f836c021000-7f8370000000 ---p 00000000 00:00 0 
7f8373fff000-7f8378000000 rw-s 00000000 00:15 15                         /dev/shm/pulse-shm-16847886
7f8378000000-7f8378021000 rw-p 00000000 00:00 0 
7f8378021000-7f837c000000 ---p 00000000 00:00 0 
7f837dbed000-7f837dded000 rw-s 35b41000 00:06 513                        /dev/nvidiactl
7f837dded000-7f837dfed000 rw-s 128489000 00:06 513                       /dev/nvidiactl
7f837dfed000-7f837e16d000 rw-p 00000000 00:00 0 
7f837e16d000-7f837e1ed000 ---p 00000000 00:00 0 
7f837e1ed000-7f837e9ee000 rw-p 00000000 00:00 0 
7f837e9ee000-7f837e9ef000 ---p 00000000 00:00 0 
7f837e9ef000-7f837f1ef000 rw-p 00000000 00:00 0 
7f837f1ef000-7f837f27c000 r-xp 00000000 08:01 28189385                   /usr/lib/x86_64-linux-gnu/libvorbisenc.so.2.0.11
7f837f27c000-7f837f47b000 ---p 0008d000 08:01 28189385                   /usr/lib/x86_64-linux-gnu/libvorbisenc.so.2.0.11
7f837f47b000-7f837f497000 r--p 0008c000 08:01 28189385                   /usr/lib/x86_64-linux-gnu/libvorbisenc.so.2.0.11
7f837f497000-7f837f498000 rw-p 000a8000 08:01 28189385                   /usr/lib/x86_64-linux-gnu/libvorbisenc.so.2.0.11
7f837f498000-7f837f50b000 r-xp 00000000 08:01 28188013                   /usr/lib/x86_64-linux-gnu/libFLAC.so.8.3.0
7f837f50b000-7f837f70b000 ---p 00073000 08:01 28188013                   /usr/lib/x86_64-linux-gnu/libFLAC.so.8.3.0
7f837f70b000-7f837f70c000 r--p 00073000 08:01 28188013                   /usr/lib/x86_64-linux-gnu/libFLAC.so.8.3.0
7f837f70c000-7f837f70d000 rw-p 00074000 08:01 28188013                   /usr/lib/x86_64-linux-gnu/libFLAC.so.8.3.0
7f837f70d000-7f837f712000 r-xp 00000000 08:01 28188214                   /usr/lib/x86_64-linux-gnu/libasyncns.so.0.3.1
7f837f712000-7f837f911000 ---p 00005000 08:01 28188214                   /usr/lib/x86_64-linux-gnu/libasyncns.so.0.3.1
7f837f911000-7f837f912000 r--p 00004000 08:01 28188214                   /usr/lib/x86_64-linux-gnu/libasyncns.so.0.3.1
7f837f912000-7f837f913000 rw-p 00005000 08:01 28188214                   /usr/lib/x86_64-linux-gnu/libasyncns.so.0.3.1
7f837f913000-7f837f975000 r-xp 00000000 08:01 28189252                   /usr/lib/x86_64-linux-gnu/libsndfile.so.1.0.25
7f837f975000-7f837fb75000 ---p 00062000 08:01 28189252                   /usr/lib/x86_64-linux-gnu/libsndfile.so.1.0.25
7f837fb75000-7f837fb77000 r--p 00062000 08:01 28189252                   /usr/lib/x86_64-linux-gnu/libsndfile.so.1.0.25
7f837fb77000-7f837fb78000 rw-p 00064000 08:01 28189252                   /usr/lib/x86_64-linux-gnu/libsndfile.so.1.0.25
7f837fb78000-7f837fb7c000 rw-p 00000000 00:00 0 
7f837fb7c000-7f837fb84000 r-xp 00000000 08:01 4854305                    /lib/x86_64-linux-gnu/libwrap.so.0.7.6
7f837fb84000-7f837fd83000 ---p 00008000 08:01 4854305                    /lib/x86_64-linux-gnu/libwrap.so.0.7.6
7f837fd83000-7f837fd84000 r--p 00007000 08:01 4854305                    /lib/x86_64-linux-gnu/libwrap.so.0.7.6
7f837fd84000-7f837fd85000 rw-p 00008000 08:01 4854305                    /lib/x86_64-linux-gnu/libwrap.so.0.7.6
7f837fd85000-7f837fd86000 rw-p 00000000 00:00 0 
7f837fd86000-7f837fdff000 r-xp 00000000 08:01 28576891                   /usr/lib/x86_64-linux-gnu/pulseaudio/libpulsecommon-8.0.so
7f837fdff000-7f837fffe000 ---p 00079000 08:01 28576891                   /usr/lib/x86_64-linux-gnu/pulseaudio/libpulsecommon-8.0.so
7f837fffe000-7f837ffff000 r--p 00078000 08:01 28576891                   /usr/lib/x86_64-linux-gnu/pulseaudio/libpulsecommon-8.0.so
7f837ffff000-7f8380000000 rw-p 00079000 08:01 28576891                   /usr/lib/x86_64-linux-gnu/pulseaudio/libpulsecommon-8.0.so
7f8380000000-7f83805b4000 rw-p 00000000 00:00 0 
7f83805b4000-7f8384000000 ---p 00000000 00:00 0 
7f8384000000-7f8384021000 rw-p 00000000 00:00 0 
7f8384021000-7f8388000000 ---p 00000000 00:00 0 
7f8388000000-7f8388021000 rw-p 00000000 00:00 0 
7f8388021000-7f838c000000 ---p 00000000 00:00 0 
7f838c18f000-7f838c199000 r-xp 00000000 08:01 4854180                    /lib/x86_64-linux-gnu/libjson-c.so.2.0.0
7f838c199000-7f838c398000 ---p 0000a000 08:01 4854180                    /lib/x86_64-linux-gnu/libjson-c.so.2.0.0
7f838c398000-7f838c399000 r--p 00009000 08:01 4854180                    /lib/x86_64-linux-gnu/libjson-c.so.2.0.0
7f838c399000-7f838c39a000 rw-p 0000a000 08:01 4854180                    /lib/x86_64-linux-gnu/libjson-c.so.2.0.0
7f838c39a000-7f838c3e8000 r-xp 00000000 08:01 28189134                   /usr/lib/x86_64-linux-gnu/libpulse.so.0.19.0
7f838c3e8000-7f838c5e7000 ---p 0004e000 08:01 28189134                   /usr/lib/x86_64-linux-gnu/libpulse.so.0.19.0
7f838c5e7000-7f838c5e8000 r--p 0004d000 08:01 28189134                   /usr/lib/x86_64-linux-gnu/libpulse.so.0.19.0
7f838c5e8000-7f838c5e9000 rw-p 0004e000 08:01 28189134                   /usr/lib/x86_64-linux-gnu/libpulse.so.0.19.0
7f838c5fe000-7f838c60d000 r--p 00000000 08:01 524930                     /usr/share/locale-langpack/pt_BR/LC_MESSAGES/pulseaudio.mo
7f838c60d000-7f838c614000 r-xp 00000000 08:01 28575244                   /usr/lib/x86_64-linux-gnu/libcanberra-0.30/libcanberra-pulse.so
7f838c614000-7f838c813000 ---p 00007000 08:01 28575244                   /usr/lib/x86_64-linux-gnu/libcanberra-0.30/libcanberra-pulse.so
7f838c813000-7f838c814000 r--p 00006000 08:01 28575244                   /usr/lib/x86_64-linux-gnu/libcanberra-0.30/libcanberra-pulse.so
7f838c814000-7f838c815000 rw-p 00007000 08:01 28575244                   /usr/lib/x86_64-linux-gnu/libcanberra-0.30/libcanberra-pulse.so
7f838c815000-7f838c828000 r--s 00344000 08:01 29760474                   /usr/lib/jvm/java-8-oracle/jre/lib/resources.jar
7f838c828000-7f838c8d4000 r--p 00000000 08:01 29360702                   /usr/share/fonts/truetype/dejavu/DejaVuSans-Bold.ttf
7f838c8d4000-7f838c8d7000 ---p 00000000 00:00 0 
7f838c8d7000-7f838c9d5000 rw-p 00000000 00:00 0 
7f838c9d5000-7f838ca8e000 r--p 00000000 08:01 29360703                   /usr/share/fonts/truetype/dejavu/DejaVuSans.ttf
7f838ca8e000-7f838cae3000 r--p 00000000 08:01 264159                     /usr/lib/jvm/java-8-oracle/jre/lib/fonts/LucidaBrightRegular.ttf
7f838cae3000-7f838cb8e000 r--p 00000000 08:01 264158                     /usr/lib/jvm/java-8-oracle/jre/lib/fonts/LucidaSansRegular.ttf
7f838cb8e000-7f838cbca000 r--p 00000000 08:01 264163                     /usr/lib/jvm/java-8-oracle/jre/lib/fonts/LucidaTypewriterRegular.ttf
7f838cbca000-7f838cbdd000 r--p 00000000 08:01 264162                     /usr/lib/jvm/java-8-oracle/jre/lib/fonts/LucidaBrightDemiItalic.ttf
7f838cbdd000-7f838cc2b000 r--p 00000000 08:01 264160                     /usr/lib/jvm/java-8-oracle/jre/lib/fonts/LucidaSansDemiBold.ttf
7f838cc2b000-7f838cc65000 r--p 00000000 08:01 264164                     /usr/lib/jvm/java-8-oracle/jre/lib/fonts/LucidaTypewriterBold.ttf
7f838cc65000-7f838cc79000 r--p 00000000 08:01 264157                     /usr/lib/jvm/java-8-oracle/jre/lib/fonts/LucidaBrightItalic.ttf
7f838cc79000-7f838cc8c000 r--p 00000000 08:01 264165                     /usr/lib/jvm/java-8-oracle/jre/lib/fonts/LucidaBrightDemiBold.ttf
7f838cc8c000-7f838cc90000 r-xp 00000000 08:01 2883613                    /usr/lib/jvm/java-8-oracle/jre/lib/amd64/libjavafx_font_pango.so
7f838cc90000-7f838ce8f000 ---p 00004000 08:01 2883613                    /usr/lib/jvm/java-8-oracle/jre/lib/amd64/libjavafx_font_pango.so
7f838ce8f000-7f838ce90000 rw-p 00003000 08:01 2883613                    /usr/lib/jvm/java-8-oracle/jre/lib/amd64/libjavafx_font_pango.so
7f838ce90000-7f838d090000 rw-p 00000000 00:00 0 
7f838d090000-7f838d095000 r--s 00084000 08:01 29760447                   /usr/lib/jvm/java-8-oracle/jre/lib/jfr.jar
7f838d095000-7f838d099000 r--s 00000000 08:01 8266542                    /var/cache/fontconfig/6aa41aa22e18b8fa06a12da28ea9c28b-le64.cache-6
7f838d099000-7f838d0a4000 r--s 00000000 08:01 8257637                    /var/cache/fontconfig/945677eb7aeaf62f1d50efc3fb3ec7d8-le64.cache-6
7f838d0a4000-7f838d0a6000 r--s 00000000 08:01 8267452                    /var/cache/fontconfig/99e8ed0e538f840c565b6ed5dad60d56-le64.cache-6
7f838d0a6000-7f838d0af000 r--s 00000000 08:01 8267451                    /var/cache/fontconfig/a6d8cf8e4ec09cdbc8633c31745a07dd-le64.cache-6
7f838d0af000-7f838d0b5000 r--s 00000000 08:01 8257621                    /var/cache/fontconfig/2cd17615ca594fa2959ae173292e504c-le64.cache-6
7f838d0b5000-7f838d0b6000 r--s 00000000 08:01 8257618                    /var/cache/fontconfig/0d8c3b2ac0904cb8a57a757ad11a4a08-le64.cache-6
7f838d0b6000-7f838d0ba000 r--s 00000000 08:01 8266745                    /var/cache/fontconfig/de156ccd2eddbdc19d37a45b8b2aac9c-le64.cache-6
7f838d0ba000-7f838d0cf000 r--s 00000000 08:01 8257613                    /var/cache/fontconfig/04aabc0a78ac019cf9454389977116d2-le64.cache-6
7f838d0cf000-7f838d0d0000 r--s 00000000 08:01 8257620                    /var/cache/fontconfig/1ac9eb803944fde146138c791f5cc56a-le64.cache-6
7f838d0d0000-7f838d0d4000 r--s 00000000 08:01 8257625                    /var/cache/fontconfig/385c0604a188198f04d133e54aba7fe7-le64.cache-6
7f838d0d4000-7f838d0d5000 r--s 00000000 08:01 8257651                    /var/cache/fontconfig/dc05db6664285cc2f12bf69c139ae4c3-le64.cache-6
7f838d0d5000-7f838d0d8000 r--s 00000000 08:01 8257634                    /var/cache/fontconfig/767a8244fc0220cfb567a839d0392e0b-le64.cache-6
7f838d0d8000-7f838d0d9000 r--s 00000000 08:01 8257626                    /var/cache/fontconfig/4794a0821666d79190d59a36cb4f44b5-le64.cache-6
7f838d0d9000-7f838d119000 r--s 00000000 08:01 8257616                    /var/cache/fontconfig/0bd3dc0958fa2205aaaa8ebb13e2872b-le64.cache-6
7f838d119000-7f838d11e000 r--s 00000000 08:01 8257636                    /var/cache/fontconfig/8801497958630a81b71ace7c5f9b32a8-le64.cache-6
7f838d11e000-7f838d159000 r--s 00000000 08:01 8257996                    /var/cache/fontconfig/365b55f210c0a22e9a19e35191240f32-le64.cache-6
7f838d159000-7f838d15d000 r--s 00000000 08:01 8266692                    /var/cache/fontconfig/c57959a16110560c8d0fcea73374aeeb-le64.cache-6
7f838d15d000-7f838d15e000 r--s 00000000 08:01 8257643                    /var/cache/fontconfig/bab58bb527bb656aaa9f116d68a48d89-le64.cache-6
7f838d15e000-7f838d165000 r--s 00000000 08:01 8257622                    /var/cache/fontconfig/3047814df9a2f067bd2d96a2b9c36e5a-le64.cache-6
7f838d165000-7f838d16d000 r--s 00000000 08:01 8266541                    /var/cache/fontconfig/bf3b770c553c462765856025a94f1ce6-le64.cache-6
7f838d16d000-7f838d16e000 r--s 00000000 08:01 8257629                    /var/cache/fontconfig/56cf4f4769d0f4abc89a4895d7bd3ae1-le64.cache-6
7f838d16e000-7f838d174000 r--s 00000000 08:01 8257641                    /var/cache/fontconfig/b47c4e1ecd0709278f4910c18777a504-le64.cache-6
7f838d174000-7f838d17c000 r--s 00000000 08:01 8267450                    /var/cache/fontconfig/52f7bdb7ce746bfd7eaa1985bd9cfa93-le64.cache-6
7f838d17c000-7f838d18f000 r--s 00000000 08:01 8257648                    /var/cache/fontconfig/d52a8644073d54c13679302ca1180695-le64.cache-6
7f838d18f000-7f838d193000 r--s 00000000 08:01 8257649                    /var/cache/fontconfig/d589a48862398ed80a3d6066f4f56f4c-le64.cache-6
7f838d193000-7f838d1a5000 r--s 00000000 08:01 8257639                    /var/cache/fontconfig/9b89f8e3dae116d678bbf48e5f21f69b-le64.cache-6
7f838d1a5000-7f838d1ae000 r--s 00000000 08:01 8257646                    /var/cache/fontconfig/d0972c3d32f097851eb916381fc38920-le64.cache-6
7f838d1ae000-7f838d1ce000 r--s 00000000 08:01 8266540                    /var/cache/fontconfig/e13b20fdb08344e0e664864cc2ede53d-le64.cache-6
7f838d1ce000-7f838d1d3000 r-xp 00000000 08:01 2883616                    /usr/lib/jvm/java-8-oracle/jre/lib/amd64/libjavafx_font_freetype.so
7f838d1d3000-7f838d3d2000 ---p 00005000 08:01 2883616                    /usr/lib/jvm/java-8-oracle/jre/lib/amd64/libjavafx_font_freetype.so
7f838d3d2000-7f838d3d3000 rw-p 00004000 08:01 2883616                    /usr/lib/jvm/java-8-oracle/jre/lib/amd64/libjavafx_font_freetype.so
7f838d3d3000-7f838d5d3000 rw-p 00000000 00:00 0 
7f838d5d3000-7f838d5d6000 r-xp 00000000 08:01 2883660                    /usr/lib/jvm/java-8-oracle/jre/lib/amd64/libjavafx_font.so
7f838d5d6000-7f838d7d5000 ---p 00003000 08:01 2883660                    /usr/lib/jvm/java-8-oracle/jre/lib/amd64/libjavafx_font.so
7f838d7d5000-7f838d7d6000 rw-p 00002000 08:01 2883660                    /usr/lib/jvm/java-8-oracle/jre/lib/amd64/libjavafx_font.so
7f838d7d6000-7f838d9d6000 rw-p 00000000 00:00 0 
7f838d9d6000-7f838d9d9000 ---p 00000000 00:00 0 
7f838d9d9000-7f838dad7000 rw-p 00000000 00:00 0 
7f838dad7000-7f838dada000 ---p 00000000 00:00 0 
7f838dada000-7f838dbd8000 rw-p 00000000 00:00 0 
7f838dbd8000-7f838dbdb000 ---p 00000000 00:00 0 
7f838dbdb000-7f838dcd9000 rw-p 00000000 00:00 0 
7f838dcd9000-7f838dce3000 r-xp 00000000 08:01 28575160                   /usr/lib/x86_64-linux-gnu/gtk-2.0/2.10.0/engines/libpixmap.so
7f838dce3000-7f838dee2000 ---p 0000a000 08:01 28575160                   /usr/lib/x86_64-linux-gnu/gtk-2.0/2.10.0/engines/libpixmap.so
7f838dee2000-7f838dee3000 r--p 00009000 08:01 28575160                   /usr/lib/x86_64-linux-gnu/gtk-2.0/2.10.0/engines/libpixmap.so
7f838dee3000-7f838dee4000 rw-p 0000a000 08:01 28575160                   /usr/lib/x86_64-linux-gnu/gtk-2.0/2.10.0/engines/libpixmap.so
7f838dee4000-7f838df13000 r-xp 00000000 08:01 28575159                   /usr/lib/x86_64-linux-gnu/gtk-2.0/2.10.0/engines/libmurrine.so
7f838df13000-7f838e113000 ---p 0002f000 08:01 28575159                   /usr/lib/x86_64-linux-gnu/gtk-2.0/2.10.0/engines/libmurrine.so
7f838e113000-7f838e114000 r--p 0002f000 08:01 28575159                   /usr/lib/x86_64-linux-gnu/gtk-2.0/2.10.0/engines/libmurrine.so
7f838e114000-7f838e115000 rw-p 00030000 08:01 28575159                   /usr/lib/x86_64-linux-gnu/gtk-2.0/2.10.0/engines/libmurrine.so
7f838e115000-7f838e13e000 r--p 00000000 08:01 524439                     /usr/share/locale-langpack/pt/LC_MESSAGES/gtk20-properties.mo
7f838e13e000-7f838e142000 r-xp 00000000 08:01 28182512                   /usr/lib/libtopmenu-client-gtk2.so.0.0.0
7f838e142000-7f838e341000 ---p 00004000 08:01 28182512                   /usr/lib/libtopmenu-client-gtk2.so.0.0.0
7f838e341000-7f838e342000 r--p 00003000 08:01 28182512                   /usr/lib/libtopmenu-client-gtk2.so.0.0.0
7f838e342000-7f838e343000 rw-p 00004000 08:01 28182512                   /usr/lib/libtopmenu-client-gtk2.so.0.0.0
7f838e343000-7f838e34b000 r-xp 00000000 08:01 28575182                   /usr/lib/x86_64-linux-gnu/gtk-2.0/modules/libtopmenu-gtk-module.so
7f838e34b000-7f838e54a000 ---p 00008000 08:01 28575182                   /usr/lib/x86_64-linux-gnu/gtk-2.0/modules/libtopmenu-gtk-module.so
7f838e54a000-7f838e54b000 r--p 00007000 08:01 28575182                   /usr/lib/x86_64-linux-gnu/gtk-2.0/modules/libtopmenu-gtk-module.so
7f838e54b000-7f838e54c000 rw-p 00008000 08:01 28575182                   /usr/lib/x86_64-linux-gnu/gtk-2.0/modules/libtopmenu-gtk-module.so
7f838e54c000-7f838e553000 r-xp 00000000 08:01 28189036                   /usr/lib/x86_64-linux-gnu/libogg.so.0.8.2
7f838e553000-7f838e753000 ---p 00007000 08:01 28189036                   /usr/lib/x86_64-linux-gnu/libogg.so.0.8.2
7f838e753000-7f838e754000 r--p 00007000 08:01 28189036                   /usr/lib/x86_64-linux-gnu/libogg.so.0.8.2
7f838e754000-7f838e755000 rw-p 00008000 08:01 28189036                   /usr/lib/x86_64-linux-gnu/libogg.so.0.8.2
7f838e755000-7f838e77f000 r-xp 00000000 08:01 28189383                   /usr/lib/x86_64-linux-gnu/libvorbis.so.0.4.8
7f838e77f000-7f838e97f000 ---p 0002a000 08:01 28189383                   /usr/lib/x86_64-linux-gnu/libvorbis.so.0.4.8
7f838e97f000-7f838e980000 r--p 0002a000 08:01 28189383                   /usr/lib/x86_64-linux-gnu/libvorbis.so.0.4.8
7f838e980000-7f838e981000 rw-p 0002b000 08:01 28189383                   /usr/lib/x86_64-linux-gnu/libvorbis.so.0.4.8
7f838e981000-7f838e98a000 r-xp 00000000 08:01 28188887                   /usr/lib/x86_64-linux-gnu/libltdl.so.7.3.1
7f838e98a000-7f838eb89000 ---p 00009000 08:01 28188887                   /usr/lib/x86_64-linux-gnu/libltdl.so.7.3.1
7f838eb89000-7f838eb8a000 r--p 00008000 08:01 28188887                   /usr/lib/x86_64-linux-gnu/libltdl.so.7.3.1
7f838eb8a000-7f838eb8b000 rw-p 00009000 08:01 28188887                   /usr/lib/x86_64-linux-gnu/libltdl.so.7.3.1
7f838eb8b000-7f838eb9f000 r-xp 00000000 08:01 28189299                   /usr/lib/x86_64-linux-gnu/libtdb.so.1.3.8
7f838eb9f000-7f838ed9e000 ---p 00014000 08:01 28189299                   /usr/lib/x86_64-linux-gnu/libtdb.so.1.3.8
7f838ed9e000-7f838ed9f000 r--p 00013000 08:01 28189299                   /usr/lib/x86_64-linux-gnu/libtdb.so.1.3.8
7f838ed9f000-7f838eda0000 rw-p 00014000 08:01 28189299                   /usr/lib/x86_64-linux-gnu/libtdb.so.1.3.8
7f838eda0000-7f838eda7000 r-xp 00000000 08:01 28189387                   /usr/lib/x86_64-linux-gnu/libvorbisfile.so.3.3.7
7f838eda7000-7f838efa7000 ---p 00007000 08:01 28189387                   /usr/lib/x86_64-linux-gnu/libvorbisfile.so.3.3.7
7f838efa7000-7f838efa8000 r--p 00007000 08:01 28189387                   /usr/lib/x86_64-linux-gnu/libvorbisfile.so.3.3.7
7f838efa8000-7f838efa9000 rw-p 00008000 08:01 28189387                   /usr/lib/x86_64-linux-gnu/libvorbisfile.so.3.3.7
7f838efa9000-7f838efb9000 r-xp 00000000 08:01 28188299                   /usr/lib/x86_64-linux-gnu/libcanberra.so.0.2.5
7f838efb9000-7f838f1b8000 ---p 00010000 08:01 28188299                   /usr/lib/x86_64-linux-gnu/libcanberra.so.0.2.5
7f838f1b8000-7f838f1b9000 r--p 0000f000 08:01 28188299                   /usr/lib/x86_64-linux-gnu/libcanberra.so.0.2.5
7f838f1b9000-7f838f1ba000 rw-p 00010000 08:01 28188299                   /usr/lib/x86_64-linux-gnu/libcanberra.so.0.2.5
7f838f1ba000-7f838f1be000 r-xp 00000000 08:01 28188295                   /usr/lib/x86_64-linux-gnu/libcanberra-gtk.so.0.1.9
7f838f1be000-7f838f3bd000 ---p 00004000 08:01 28188295                   /usr/lib/x86_64-linux-gnu/libcanberra-gtk.so.0.1.9
7f838f3bd000-7f838f3be000 r--p 00003000 08:01 28188295                   /usr/lib/x86_64-linux-gnu/libcanberra-gtk.so.0.1.9
7f838f3be000-7f838f3bf000 rw-p 00004000 08:01 28188295                   /usr/lib/x86_64-linux-gnu/libcanberra-gtk.so.0.1.9
7f838f3bf000-7f838f3c4000 r-xp 00000000 08:01 28575179                   /usr/lib/x86_64-linux-gnu/gtk-2.0/modules/libcanberra-gtk-module.so
7f838f3c4000-7f838f5c3000 ---p 00005000 08:01 28575179                   /usr/lib/x86_64-linux-gnu/gtk-2.0/modules/libcanberra-gtk-module.so
7f838f5c3000-7f838f5c4000 r--p 00004000 08:01 28575179                   /usr/lib/x86_64-linux-gnu/gtk-2.0/modules/libcanberra-gtk-module.so
7f838f5c4000-7f838f5c5000 rw-p 00005000 08:01 28575179                   /usr/lib/x86_64-linux-gnu/gtk-2.0/modules/libcanberra-gtk-module.so
7f838f5c5000-7f838f5d7000 r-xp 00000000 08:01 4854165                    /lib/x86_64-linux-gnu/libgpg-error.so.0.17.0
7f838f5d7000-7f838f7d7000 ---p 00012000 08:01 4854165                    /lib/x86_64-linux-gnu/libgpg-error.so.0.17.0
7f838f7d7000-7f838f7d8000 r--p 00012000 08:01 4854165                    /lib/x86_64-linux-gnu/libgpg-error.so.0.17.0
7f838f7d8000-7f838f7d9000 rw-p 00013000 08:01 4854165                    /lib/x86_64-linux-gnu/libgpg-error.so.0.17.0
7f838f7d9000-7f838f8b1000 r-xp 00000000 08:01 4854161                    /lib/x86_64-linux-gnu/libgcrypt.so.20.0.5
7f838f8b1000-7f838fab0000 ---p 000d8000 08:01 4854161                    /lib/x86_64-linux-gnu/libgcrypt.so.20.0.5
7f838fab0000-7f838fab1000 r--p 000d7000 08:01 4854161                    /lib/x86_64-linux-gnu/libgcrypt.so.20.0.5
7f838fab1000-7f838fab9000 rw-p 000d8000 08:01 4854161                    /lib/x86_64-linux-gnu/libgcrypt.so.20.0.5
7f838fab9000-7f838faba000 rw-p 00000000 00:00 0 
7f838faba000-7f838fadb000 r-xp 00000000 08:01 4854188                    /lib/x86_64-linux-gnu/liblzma.so.5.0.0
7f838fadb000-7f838fcda000 ---p 00021000 08:01 4854188                    /lib/x86_64-linux-gnu/liblzma.so.5.0.0
7f838fcda000-7f838fcdb000 r--p 00020000 08:01 4854188                    /lib/x86_64-linux-gnu/liblzma.so.5.0.0
7f838fcdb000-7f838fcdc000 rw-p 00021000 08:01 4854188                    /lib/x86_64-linux-gnu/liblzma.so.5.0.0
7f838fcdc000-7f838fd5c000 r-xp 00000000 08:01 4849705                    /lib/x86_64-linux-gnu/libsystemd.so.0.14.0
7f838fd5c000-7f838fd5f000 r--p 0007f000 08:01 4849705                    /lib/x86_64-linux-gnu/libsystemd.so.0.14.0
7f838fd5f000-7f838fd60000 rw-p 00082000 08:01 4849705                    /lib/x86_64-linux-gnu/libsystemd.so.0.14.0
7f838fd60000-7f838fd61000 rw-p 00000000 00:00 0 
7f838fd61000-7f838fdab000 r-xp 00000000 08:01 4854137                    /lib/x86_64-linux-gnu/libdbus-1.so.3.14.6
7f838fdab000-7f838ffab000 ---p 0004a000 08:01 4854137                    /lib/x86_64-linux-gnu/libdbus-1.so.3.14.6
7f838ffab000-7f838ffac000 r--p 0004a000 08:01 4854137                    /lib/x86_64-linux-gnu/libdbus-1.so.3.14.6
7f838ffac000-7f838ffad000 rw-p 0004b000 08:01 4854137                    /lib/x86_64-linux-gnu/libdbus-1.so.3.14.6
7f838ffad000-7f838ffd9000 r-xp 00000000 08:01 28188226                   /usr/lib/x86_64-linux-gnu/libatspi.so.0.0.1
7f838ffd9000-7f83901d8000 ---p 0002c000 08:01 28188226                   /usr/lib/x86_64-linux-gnu/libatspi.so.0.0.1
7f83901d8000-7f83901db000 r--p 0002b000 08:01 28188226                   /usr/lib/x86_64-linux-gnu/libatspi.so.0.0.1
7f83901db000-7f83901dc000 rw-p 0002e000 08:01 28188226                   /usr/lib/x86_64-linux-gnu/libatspi.so.0.0.1
7f83901dc000-7f8390209000 r-xp 00000000 08:01 28188218                   /usr/lib/x86_64-linux-gnu/libatk-bridge-2.0.so.0.0.0
7f8390209000-7f8390408000 ---p 0002d000 08:01 28188218                   /usr/lib/x86_64-linux-gnu/libatk-bridge-2.0.so.0.0.0
7f8390408000-7f8390409000 r--p 0002c000 08:01 28188218                   /usr/lib/x86_64-linux-gnu/libatk-bridge-2.0.so.0.0.0
7f8390409000-7f839040b000 rw-p 0002d000 08:01 28188218                   /usr/lib/x86_64-linux-gnu/libatk-bridge-2.0.so.0.0.0
7f839040b000-7f839040c000 r-xp 00000000 08:01 28575178                   /usr/lib/x86_64-linux-gnu/gtk-2.0/modules/libatk-bridge.so
7f839040c000-7f839060b000 ---p 00001000 08:01 28575178                   /usr/lib/x86_64-linux-gnu/gtk-2.0/modules/libatk-bridge.so
7f839060b000-7f839060c000 r--p 00000000 08:01 28575178                   /usr/lib/x86_64-linux-gnu/gtk-2.0/modules/libatk-bridge.so
7f839060c000-7f839060d000 rw-p 00001000 08:01 28575178                   /usr/lib/x86_64-linux-gnu/gtk-2.0/modules/libatk-bridge.so
7f839060d000-7f8390614000 r-xp 00000000 08:01 28188577                   /usr/lib/x86_64-linux-gnu/libgailutil.so.18.0.1
7f8390614000-7f8390813000 ---p 00007000 08:01 28188577                   /usr/lib/x86_64-linux-gnu/libgailutil.so.18.0.1
7f8390813000-7f8390814000 r--p 00006000 08:01 28188577                   /usr/lib/x86_64-linux-gnu/libgailutil.so.18.0.1
7f8390814000-7f8390815000 rw-p 00007000 08:01 28188577                   /usr/lib/x86_64-linux-gnu/libgailutil.so.18.0.1
7f8390815000-7f8390816000 r--s 00000000 08:01 8257642                    /var/cache/fontconfig/b9d506c9ac06c20b433354fa67a72993-le64.cache-6
7f8390816000-7f8390817000 r--s 00000000 08:01 8257628                    /var/cache/fontconfig/551ecf3b0e8b0bca0f25c0944f561853-le64.cache-6
7f8390817000-7f8390818000 r--s 00000000 08:01 8257623                    /var/cache/fontconfig/30829fa25452a46451e813d634d7f916-le64.cache-6
7f8390818000-7f8390839000 r--s 00000000 08:01 8257990                    /var/cache/fontconfig/467c019e582ee353435ea5c21d137ef6-le64.cache-6
7f8390839000-7f8390887000 r-xp 00000000 08:01 28575181                   /usr/lib/x86_64-linux-gnu/gtk-2.0/modules/libgail.so
7f8390887000-7f8390a86000 ---p 0004e000 08:01 28575181                   /usr/lib/x86_64-linux-gnu/gtk-2.0/modules/libgail.so
7f8390a86000-7f8390a87000 r--p 0004d000 08:01 28575181                   /usr/lib/x86_64-linux-gnu/gtk-2.0/modules/libgail.so
7f8390a87000-7f8390a89000 rw-p 0004e000 08:01 28575181                   /usr/lib/x86_64-linux-gnu/gtk-2.0/modules/libgail.so
7f8390a89000-7f8390ab2000 r-xp 00000000 08:01 2883636                    /usr/lib/jvm/java-8-oracle/jre/lib/amd64/libglass.so
7f8390ab2000-7f8390cb1000 ---p 00029000 08:01 2883636                    /usr/lib/jvm/java-8-oracle/jre/lib/amd64/libglass.so
7f8390cb1000-7f8390cb4000 rw-p 00028000 08:01 2883636                    /usr/lib/jvm/java-8-oracle/jre/lib/amd64/libglass.so
7f8390cb4000-7f8390d34000 rw-s 103f38000 00:06 513                       /dev/nvidiactl
7f8390d34000-7f8390db4000 rw-s c5520000 00:06 513                        /dev/nvidiactl
7f8390db4000-7f8390eb4000 rw-s 1278e0000 00:06 513                       /dev/nvidiactl
7f8390eb4000-7f8390fb8000 rw-s b1860000 00:06 513                        /dev/nvidiactl
7f8390fb8000-7f83922b8000 r-xp 00000000 08:01 2754680                    /usr/lib/nvidia-361/libnvidia-glcore.so.361.42
7f83922b8000-7f83922d8000 rwxp 01300000 08:01 2754680                    /usr/lib/nvidia-361/libnvidia-glcore.so.361.42
7f83922d8000-7f8392667000 r-xp 01320000 08:01 2754680                    /usr/lib/nvidia-361/libnvidia-glcore.so.361.42
7f8392667000-7f8392866000 ---p 016af000 08:01 2754680                    /usr/lib/nvidia-361/libnvidia-glcore.so.361.42
7f8392866000-7f8392c33000 rw-p 016ae000 08:01 2754680                    /usr/lib/nvidia-361/libnvidia-glcore.so.361.42
7f8392c33000-7f8392c47000 rw-p 00000000 00:00 0 
7f8392c47000-7f8392c4a000 r-xp 00000000 08:01 2754683                    /usr/lib/nvidia-361/tls/libnvidia-tls.so.361.42
7f8392c4a000-7f8392e4a000 ---p 00003000 08:01 2754683                    /usr/lib/nvidia-361/tls/libnvidia-tls.so.361.42
7f8392e4a000-7f8392e4b000 rw-p 00003000 08:01 2754683                    /usr/lib/nvidia-361/tls/libnvidia-tls.so.361.42
7f8392e4b000-7f8392f11000 r-xp 00000000 08:01 2754677                    /usr/lib/nvidia-361/libGLX_nvidia.so.361.42
7f8392f11000-7f8392f44000 rwxp 000c6000 08:01 2754677                    /usr/lib/nvidia-361/libGLX_nvidia.so.361.42
7f8392f44000-7f8392f57000 r-xp 000f9000 08:01 2754677                    /usr/lib/nvidia-361/libGLX_nvidia.so.361.42
7f8392f57000-7f8393156000 ---p 0010c000 08:01 2754677                    /usr/lib/nvidia-361/libGLX_nvidia.so.361.42
7f8393156000-7f839317f000 rw-p 0010b000 08:01 2754677                    /usr/lib/nvidia-361/libGLX_nvidia.so.361.42
7f839317f000-7f8393185000 rw-p 00000000 00:00 0 
7f8393185000-7f839318b000 r-xp 00000000 08:01 28188383                   /usr/lib/x86_64-linux-gnu/libdatrie.so.1.3.3
7f839318b000-7f839338b000 ---p 00006000 08:01 28188383                   /usr/lib/x86_64-linux-gnu/libdatrie.so.1.3.3
7f839338b000-7f839338c000 r--p 00006000 08:01 28188383                   /usr/lib/x86_64-linux-gnu/libdatrie.so.1.3.3
7f839338c000-7f839338d000 rw-p 00007000 08:01 28188383                   /usr/lib/x86_64-linux-gnu/libdatrie.so.1.3.3
7f839338d000-7f8393392000 r-xp 00000000 08:01 28188129                   /usr/lib/x86_64-linux-gnu/libXdmcp.so.6.0.0
7f8393392000-7f8393591000 ---p 00005000 08:01 28188129                   /usr/lib/x86_64-linux-gnu/libXdmcp.so.6.0.0
7f8393591000-7f8393592000 r--p 00004000 08:01 28188129                   /usr/lib/x86_64-linux-gnu/libXdmcp.so.6.0.0
7f8393592000-7f8393593000 rw-p 00005000 08:01 28188129                   /usr/lib/x86_64-linux-gnu/libXdmcp.so.6.0.0
7f8393593000-7f8393595000 r-xp 00000000 08:01 28188118                   /usr/lib/x86_64-linux-gnu/libXau.so.6.0.0
7f8393595000-7f8393795000 ---p 00002000 08:01 28188118                   /usr/lib/x86_64-linux-gnu/libXau.so.6.0.0
7f8393795000-7f8393796000 r--p 00002000 08:01 28188118                   /usr/lib/x86_64-linux-gnu/libXau.so.6.0.0
7f8393796000-7f8393797000 rw-p 00003000 08:01 28188118                   /usr/lib/x86_64-linux-gnu/libXau.so.6.0.0
7f8393797000-7f83937ba000 r-xp 00000000 08:01 28188669                   /usr/lib/x86_64-linux-gnu/libgraphite2.so.3.0.1
7f83937ba000-7f83939b9000 ---p 00023000 08:01 28188669                   /usr/lib/x86_64-linux-gnu/libgraphite2.so.3.0.1
7f83939b9000-7f83939bb000 r--p 00022000 08:01 28188669                   /usr/lib/x86_64-linux-gnu/libgraphite2.so.3.0.1
7f83939bb000-7f83939bc000 rw-p 00024000 08:01 28188669                   /usr/lib/x86_64-linux-gnu/libgraphite2.so.3.0.1
7f83939bc000-7f8393a09000 r-xp 00000000 08:01 2754696                    /usr/lib/nvidia-361/libGLdispatch.so.0
7f8393a09000-7f8393a3b000 r-xp 0004d000 08:01 2754696                    /usr/lib/nvidia-361/libGLdispatch.so.0
7f8393a3b000-7f8393a75000 r-xp 0007f000 08:01 2754696                    /usr/lib/nvidia-361/libGLdispatch.so.0
7f8393a75000-7f8393c75000 ---p 000b9000 08:01 2754696                    /usr/lib/nvidia-361/libGLdispatch.so.0
7f8393c75000-7f8393c84000 rw-p 000b9000 08:01 2754696                    /usr/lib/nvidia-361/libGLdispatch.so.0
7f8393c84000-7f8393ca4000 rw-p 00000000 00:00 0 
7f8393ca4000-7f8393cb5000 r-xp 00000000 08:01 2754688                    /usr/lib/nvidia-361/libGLX.so.0
7f8393cb5000-7f8393eb5000 ---p 00011000 08:01 2754688                    /usr/lib/nvidia-361/libGLX.so.0
7f8393eb5000-7f8393eb6000 rw-p 00011000 08:01 2754688                    /usr/lib/nvidia-361/libGLX.so.0
7f8393eb6000-7f8393ed6000 rw-p 00000000 00:00 0 
7f8393ed6000-7f8393f44000 r-xp 00000000 08:01 4854248                    /lib/x86_64-linux-gnu/libpcre.so.3.13.2
7f8393f44000-7f8394144000 ---p 0006e000 08:01 4854248                    /lib/x86_64-linux-gnu/libpcre.so.3.13.2
7f8394144000-7f8394145000 r--p 0006e000 08:01 4854248                    /lib/x86_64-linux-gnu/libpcre.so.3.13.2
7f8394145000-7f8394146000 rw-p 0006f000 08:01 4854248                    /lib/x86_64-linux-gnu/libpcre.so.3.13.2
7f8394146000-7f839414d000 r-xp 00000000 08:01 28188519                   /usr/lib/x86_64-linux-gnu/libffi.so.6.0.4
7f839414d000-7f839434c000 ---p 00007000 08:01 28188519                   /usr/lib/x86_64-linux-gnu/libffi.so.6.0.4
7f839434c000-7f839434d000 r--p 00006000 08:01 28188519                   /usr/lib/x86_64-linux-gnu/libffi.so.6.0.4
7f839434d000-7f839434e000 rw-p 00007000 08:01 28188519                   /usr/lib/x86_64-linux-gnu/libffi.so.6.0.4
7f839434e000-7f8394374000 r-xp 00000000 08:01 4854152                    /lib/x86_64-linux-gnu/libexpat.so.1.6.0
7f8394374000-7f8394574000 ---p 00026000 08:01 4854152                    /lib/x86_64-linux-gnu/libexpat.so.1.6.0
7f8394574000-7f8394576000 r--p 00026000 08:01 4854152                    /lib/x86_64-linux-gnu/libexpat.so.1.6.0
7f8394576000-7f8394577000 rw-p 00028000 08:01 4854152                    /lib/x86_64-linux-gnu/libexpat.so.1.6.0
7f8394577000-7f839457f000 r-xp 00000000 08:01 28189305                   /usr/lib/x86_64-linux-gnu/libthai.so.0.2.4
7f839457f000-7f839477e000 ---p 00008000 08:01 28189305                   /usr/lib/x86_64-linux-gnu/libthai.so.0.2.4
7f839477e000-7f839477f000 r--p 00007000 08:01 28189305                   /usr/lib/x86_64-linux-gnu/libthai.so.0.2.4
7f839477f000-7f8394780000 rw-p 00008000 08:01 28189305                   /usr/lib/x86_64-linux-gnu/libthai.so.0.2.4
7f8394780000-7f83947a1000 r-xp 00000000 08:01 28189514                   /usr/lib/x86_64-linux-gnu/libxcb.so.1.1.0
7f83947a1000-7f83949a0000 ---p 00021000 08:01 28189514                   /usr/lib/x86_64-linux-gnu/libxcb.so.1.1.0
7f83949a0000-7f83949a1000 r--p 00020000 08:01 28189514                   /usr/lib/x86_64-linux-gnu/libxcb.so.1.1.0
7f83949a1000-7f83949a2000 rw-p 00021000 08:01 28189514                   /usr/lib/x86_64-linux-gnu/libxcb.so.1.1.0
7f83949a2000-7f83949aa000 r-xp 00000000 08:01 28189498                   /usr/lib/x86_64-linux-gnu/libxcb-render.so.0.0.0
7f83949aa000-7f8394baa000 ---p 00008000 08:01 28189498                   /usr/lib/x86_64-linux-gnu/libxcb-render.so.0.0.0
7f8394baa000-7f8394bab000 r--p 00008000 08:01 28189498                   /usr/lib/x86_64-linux-gnu/libxcb-render.so.0.0.0
7f8394bab000-7f8394bac000 rw-p 00009000 08:01 28189498                   /usr/lib/x86_64-linux-gnu/libxcb-render.so.0.0.0
7f8394bac000-7f8394bae000 r-xp 00000000 08:01 28189502                   /usr/lib/x86_64-linux-gnu/libxcb-shm.so.0.0.0
7f8394bae000-7f8394dae000 ---p 00002000 08:01 28189502                   /usr/lib/x86_64-linux-gnu/libxcb-shm.so.0.0.0
7f8394dae000-7f8394daf000 r--p 00002000 08:01 28189502                   /usr/lib/x86_64-linux-gnu/libxcb-shm.so.0.0.0
7f8394daf000-7f8394db0000 rw-p 00003000 08:01 28189502                   /usr/lib/x86_64-linux-gnu/libxcb-shm.so.0.0.0
7f8394db0000-7f8394dd4000 r-xp 00000000 08:01 4854260                    /lib/x86_64-linux-gnu/libpng12.so.0.54.0
7f8394dd4000-7f8394fd3000 ---p 00024000 08:01 4854260                    /lib/x86_64-linux-gnu/libpng12.so.0.54.0
7f8394fd3000-7f8394fd4000 r--p 00023000 08:01 4854260                    /lib/x86_64-linux-gnu/libpng12.so.0.54.0
7f8394fd4000-7f8394fd5000 rw-p 00024000 08:01 4854260                    /lib/x86_64-linux-gnu/libpng12.so.0.54.0
7f8394fd5000-7f8395074000 r-xp 00000000 08:01 28189099                   /usr/lib/x86_64-linux-gnu/libpixman-1.so.0.33.6
7f8395074000-7f8395274000 ---p 0009f000 08:01 28189099                   /usr/lib/x86_64-linux-gnu/libpixman-1.so.0.33.6
7f8395274000-7f839527c000 r--p 0009f000 08:01 28189099                   /usr/lib/x86_64-linux-gnu/libpixman-1.so.0.33.6
7f839527c000-7f839527d000 rw-p 000a7000 08:01 28189099                   /usr/lib/x86_64-linux-gnu/libpixman-1.so.0.33.6
7f839527d000-7f83952d9000 r-xp 00000000 08:01 28188751                   /usr/lib/x86_64-linux-gnu/libharfbuzz.so.0.10000.1
7f83952d9000-7f83954d9000 ---p 0005c000 08:01 28188751                   /usr/lib/x86_64-linux-gnu/libharfbuzz.so.0.10000.1
7f83954d9000-7f83954da000 r--p 0005c000 08:01 28188751                   /usr/lib/x86_64-linux-gnu/libharfbuzz.so.0.10000.1
7f83954da000-7f83954db000 rw-p 0005d000 08:01 28188751                   /usr/lib/x86_64-linux-gnu/libharfbuzz.so.0.10000.1
7f83954db000-7f83954f2000 r-xp 00000000 08:01 4854271                    /lib/x86_64-linux-gnu/libresolv-2.23.so
7f83954f2000-7f83956f2000 ---p 00017000 08:01 4854271                    /lib/x86_64-linux-gnu/libresolv-2.23.so
7f83956f2000-7f83956f3000 r--p 00017000 08:01 4854271                    /lib/x86_64-linux-gnu/libresolv-2.23.so
7f83956f3000-7f83956f4000 rw-p 00018000 08:01 4854271                    /lib/x86_64-linux-gnu/libresolv-2.23.so
7f83956f4000-7f83956f6000 rw-p 00000000 00:00 0 
7f83956f6000-7f8395715000 r-xp 00000000 08:01 4854277                    /lib/x86_64-linux-gnu/libselinux.so.1
7f8395715000-7f8395914000 ---p 0001f000 08:01 4854277                    /lib/x86_64-linux-gnu/libselinux.so.1
7f8395914000-7f8395915000 r--p 0001e000 08:01 4854277                    /lib/x86_64-linux-gnu/libselinux.so.1
7f8395915000-7f8395916000 rw-p 0001f000 08:01 4854277                    /lib/x86_64-linux-gnu/libselinux.so.1
7f8395916000-7f8395918000 rw-p 00000000 00:00 0 
7f8395918000-7f8395931000 r-xp 00000000 08:01 4854310                    /lib/x86_64-linux-gnu/libz.so.1.2.8
7f8395931000-7f8395b30000 ---p 00019000 08:01 4854310                    /lib/x86_64-linux-gnu/libz.so.1.2.8
7f8395b30000-7f8395b31000 r--p 00018000 08:01 4854310                    /lib/x86_64-linux-gnu/libz.so.1.2.8
7f8395b31000-7f8395b32000 rw-p 00019000 08:01 4854310                    /lib/x86_64-linux-gnu/libz.so.1.2.8
7f8395b32000-7f8395b43000 r-xp 00000000 08:01 28188131                   /usr/lib/x86_64-linux-gnu/libXext.so.6.4.0
7f8395b43000-7f8395d42000 ---p 00011000 08:01 28188131                   /usr/lib/x86_64-linux-gnu/libXext.so.6.4.0
7f8395d42000-7f8395d43000 r--p 00010000 08:01 28188131                   /usr/lib/x86_64-linux-gnu/libXext.so.6.4.0
7f8395d43000-7f8395d44000 rw-p 00011000 08:01 28188131                   /usr/lib/x86_64-linux-gnu/libXext.so.6.4.0
7f8395d44000-7f8395d46000 r-xp 00000000 08:01 28188127                   /usr/lib/x86_64-linux-gnu/libXdamage.so.1.1.0
7f8395d46000-7f8395f45000 ---p 00002000 08:01 28188127                   /usr/lib/x86_64-linux-gnu/libXdamage.so.1.1.0
7f8395f45000-7f8395f46000 r--p 00001000 08:01 28188127                   /usr/lib/x86_64-linux-gnu/libXdamage.so.1.1.0
7f8395f46000-7f8395f47000 rw-p 00002000 08:01 28188127                   /usr/lib/x86_64-linux-gnu/libXdamage.so.1.1.0
7f8395f47000-7f8395f49000 r-xp 00000000 08:01 28188123                   /usr/lib/x86_64-linux-gnu/libXcomposite.so.1.0.0
7f8395f49000-7f8396148000 ---p 00002000 08:01 28188123                   /usr/lib/x86_64-linux-gnu/libXcomposite.so.1.0.0
7f8396148000-7f8396149000 r--p 00001000 08:01 28188123                   /usr/lib/x86_64-linux-gnu/libXcomposite.so.1.0.0
7f8396149000-7f839614a000 rw-p 00002000 08:01 28188123                   /usr/lib/x86_64-linux-gnu/libXcomposite.so.1.0.0
7f839614a000-7f8396153000 r-xp 00000000 08:01 28188125                   /usr/lib/x86_64-linux-gnu/libXcursor.so.1.0.2
7f8396153000-7f8396352000 ---p 00009000 08:01 28188125                   /usr/lib/x86_64-linux-gnu/libXcursor.so.1.0.2
7f8396352000-7f8396353000 r--p 00008000 08:01 28188125                   /usr/lib/x86_64-linux-gnu/libXcursor.so.1.0.2
7f8396353000-7f8396354000 rw-p 00009000 08:01 28188125                   /usr/lib/x86_64-linux-gnu/libXcursor.so.1.0.2
7f8396354000-7f839635e000 r-xp 00000000 08:01 28188149                   /usr/lib/x86_64-linux-gnu/libXrandr.so.2.2.0
7f839635e000-7f839655d000 ---p 0000a000 08:01 28188149                   /usr/lib/x86_64-linux-gnu/libXrandr.so.2.2.0
7f839655d000-7f839655e000 r--p 00009000 08:01 28188149                   /usr/lib/x86_64-linux-gnu/libXrandr.so.2.2.0
7f839655e000-7f839655f000 rw-p 0000a000 08:01 28188149                   /usr/lib/x86_64-linux-gnu/libXrandr.so.2.2.0
7f839655f000-7f839656e000 r-xp 00000000 08:01 28188139                   /usr/lib/x86_64-linux-gnu/libXi.so.6.1.0
7f839656e000-7f839676d000 ---p 0000f000 08:01 28188139                   /usr/lib/x86_64-linux-gnu/libXi.so.6.1.0
7f839676d000-7f839676e000 r--p 0000e000 08:01 28188139                   /usr/lib/x86_64-linux-gnu/libXi.so.6.1.0
7f839676e000-7f839676f000 rw-p 0000f000 08:01 28188139                   /usr/lib/x86_64-linux-gnu/libXi.so.6.1.0
7f839676f000-7f8396771000 r-xp 00000000 08:01 28188141                   /usr/lib/x86_64-linux-gnu/libXinerama.so.1.0.0
7f8396771000-7f8396970000 ---p 00002000 08:01 28188141                   /usr/lib/x86_64-linux-gnu/libXinerama.so.1.0.0
7f8396970000-7f8396971000 r--p 00001000 08:01 28188141                   /usr/lib/x86_64-linux-gnu/libXinerama.so.1.0.0
7f8396971000-7f8396972000 rw-p 00002000 08:01 28188141                   /usr/lib/x86_64-linux-gnu/libXinerama.so.1.0.0
7f8396972000-7f839697b000 r-xp 00000000 08:01 28188151                   /usr/lib/x86_64-linux-gnu/libXrender.so.1.3.0
7f839697b000-7f8396b7a000 ---p 00009000 08:01 28188151                   /usr/lib/x86_64-linux-gnu/libXrender.so.1.3.0
7f8396b7a000-7f8396b7b000 r--p 00008000 08:01 28188151                   /usr/lib/x86_64-linux-gnu/libXrender.so.1.3.0
7f8396b7b000-7f8396b7c000 rw-p 00009000 08:01 28188151                   /usr/lib/x86_64-linux-gnu/libXrender.so.1.3.0
7f8396b7c000-7f8396b81000 r-xp 00000000 08:01 28188133                   /usr/lib/x86_64-linux-gnu/libXfixes.so.3.1.0
7f8396b81000-7f8396d80000 ---p 00005000 08:01 28188133                   /usr/lib/x86_64-linux-gnu/libXfixes.so.3.1.0
7f8396d80000-7f8396d81000 r--p 00004000 08:01 28188133                   /usr/lib/x86_64-linux-gnu/libXfixes.so.3.1.0
7f8396d81000-7f8396d82000 rw-p 00005000 08:01 28188133                   /usr/lib/x86_64-linux-gnu/libXfixes.so.3.1.0
7f8396d82000-7f8396d98000 r-xp 00000000 08:01 4854159                    /lib/x86_64-linux-gnu/libgcc_s.so.1
7f8396d98000-7f8396f97000 ---p 00016000 08:01 4854159                    /lib/x86_64-linux-gnu/libgcc_s.so.1
7f8396f97000-7f8396f98000 rw-p 00015000 08:01 4854159                    /lib/x86_64-linux-gnu/libgcc_s.so.1
7f8396f98000-7f839710a000 r-xp 00000000 08:01 28189284                   /usr/lib/x86_64-linux-gnu/libstdc++.so.6.0.21
7f839710a000-7f839730a000 ---p 00172000 08:01 28189284                   /usr/lib/x86_64-linux-gnu/libstdc++.so.6.0.21
7f839730a000-7f8397314000 r--p 00172000 08:01 28189284                   /usr/lib/x86_64-linux-gnu/libstdc++.so.6.0.21
7f8397314000-7f8397316000 rw-p 0017c000 08:01 28189284                   /usr/lib/x86_64-linux-gnu/libstdc++.so.6.0.21
7f8397316000-7f839731a000 rw-p 00000000 00:00 0 
7f839731a000-7f839734b000 r-xp 00000000 08:01 2754693                    /usr/lib/nvidia-361/libGL.so.1.0.0
7f839734b000-7f839737d000 r-xp 00031000 08:01 2754693                    /usr/lib/nvidia-361/libGL.so.1.0.0
7f839737d000-7f83973a7000 r-xp 00063000 08:01 2754693                    /usr/lib/nvidia-361/libGL.so.1.0.0
7f83973a7000-7f83975a7000 ---p 0008d000 08:01 2754693                    /usr/lib/nvidia-361/libGL.so.1.0.0
7f83975a7000-7f83975a8000 rw-p 0008d000 08:01 2754693                    /usr/lib/nvidia-361/libGL.so.1.0.0
7f83975a8000-7f83975a9000 rw-p 00000000 00:00 0 
7f83975a9000-7f83975ae000 r-xp 00000000 08:01 28188167                   /usr/lib/x86_64-linux-gnu/libXxf86vm.so.1.0.0
7f83975ae000-7f83977ad000 ---p 00005000 08:01 28188167                   /usr/lib/x86_64-linux-gnu/libXxf86vm.so.1.0.0
7f83977ad000-7f83977ae000 r--p 00004000 08:01 28188167                   /usr/lib/x86_64-linux-gnu/libXxf86vm.so.1.0.0
7f83977ae000-7f83977af000 rw-p 00005000 08:01 28188167                   /usr/lib/x86_64-linux-gnu/libXxf86vm.so.1.0.0
7f83977af000-7f83978e4000 r-xp 00000000 08:01 28188114                   /usr/lib/x86_64-linux-gnu/libX11.so.6.3.0
7f83978e4000-7f8397ae4000 ---p 00135000 08:01 28188114                   /usr/lib/x86_64-linux-gnu/libX11.so.6.3.0
7f8397ae4000-7f8397ae5000 r--p 00135000 08:01 28188114                   /usr/lib/x86_64-linux-gnu/libX11.so.6.3.0
7f8397ae5000-7f8397ae9000 rw-p 00136000 08:01 28188114                   /usr/lib/x86_64-linux-gnu/libX11.so.6.3.0
7f8397ae9000-7f8397aee000 r-xp 00000000 08:01 28188157                   /usr/lib/x86_64-linux-gnu/libXtst.so.6.1.0
7f8397aee000-7f8397ced000 ---p 00005000 08:01 28188157                   /usr/lib/x86_64-linux-gnu/libXtst.so.6.1.0
7f8397ced000-7f8397cee000 r--p 00004000 08:01 28188157                   /usr/lib/x86_64-linux-gnu/libXtst.so.6.1.0
7f8397cee000-7f8397cef000 rw-p 00005000 08:01 28188157                   /usr/lib/x86_64-linux-gnu/libXtst.so.6.1.0
7f8397cef000-7f8397dfd000 r-xp 00000000 08:01 4854163                    /lib/x86_64-linux-gnu/libglib-2.0.so.0.4800.0
7f8397dfd000-7f8397ffd000 ---p 0010e000 08:01 4854163                    /lib/x86_64-linux-gnu/libglib-2.0.so.0.4800.0
7f8397ffd000-7f8397ffe000 r--p 0010e000 08:01 4854163                    /lib/x86_64-linux-gnu/libglib-2.0.so.0.4800.0
7f8397ffe000-7f8397fff000 rw-p 0010f000 08:01 4854163                    /lib/x86_64-linux-gnu/libglib-2.0.so.0.4800.0
7f8397fff000-7f8398000000 rw-p 00000000 00:00 0 
7f8398000000-7f8398021000 rw-p 00000000 00:00 0 
7f8398021000-7f839c000000 ---p 00000000 00:00 0 
7f839c000000-7f839c915000 rw-p 00000000 00:00 0 
7f839c915000-7f83a0000000 ---p 00000000 00:00 0 
7f83a0000000-7f83a03b7000 rw-p 00000000 00:00 0 
7f83a03b7000-7f83a4000000 ---p 00000000 00:00 0 
7f83a4000000-7f83a4021000 rw-p 00000000 00:00 0 
7f83a4021000-7f83a8000000 ---p 00000000 00:00 0 
7f83a8000000-7f83a899e000 rw-p 00000000 00:00 0 
7f83a899e000-7f83ac000000 ---p 00000000 00:00 0 
7f83ac000000-7f83ac1ff000 rw-p 00000000 00:00 0 
7f83ac1ff000-7f83b0000000 ---p 00000000 00:00 0 
7f83b0000000-7f83b0021000 rw-p 00000000 00:00 0 
7f83b0021000-7f83b4000000 ---p 00000000 00:00 0 
7f83b4000000-7f83b4021000 rw-p 00000000 00:00 0 
7f83b4021000-7f83b8000000 ---p 00000000 00:00 0 
7f83b8000000-7f83b8021000 rw-p 00000000 00:00 0 
7f83b8021000-7f83bc000000 ---p 00000000 00:00 0 
7f83bc000000-7f83bc021000 rw-p 00000000 00:00 0 
7f83bc021000-7f83c0000000 ---p 00000000 00:00 0 
7f83c0000000-7f83c0021000 rw-p 00000000 00:00 0 
7f83c0021000-7f83c4000000 ---p 00000000 00:00 0 
7f83c4000000-7f83c4021000 rw-p 00000000 00:00 0 
7f83c4021000-7f83c8000000 ---p 00000000 00:00 0 
7f83c8000000-7f83c8021000 rw-p 00000000 00:00 0 
7f83c8021000-7f83cc000000 ---p 00000000 00:00 0 
7f83cc000000-7f83cc004000 r--s 00000000 08:01 8257614                    /var/cache/fontconfig/0843ca893a93b5446bad221815920e23-le64.cache-6
7f83cc004000-7f83cc011000 r--s 00000000 08:01 8259552                    /var/cache/fontconfig/8f02d4cb045bd6ce15663e43f347c9f8-le64.cache-6
7f83cc011000-7f83cc03a000 r--p 00000000 08:01 524808                     /usr/share/locale-langpack/pt_BR/LC_MESSAGES/gtk20-properties.mo
7f83cc03a000-7f83cc053000 r--p 00000000 08:01 524487                     /usr/share/locale-langpack/pt/LC_MESSAGES/libc.mo
7f83cc053000-7f83cc074000 r--p 00000000 08:01 524858                     /usr/share/locale-langpack/pt_BR/LC_MESSAGES/libc.mo
7f83cc074000-7f83cc07b000 r--s 00000000 08:01 28574953                   /usr/lib/x86_64-linux-gnu/gconv/gconv-modules.cache
7f83cc07b000-7f83cc0fb000 rw-s c4ede000 00:06 513                        /dev/nvidiactl
7f83cc0fb000-7f83cc0fc000 r-xp 00000000 08:01 28188725                   /usr/lib/x86_64-linux-gnu/libgthread-2.0.so.0.4800.0
7f83cc0fc000-7f83cc2fb000 ---p 00001000 08:01 28188725                   /usr/lib/x86_64-linux-gnu/libgthread-2.0.so.0.4800.0
7f83cc2fb000-7f83cc2fc000 r--p 00000000 08:01 28188725                   /usr/lib/x86_64-linux-gnu/libgthread-2.0.so.0.4800.0
7f83cc2fc000-7f83cc2fd000 rw-p 00001000 08:01 28188725                   /usr/lib/x86_64-linux-gnu/libgthread-2.0.so.0.4800.0
7f83cc2fd000-7f83cc300000 r-xp 00000000 08:01 28188639                   /usr/lib/x86_64-linux-gnu/libgmodule-2.0.so.0.4800.0
7f83cc300000-7f83cc4ff000 ---p 00003000 08:01 28188639                   /usr/lib/x86_64-linux-gnu/libgmodule-2.0.so.0.4800.0
7f83cc4ff000-7f83cc500000 r--p 00002000 08:01 28188639                   /usr/lib/x86_64-linux-gnu/libgmodule-2.0.so.0.4800.0
7f83cc500000-7f83cc501000 rw-p 00003000 08:01 28188639                   /usr/lib/x86_64-linux-gnu/libgmodule-2.0.so.0.4800.0
7f83cc501000-7f83cc553000 r-xp 00000000 08:01 28188653                   /usr/lib/x86_64-linux-gnu/libgobject-2.0.so.0.4800.0
7f83cc553000-7f83cc752000 ---p 00052000 08:01 28188653                   /usr/lib/x86_64-linux-gnu/libgobject-2.0.so.0.4800.0
7f83cc752000-7f83cc753000 r--p 00051000 08:01 28188653                   /usr/lib/x86_64-linux-gnu/libgobject-2.0.so.0.4800.0
7f83cc753000-7f83cc754000 rw-p 00052000 08:01 28188653                   /usr/lib/x86_64-linux-gnu/libgobject-2.0.so.0.4800.0
7f83cc754000-7f83cc791000 r-xp 00000000 08:01 28188535                   /usr/lib/x86_64-linux-gnu/libfontconfig.so.1.9.0
7f83cc791000-7f83cc990000 ---p 0003d000 08:01 28188535                   /usr/lib/x86_64-linux-gnu/libfontconfig.so.1.9.0
7f83cc990000-7f83cc992000 r--p 0003c000 08:01 28188535                   /usr/lib/x86_64-linux-gnu/libfontconfig.so.1.9.0
7f83cc992000-7f83cc997000 rw-p 0003e000 08:01 28188535                   /usr/lib/x86_64-linux-gnu/libfontconfig.so.1.9.0
7f83cc997000-7f83cca3b000 r-xp 00000000 08:01 28188567                   /usr/lib/x86_64-linux-gnu/libfreetype.so.6.12.1
7f83cca3b000-7f83ccc3a000 ---p 000a4000 08:01 28188567                   /usr/lib/x86_64-linux-gnu/libfreetype.so.6.12.1
7f83ccc3a000-7f83ccc40000 r--p 000a3000 08:01 28188567                   /usr/lib/x86_64-linux-gnu/libfreetype.so.6.12.1
7f83ccc40000-7f83ccc41000 rw-p 000a9000 08:01 28188567                   /usr/lib/x86_64-linux-gnu/libfreetype.so.6.12.1
7f83ccc41000-7f83ccc8a000 r-xp 00000000 08:01 28189069                   /usr/lib/x86_64-linux-gnu/libpango-1.0.so.0.3800.1
7f83ccc8a000-7f83cce8a000 ---p 00049000 08:01 28189069                   /usr/lib/x86_64-linux-gnu/libpango-1.0.so.0.3800.1
7f83cce8a000-7f83cce8c000 r--p 00049000 08:01 28189069                   /usr/lib/x86_64-linux-gnu/libpango-1.0.so.0.3800.1
7f83cce8c000-7f83cce8d000 rw-p 0004b000 08:01 28189069                   /usr/lib/x86_64-linux-gnu/libpango-1.0.so.0.3800.1
7f83cce8d000-7f83ccf9b000 r-xp 00000000 08:01 28188287                   /usr/lib/x86_64-linux-gnu/libcairo.so.2.11400.6
7f83ccf9b000-7f83cd19b000 ---p 0010e000 08:01 28188287                   /usr/lib/x86_64-linux-gnu/libcairo.so.2.11400.6
7f83cd19b000-7f83cd19e000 r--p 0010e000 08:01 28188287                   /usr/lib/x86_64-linux-gnu/libcairo.so.2.11400.6
7f83cd19e000-7f83cd19f000 rw-p 00111000 08:01 28188287                   /usr/lib/x86_64-linux-gnu/libcairo.so.2.11400.6
7f83cd19f000-7f83cd1a1000 rw-p 00000000 00:00 0 
7f83cd1a1000-7f83cd1ad000 r-xp 00000000 08:01 28189071                   /usr/lib/x86_64-linux-gnu/libpangocairo-1.0.so.0.3800.1
7f83cd1ad000-7f83cd3ac000 ---p 0000c000 08:01 28189071                   /usr/lib/x86_64-linux-gnu/libpangocairo-1.0.so.0.3800.1
7f83cd3ac000-7f83cd3ad000 r--p 0000b000 08:01 28189071                   /usr/lib/x86_64-linux-gnu/libpangocairo-1.0.so.0.3800.1
7f83cd3ad000-7f83cd3ae000 rw-p 0000c000 08:01 28189071                   /usr/lib/x86_64-linux-gnu/libpangocairo-1.0.so.0.3800.1
7f83cd3ae000-7f83cd3cf000 r-xp 00000000 08:01 28188603                   /usr/lib/x86_64-linux-gnu/libgdk_pixbuf-2.0.so.0.3200.2
7f83cd3cf000-7f83cd5ce000 ---p 00021000 08:01 28188603                   /usr/lib/x86_64-linux-gnu/libgdk_pixbuf-2.0.so.0.3200.2
7f83cd5ce000-7f83cd5cf000 r--p 00020000 08:01 28188603                   /usr/lib/x86_64-linux-gnu/libgdk_pixbuf-2.0.so.0.3200.2
7f83cd5cf000-7f83cd5d0000 rw-p 00021000 08:01 28188603                   /usr/lib/x86_64-linux-gnu/libgdk_pixbuf-2.0.so.0.3200.2
7f83cd5d0000-7f83cd5e4000 r-xp 00000000 08:01 28189073                   /usr/lib/x86_64-linux-gnu/libpangoft2-1.0.so.0.3800.1
7f83cd5e4000-7f83cd7e4000 ---p 00014000 08:01 28189073                   /usr/lib/x86_64-linux-gnu/libpangoft2-1.0.so.0.3800.1
7f83cd7e4000-7f83cd7e5000 r--p 00014000 08:01 28189073                   /usr/lib/x86_64-linux-gnu/libpangoft2-1.0.so.0.3800.1
7f83cd7e5000-7f83cd7e6000 rw-p 00015000 08:01 28189073                   /usr/lib/x86_64-linux-gnu/libpangoft2-1.0.so.0.3800.1
7f83cd7e6000-7f83cd966000 r-xp 00000000 08:01 28188621                   /usr/lib/x86_64-linux-gnu/libgio-2.0.so.0.4800.0
7f83cd966000-7f83cdb66000 ---p 00180000 08:01 28188621                   /usr/lib/x86_64-linux-gnu/libgio-2.0.so.0.4800.0
7f83cdb66000-7f83cdb6a000 r--p 00180000 08:01 28188621                   /usr/lib/x86_64-linux-gnu/libgio-2.0.so.0.4800.0
7f83cdb6a000-7f83cdb6c000 rw-p 00184000 08:01 28188621                   /usr/lib/x86_64-linux-gnu/libgio-2.0.so.0.4800.0
7f83cdb6c000-7f83cdb6e000 rw-p 00000000 00:00 0 
7f83cdb6e000-7f83cdb90000 r-xp 00000000 08:01 28188216                   /usr/lib/x86_64-linux-gnu/libatk-1.0.so.0.21809.1
7f83cdb90000-7f83cdd8f000 ---p 00022000 08:01 28188216                   /usr/lib/x86_64-linux-gnu/libatk-1.0.so.0.21809.1
7f83cdd8f000-7f83cdd92000 r--p 00021000 08:01 28188216                   /usr/lib/x86_64-linux-gnu/libatk-1.0.so.0.21809.1
7f83cdd92000-7f83cdd93000 rw-p 00024000 08:01 28188216                   /usr/lib/x86_64-linux-gnu/libatk-1.0.so.0.21809.1
7f83cdd93000-7f83cde43000 r-xp 00000000 08:01 28188601                   /usr/lib/x86_64-linux-gnu/libgdk-x11-2.0.so.0.2400.30
7f83cde43000-7f83ce042000 ---p 000b0000 08:01 28188601                   /usr/lib/x86_64-linux-gnu/libgdk-x11-2.0.so.0.2400.30
7f83ce042000-7f83ce046000 r--p 000af000 08:01 28188601                   /usr/lib/x86_64-linux-gnu/libgdk-x11-2.0.so.0.2400.30
7f83ce046000-7f83ce048000 rw-p 000b3000 08:01 28188601                   /usr/lib/x86_64-linux-gnu/libgdk-x11-2.0.so.0.2400.30
7f83ce048000-7f83ce486000 r-xp 00000000 08:01 28188729                   /usr/lib/x86_64-linux-gnu/libgtk-x11-2.0.so.0.2400.30
7f83ce486000-7f83ce685000 ---p 0043e000 08:01 28188729                   /usr/lib/x86_64-linux-gnu/libgtk-x11-2.0.so.0.2400.30
7f83ce685000-7f83ce68c000 r--p 0043d000 08:01 28188729                   /usr/lib/x86_64-linux-gnu/libgtk-x11-2.0.so.0.2400.30
7f83ce68c000-7f83ce690000 rw-p 00444000 08:01 28188729                   /usr/lib/x86_64-linux-gnu/libgtk-x11-2.0.so.0.2400.30
7f83ce690000-7f83ce693000 rw-p 00000000 00:00 0 
7f83ce693000-7f83ce69f000 r-xp 00000000 08:01 2883663                    /usr/lib/jvm/java-8-oracle/jre/lib/amd64/libprism_es2.so
7f83ce69f000-7f83ce89e000 ---p 0000c000 08:01 2883663                    /usr/lib/jvm/java-8-oracle/jre/lib/amd64/libprism_es2.so
7f83ce89e000-7f83ce89f000 rw-p 0000b000 08:01 2883663                    /usr/lib/jvm/java-8-oracle/jre/lib/amd64/libprism_es2.so
7f83ce89f000-7f83ce8a2000 ---p 00000000 00:00 0 
7f83ce8a2000-7f83ce9a0000 rw-p 00000000 00:00 0 
7f83ce9a0000-7f83cea35000 r--s 01103000 08:01 2755845                    /usr/lib/jvm/java-8-oracle/jre/lib/ext/jfxrt.jar
7f83cea35000-7f83cea36000 ---p 00000000 00:00 0 
7f83cea36000-7f83ceb36000 rw-p 00000000 00:00 0 
7f83ceb36000-7f83ceb39000 ---p 00000000 00:00 0 
7f83ceb39000-7f83cec37000 rw-p 00000000 00:00 0 
7f83cec37000-7f83cec3a000 ---p 00000000 00:00 0 
7f83cec3a000-7f83ced38000 rw-p 00000000 00:00 0 
7f83ced38000-7f83ced3b000 ---p 00000000 00:00 0 
7f83ced3b000-7f83cee39000 rw-p 00000000 00:00 0 
7f83cee39000-7f83cee3c000 ---p 00000000 00:00 0 
7f83cee3c000-7f83cef3a000 rw-p 00000000 00:00 0 
7f83cef3a000-7f83cef3d000 ---p 00000000 00:00 0 
7f83cef3d000-7f83cf03b000 rw-p 00000000 00:00 0 
7f83cf03b000-7f83cf9fa000 r--p 00000000 08:01 28187229                   /usr/lib/locale/locale-archive
7f83cf9fa000-7f83cf9fd000 ---p 00000000 00:00 0 
7f83cf9fd000-7f83cfafb000 rw-p 00000000 00:00 0 
7f83cfafb000-7f83cfafe000 ---p 00000000 00:00 0 
7f83cfafe000-7f83cfbfc000 rw-p 00000000 00:00 0 
7f83cfbfc000-7f83cfbfd000 ---p 00000000 00:00 0 
7f83cfbfd000-7f83d0000000 rw-p 00000000 00:00 0 
7f83d0000000-7f83d0021000 rw-p 00000000 00:00 0 
7f83d0021000-7f83d4000000 ---p 00000000 00:00 0 
7f83d4000000-7f83d4004000 r--s 00000000 08:01 8266537                    /var/cache/fontconfig/7ef2298fde41cc6eeb7af42e48b7d293-le64.cache-6
7f83d4004000-7f83d4006000 r--s 00000000 08:01 8263961                    /var/cache/fontconfig/16326683038b281783a0ef8c680e3a10-le64.cache-6
7f83d4006000-7f83d4015000 r--p 00000000 08:01 524809                     /usr/share/locale-langpack/pt_BR/LC_MESSAGES/gtk20.mo
7f83d4015000-7f83d4028000 rw-s 1278fc000 00:06 513                       /dev/nvidiactl
7f83d4028000-7f83d4048000 rw-s e0100000 00:06 514                        /dev/nvidia0
7f83d4048000-7f83d4088000 rw-s c568d000 00:06 513                        /dev/nvidiactl
7f83d4088000-7f83d4c94000 rw-p 00000000 00:00 0 
7f83d4c94000-7f83d4e6d000 r--s 03d1f000 08:01 29760470                   /usr/lib/jvm/java-8-oracle/jre/lib/rt.jar
7f83d4e6d000-7f83d7680000 rw-p 00000000 00:00 0 
7f83d7680000-7f83d7681000 ---p 00000000 00:00 0 
7f83d7681000-7f83d7781000 rw-p 00000000 00:00 0 
7f83d7781000-7f83d7782000 ---p 00000000 00:00 0 
7f83d7782000-7f83d7882000 rw-p 00000000 00:00 0 
7f83d7882000-7f83d7883000 ---p 00000000 00:00 0 
7f83d7883000-7f83d7983000 rw-p 00000000 00:00 0 
7f83d7983000-7f83d7984000 ---p 00000000 00:00 0 
7f83d7984000-7f83d7a99000 rw-p 00000000 00:00 0 
7f83d7a99000-7f83d7bc6000 ---p 00000000 00:00 0 
7f83d7bc6000-7f83d7bdb000 rw-p 00000000 00:00 0 
7f83d7bdb000-7f83d7d08000 ---p 00000000 00:00 0 
7f83d7d08000-7f83d7d13000 rw-p 00000000 00:00 0 
7f83d7d13000-7f83d7da9000 ---p 00000000 00:00 0 
7f83d7da9000-7f83d7dc2000 rw-p 00000000 00:00 0 
7f83d7dc2000-7f83d816a000 ---p 00000000 00:00 0 
7f83d816a000-7f83d874a000 rwxp 00000000 00:00 0 
7f83d874a000-7f83e716a000 ---p 00000000 00:00 0 
7f83e716a000-7f83e7184000 r-xp 00000000 08:01 2883655                    /usr/lib/jvm/java-8-oracle/jre/lib/amd64/libzip.so
7f83e7184000-7f83e7384000 ---p 0001a000 08:01 2883655                    /usr/lib/jvm/java-8-oracle/jre/lib/amd64/libzip.so
7f83e7384000-7f83e7385000 rw-p 0001a000 08:01 2883655                    /usr/lib/jvm/java-8-oracle/jre/lib/amd64/libzip.so
7f83e7385000-7f83e7390000 r-xp 00000000 08:01 4854218                    /lib/x86_64-linux-gnu/libnss_files-2.23.so
7f83e7390000-7f83e758f000 ---p 0000b000 08:01 4854218                    /lib/x86_64-linux-gnu/libnss_files-2.23.so
7f83e758f000-7f83e7590000 r--p 0000a000 08:01 4854218                    /lib/x86_64-linux-gnu/libnss_files-2.23.so
7f83e7590000-7f83e7591000 rw-p 0000b000 08:01 4854218                    /lib/x86_64-linux-gnu/libnss_files-2.23.so
7f83e7591000-7f83e7597000 rw-p 00000000 00:00 0 
7f83e7597000-7f83e75a2000 r-xp 00000000 08:01 4854228                    /lib/x86_64-linux-gnu/libnss_nis-2.23.so
7f83e75a2000-7f83e77a1000 ---p 0000b000 08:01 4854228                    /lib/x86_64-linux-gnu/libnss_nis-2.23.so
7f83e77a1000-7f83e77a2000 r--p 0000a000 08:01 4854228                    /lib/x86_64-linux-gnu/libnss_nis-2.23.so
7f83e77a2000-7f83e77a3000 rw-p 0000b000 08:01 4854228                    /lib/x86_64-linux-gnu/libnss_nis-2.23.so
7f83e77a3000-7f83e77b9000 r-xp 00000000 08:01 4854212                    /lib/x86_64-linux-gnu/libnsl-2.23.so
7f83e77b9000-7f83e79b8000 ---p 00016000 08:01 4854212                    /lib/x86_64-linux-gnu/libnsl-2.23.so
7f83e79b8000-7f83e79b9000 r--p 00015000 08:01 4854212                    /lib/x86_64-linux-gnu/libnsl-2.23.so
7f83e79b9000-7f83e79ba000 rw-p 00016000 08:01 4854212                    /lib/x86_64-linux-gnu/libnsl-2.23.so
7f83e79ba000-7f83e79bc000 rw-p 00000000 00:00 0 
7f83e79bc000-7f83e79c4000 r-xp 00000000 08:01 4854214                    /lib/x86_64-linux-gnu/libnss_compat-2.23.so
7f83e79c4000-7f83e7bc3000 ---p 00008000 08:01 4854214                    /lib/x86_64-linux-gnu/libnss_compat-2.23.so
7f83e7bc3000-7f83e7bc4000 r--p 00007000 08:01 4854214                    /lib/x86_64-linux-gnu/libnss_compat-2.23.so
7f83e7bc4000-7f83e7bc5000 rw-p 00008000 08:01 4854214                    /lib/x86_64-linux-gnu/libnss_compat-2.23.so
7f83e7bc5000-7f83e7bef000 r-xp 00000000 08:01 2883650                    /usr/lib/jvm/java-8-oracle/jre/lib/amd64/libjava.so
7f83e7bef000-7f83e7def000 ---p 0002a000 08:01 2883650                    /usr/lib/jvm/java-8-oracle/jre/lib/amd64/libjava.so
7f83e7def000-7f83e7df1000 rw-p 0002a000 08:01 2883650                    /usr/lib/jvm/java-8-oracle/jre/lib/amd64/libjava.so
7f83e7df1000-7f83e7dfe000 r-xp 00000000 08:01 2883654                    /usr/lib/jvm/java-8-oracle/jre/lib/amd64/libverify.so
7f83e7dfe000-7f83e7ffe000 ---p 0000d000 08:01 2883654                    /usr/lib/jvm/java-8-oracle/jre/lib/amd64/libverify.so
7f83e7ffe000-7f83e8000000 rw-p 0000d000 08:01 2883654                    /usr/lib/jvm/java-8-oracle/jre/lib/amd64/libverify.so
7f83e8000000-7f83e84ec000 rw-p 00000000 00:00 0 
7f83e84ec000-7f83ec000000 ---p 00000000 00:00 0 
7f83ec000000-7f83ec001000 r--s 00000000 08:01 8257617                    /var/cache/fontconfig/0c9eb80ebd1c36541ebe2852d3bb0c49-le64.cache-6
7f83ec001000-7f83ec003000 rw-s 00000000 08:01 17563657                   /tmp/.glzCGxZ6 (deleted)
7f83ec003000-7f83ec007000 rw-s 10662c000 00:06 513                       /dev/nvidiactl
7f83ec007000-7f83ec027000 rw-s 95a84000 00:06 513                        /dev/nvidiactl
7f83ec027000-7f83ec067000 rw-s 35619000 00:06 513                        /dev/nvidiactl
7f83ec087000-7f83ec0d6000 rw-p 00000000 00:00 0 
7f83ec0d6000-7f83ec0dd000 r-xp 00000000 08:01 4854273                    /lib/x86_64-linux-gnu/librt-2.23.so
7f83ec0dd000-7f83ec2dc000 ---p 00007000 08:01 4854273                    /lib/x86_64-linux-gnu/librt-2.23.so
7f83ec2dc000-7f83ec2dd000 r--p 00006000 08:01 4854273                    /lib/x86_64-linux-gnu/librt-2.23.so
7f83ec2dd000-7f83ec2de000 rw-p 00007000 08:01 4854273                    /lib/x86_64-linux-gnu/librt-2.23.so
7f83ec2de000-7f83ec3e6000 r-xp 00000000 08:01 4854191                    /lib/x86_64-linux-gnu/libm-2.23.so
7f83ec3e6000-7f83ec5e5000 ---p 00108000 08:01 4854191                    /lib/x86_64-linux-gnu/libm-2.23.so
7f83ec5e5000-7f83ec5e6000 r--p 00107000 08:01 4854191                    /lib/x86_64-linux-gnu/libm-2.23.so
7f83ec5e6000-7f83ec5e7000 rw-p 00108000 08:01 4854191                    /lib/x86_64-linux-gnu/libm-2.23.so
7f83ec5e7000-7f83ed2a7000 r-xp 00000000 08:01 2883633                    /usr/lib/jvm/java-8-oracle/jre/lib/amd64/server/libjvm.so
7f83ed2a7000-7f83ed4a7000 ---p 00cc0000 08:01 2883633                    /usr/lib/jvm/java-8-oracle/jre/lib/amd64/server/libjvm.so
7f83ed4a7000-7f83ed57f000 rw-p 00cc0000 08:01 2883633                    /usr/lib/jvm/java-8-oracle/jre/lib/amd64/server/libjvm.so
7f83ed57f000-7f83ed5ca000 rw-p 00000000 00:00 0 
7f83ed5ca000-7f83ed78a000 r-xp 00000000 08:01 4854123                    /lib/x86_64-linux-gnu/libc-2.23.so
7f83ed78a000-7f83ed989000 ---p 001c0000 08:01 4854123                    /lib/x86_64-linux-gnu/libc-2.23.so
7f83ed989000-7f83ed98d000 r--p 001bf000 08:01 4854123                    /lib/x86_64-linux-gnu/libc-2.23.so
7f83ed98d000-7f83ed98f000 rw-p 001c3000 08:01 4854123                    /lib/x86_64-linux-gnu/libc-2.23.so
7f83ed98f000-7f83ed993000 rw-p 00000000 00:00 0 
7f83ed993000-7f83ed996000 r-xp 00000000 08:01 4854145                    /lib/x86_64-linux-gnu/libdl-2.23.so
7f83ed996000-7f83edb95000 ---p 00003000 08:01 4854145                    /lib/x86_64-linux-gnu/libdl-2.23.so
7f83edb95000-7f83edb96000 r--p 00002000 08:01 4854145                    /lib/x86_64-linux-gnu/libdl-2.23.so
7f83edb96000-7f83edb97000 rw-p 00003000 08:01 4854145                    /lib/x86_64-linux-gnu/libdl-2.23.so
7f83edb97000-7f83edbac000 r-xp 00000000 08:01 2883628                    /usr/lib/jvm/java-8-oracle/jre/lib/amd64/jli/libjli.so
7f83edbac000-7f83eddac000 ---p 00015000 08:01 2883628                    /usr/lib/jvm/java-8-oracle/jre/lib/amd64/jli/libjli.so
7f83eddac000-7f83eddad000 rw-p 00015000 08:01 2883628                    /usr/lib/jvm/java-8-oracle/jre/lib/amd64/jli/libjli.so
7f83eddad000-7f83eddc5000 r-xp 00000000 08:01 4854265                    /lib/x86_64-linux-gnu/libpthread-2.23.so
7f83eddc5000-7f83edfc4000 ---p 00018000 08:01 4854265                    /lib/x86_64-linux-gnu/libpthread-2.23.so
7f83edfc4000-7f83edfc5000 r--p 00017000 08:01 4854265                    /lib/x86_64-linux-gnu/libpthread-2.23.so
7f83edfc5000-7f83edfc6000 rw-p 00018000 08:01 4854265                    /lib/x86_64-linux-gnu/libpthread-2.23.so
7f83edfc6000-7f83edfca000 rw-p 00000000 00:00 0 
7f83edfca000-7f83edff0000 r-xp 00000000 08:01 4854095                    /lib/x86_64-linux-gnu/ld-2.23.so
7f83edff0000-7f83edff3000 r--p 00000000 08:01 524687                     /usr/share/locale-langpack/pt_BR/LC_MESSAGES/atk10.mo
7f83edff3000-7f83ee0c4000 rw-p 00000000 00:00 0 
7f83ee0c4000-7f83ee0c7000 ---p 00000000 00:00 0 
7f83ee0c7000-7f83ee1c9000 rw-p 00000000 00:00 0 
7f83ee1c9000-7f83ee1ca000 r--s 00000000 08:01 8258015                    /var/cache/fontconfig/e0aa53bcfa504e64f87823c16bc01eb6-le64.cache-6
7f83ee1ca000-7f83ee1cb000 rw-s 12783c000 00:06 513                       /dev/nvidiactl
7f83ee1cb000-7f83ee1cc000 rw-s efee4000 00:06 514                        /dev/nvidia0
7f83ee1cc000-7f83ee1cd000 rw-s efee4000 00:06 514                        /dev/nvidia0
7f83ee1cd000-7f83ee1ce000 rw-s 35854000 00:06 513                        /dev/nvidiactl
7f83ee1ce000-7f83ee1cf000 rw-s f6060000 00:06 514                        /dev/nvidia0
7f83ee1cf000-7f83ee1d0000 r--s 00002000 08:01 24118101                   /home/tenshou/NetBeansProjects/latenciaMemoria/simulador de latencia/dist/run925576876/simulador de latencia.jar
7f83ee1d0000-7f83ee1e3000 rw-p 00000000 00:00 0 
7f83ee1e3000-7f83ee1eb000 rw-s 00000000 08:01 21889319                   /tmp/hsperfdata_tenshou/9019
7f83ee1eb000-7f83ee1ec000 rw-p 00000000 00:00 0 
7f83ee1ec000-7f83ee1ed000 r--p 00000000 00:00 0 
7f83ee1ed000-7f83ee1ef000 rw-p 00000000 00:00 0 
7f83ee1ef000-7f83ee1f0000 r--p 00025000 08:01 4854095                    /lib/x86_64-linux-gnu/ld-2.23.so
7f83ee1f0000-7f83ee1f1000 rw-p 00026000 08:01 4854095                    /lib/x86_64-linux-gnu/ld-2.23.so
7f83ee1f1000-7f83ee1f2000 rw-p 00000000 00:00 0 
7ffd84f9b000-7ffd84fbc000 rw-p 00000000 00:00 0                          [stack]
7ffd84fec000-7ffd84fee000 r--p 00000000 00:00 0                          [vvar]
7ffd84fee000-7ffd84ff0000 r-xp 00000000 00:00 0                          [vdso]
ffffffffff600000-ffffffffff601000 r-xp 00000000 00:00 0                  [vsyscall]

VM Arguments:
jvm_args: -Dfile.encoding=UTF-8 
java_command: /home/tenshou/NetBeansProjects/latenciaMemoria/simulador de latencia/dist/run925576876/simulador de latencia.jar
java_class_path (initial): /home/tenshou/NetBeansProjects/latenciaMemoria/simulador de latencia/dist/run925576876/simulador de latencia.jar
Launcher Type: SUN_STANDARD

Environment Variables:
JAVA_HOME=/usr/lib/jvm/java-8-oracle
PATH=/usr/local/sbin:/usr/local/bin:/usr/sbin:/usr/bin:/sbin:/bin:/usr/games:/usr/local/games:/snap/bin:/usr/lib/jvm/java-8-oracle/bin:/usr/lib/jvm/java-8-oracle/db/bin:/usr/lib/jvm/java-8-oracle/jre/bin
LD_LIBRARY_PATH=/usr/lib/jvm/java-8-oracle/jre/lib/amd64:/usr/lib/jvm/java-8-oracle/jre/lib/i386:
SHELL=/bin/bash
DISPLAY=:0

Signal Handlers:
SIGSEGV: [libjvm.so+0xabca10], sa_mask[0]=11111111011111111101111111111110, sa_flags=SA_RESTART|SA_SIGINFO
SIGBUS: [libjvm.so+0xabca10], sa_mask[0]=11111111011111111101111111111110, sa_flags=SA_RESTART|SA_SIGINFO
SIGFPE: [libjvm.so+0x919a20], sa_mask[0]=11111111011111111101111111111110, sa_flags=SA_RESTART|SA_SIGINFO
SIGPIPE: SIG_IGN, sa_mask[0]=00000000000010000000000000000000, sa_flags=SA_RESTART
SIGXFSZ: [libjvm.so+0x919a20], sa_mask[0]=11111111011111111101111111111110, sa_flags=SA_RESTART|SA_SIGINFO
SIGILL: [libjvm.so+0x919a20], sa_mask[0]=11111111011111111101111111111110, sa_flags=SA_RESTART|SA_SIGINFO
SIGUSR1: SIG_DFL, sa_mask[0]=00000000000000000000000000000000, sa_flags=none
SIGUSR2: [libjvm.so+0x91b050], sa_mask[0]=00100000000000000000000000000000, sa_flags=SA_RESTART|SA_SIGINFO
SIGHUP: [libjvm.so+0x91c450], sa_mask[0]=11111111011111111101111111111110, sa_flags=SA_RESTART|SA_SIGINFO
SIGINT: SIG_IGN, sa_mask[0]=00000000000000000000000000000000, sa_flags=none
SIGTERM: [libjvm.so+0x91c450], sa_mask[0]=11111111011111111101111111111110, sa_flags=SA_RESTART|SA_SIGINFO
SIGQUIT: [libjvm.so+0x91c450], sa_mask[0]=11111111011111111101111111111110, sa_flags=SA_RESTART|SA_SIGINFO


---------------  S Y S T E M  ---------------

OS:DISTRIB_ID=Ubuntu
DISTRIB_RELEASE=16.04
DISTRIB_CODENAME=xenial
DISTRIB_DESCRIPTION="Ubuntu 16.04 LTS"

uname:Linux 4.4.0-22-generic #39-Ubuntu SMP Thu May 5 16:53:32 UTC 2016 x86_64
libc:glibc 2.23 NPTL 2.23 
rlimit: STACK 8192k, CORE 0k, NPROC 15307, NOFILE 65536, AS infinity
load average:0,60 0,84 0,94

/proc/meminfo:
MemTotal:        3956684 kB
MemFree:          381156 kB
MemAvailable:     815024 kB
Buffers:           23112 kB
Cached:           623176 kB
SwapCached:         8476 kB
Active:          2306312 kB
Inactive:         997344 kB
Active(anon):    2078404 kB
Inactive(anon):   819428 kB
Active(file):     227908 kB
Inactive(file):   177916 kB
Unevictable:         244 kB
Mlocked:             244 kB
SwapTotal:       4102140 kB
SwapFree:        4012156 kB
Dirty:              2976 kB
Writeback:             0 kB
AnonPages:       2650052 kB
Mapped:           433724 kB
Shmem:            240464 kB
Slab:             100256 kB
SReclaimable:      57444 kB
SUnreclaim:        42812 kB
KernelStack:        9632 kB
PageTables:        47060 kB
NFS_Unstable:          0 kB
Bounce:                0 kB
WritebackTmp:          0 kB
CommitLimit:     6080480 kB
Committed_AS:    7242544 kB
VmallocTotal:   34359738367 kB
VmallocUsed:           0 kB
VmallocChunk:          0 kB
HardwareCorrupted:     0 kB
AnonHugePages:   1044480 kB
CmaTotal:              0 kB
CmaFree:               0 kB
HugePages_Total:       0
HugePages_Free:        0
HugePages_Rsvd:        0
HugePages_Surp:        0
Hugepagesize:       2048 kB
DirectMap4k:      293140 kB
DirectMap2M:     3811328 kB
DirectMap1G:           0 kB


CPU:total 4 (2 cores per cpu, 2 threads per core) family 6 model 61 stepping 4, cmov, cx8, fxsr, mmx, sse, sse2, sse3, ssse3, sse4.1, sse4.2, popcnt, avx, avx2, aes, clmul, erms, 3dnowpref, lzcnt, ht, tsc, tscinvbit, bmi1, bmi2, adx

/proc/cpuinfo:
processor	: 0
vendor_id	: GenuineIntel
cpu family	: 6
model		: 61
model name	: Intel(R) Core(TM) i5-5200U CPU @ 2.20GHz
stepping	: 4
microcode	: 0x22
cpu MHz		: 1897.929
cache size	: 3072 KB
physical id	: 0
siblings	: 4
core id		: 0
cpu cores	: 2
apicid		: 0
initial apicid	: 0
fpu		: yes
fpu_exception	: yes
cpuid level	: 20
wp		: yes
flags		: fpu vme de pse tsc msr pae mce cx8 apic sep mtrr pge mca cmov pat pse36 clflush dts acpi mmx fxsr sse sse2 ss ht tm pbe syscall nx pdpe1gb rdtscp lm constant_tsc arch_perfmon pebs bts rep_good nopl xtopology nonstop_tsc aperfmperf eagerfpu pni pclmulqdq dtes64 monitor ds_cpl vmx est tm2 ssse3 sdbg fma cx16 xtpr pdcm pcid sse4_1 sse4_2 x2apic movbe popcnt tsc_deadline_timer aes xsave avx f16c rdrand lahf_lm abm 3dnowprefetch epb intel_pt tpr_shadow vnmi flexpriority ept vpid fsgsbase tsc_adjust bmi1 avx2 smep bmi2 erms invpcid rdseed adx smap xsaveopt dtherm ida arat pln pts
bugs		:
bogomips	: 4389.92
clflush size	: 64
cache_alignment	: 64
address sizes	: 39 bits physical, 48 bits virtual
power management:

processor	: 1
vendor_id	: GenuineIntel
cpu family	: 6
model		: 61
model name	: Intel(R) Core(TM) i5-5200U CPU @ 2.20GHz
stepping	: 4
microcode	: 0x22
cpu MHz		: 2005.179
cache size	: 3072 KB
physical id	: 0
siblings	: 4
core id		: 1
cpu cores	: 2
apicid		: 2
initial apicid	: 2
fpu		: yes
fpu_exception	: yes
cpuid level	: 20
wp		: yes
flags		: fpu vme de pse tsc msr pae mce cx8 apic sep mtrr pge mca cmov pat pse36 clflush dts acpi mmx fxsr sse sse2 ss ht tm pbe syscall nx pdpe1gb rdtscp lm constant_tsc arch_perfmon pebs bts rep_good nopl xtopology nonstop_tsc aperfmperf eagerfpu pni pclmulqdq dtes64 monitor ds_cpl vmx est tm2 ssse3 sdbg fma cx16 xtpr pdcm pcid sse4_1 sse4_2 x2apic movbe popcnt tsc_deadline_timer aes xsave avx f16c rdrand lahf_lm abm 3dnowprefetch epb intel_pt tpr_shadow vnmi flexpriority ept vpid fsgsbase tsc_adjust bmi1 avx2 smep bmi2 erms invpcid rdseed adx smap xsaveopt dtherm ida arat pln pts
bugs		:
bogomips	: 4389.92
clflush size	: 64
cache_alignment	: 64
address sizes	: 39 bits physical, 48 bits virtual
power management:

processor	: 2
vendor_id	: GenuineIntel
cpu family	: 6
model		: 61
model name	: Intel(R) Core(TM) i5-5200U CPU @ 2.20GHz
stepping	: 4
microcode	: 0x22
cpu MHz		: 1689.960
cache size	: 3072 KB
physical id	: 0
siblings	: 4
core id		: 0
cpu cores	: 2
apicid		: 1
initial apicid	: 1
fpu		: yes
fpu_exception	: yes
cpuid level	: 20
wp		: yes
flags		: fpu vme de pse tsc msr pae mce cx8 apic sep mtrr pge mca cmov pat pse36 clflush dts acpi mmx fxsr sse sse2 ss ht tm pbe syscall nx pdpe1gb rdtscp lm constant_tsc arch_perfmon pebs bts rep_good nopl xtopology nonstop_tsc aperfmperf eagerfpu pni pclmulqdq dtes64 monitor ds_cpl vmx est tm2 ssse3 sdbg fma cx16 xtpr pdcm pcid sse4_1 sse4_2 x2apic movbe popcnt tsc_deadline_timer aes xsave avx f16c rdrand lahf_lm abm 3dnowprefetch epb intel_pt tpr_shadow vnmi flexpriority ept vpid fsgsbase tsc_adjust bmi1 avx2 smep bmi2 erms invpcid rdseed adx smap xsaveopt dtherm ida arat pln pts
bugs		:
bogomips	: 4389.92
clflush size	: 64
cache_alignment	: 64
address sizes	: 39 bits physical, 48 bits virtual
power management:

processor	: 3
vendor_id	: GenuineIntel
cpu family	: 6
model		: 61
model name	: Intel(R) Core(TM) i5-5200U CPU @ 2.20GHz
stepping	: 4
microcode	: 0x22
cpu MHz		: 1999.164
cache size	: 3072 KB
physical id	: 0
siblings	: 4
core id		: 1
cpu cores	: 2
apicid		: 3
initial apicid	: 3
fpu		: yes
fpu_exception	: yes
cpuid level	: 20
wp		: yes
flags		: fpu vme de pse tsc msr pae mce cx8 apic sep mtrr pge mca cmov pat pse36 clflush dts acpi mmx fxsr sse sse2 ss ht tm pbe syscall nx pdpe1gb rdtscp lm constant_tsc arch_perfmon pebs bts rep_good nopl xtopology nonstop_tsc aperfmperf eagerfpu pni pclmulqdq dtes64 monitor ds_cpl vmx est tm2 ssse3 sdbg fma cx16 xtpr pdcm pcid sse4_1 sse4_2 x2apic movbe popcnt tsc_deadline_timer aes xsave avx f16c rdrand lahf_lm abm 3dnowprefetch epb intel_pt tpr_shadow vnmi flexpriority ept vpid fsgsbase tsc_adjust bmi1 avx2 smep bmi2 erms invpcid rdseed adx smap xsaveopt dtherm ida arat pln pts
bugs		:
bogomips	: 4389.92
clflush size	: 64
cache_alignment	: 64
address sizes	: 39 bits physical, 48 bits virtual
power management:



Memory: 4k page, physical 3956684k(381156k free), swap 4102140k(4012156k free)

vm_info: Java HotSpot(TM) 64-Bit Server VM (25.91-b14) for linux-amd64 JRE (1.8.0_91-b14), built on Apr  1 2016 00:57:21 by "java_re" with gcc 4.3.0 20080428 (Red Hat 4.3.0-8)

time: Thu May 19 19:08:52 2016
elapsed time: 13 seconds (0d 0h 0m 13s)

